[0.029s] Invoking command in '/home/manasvi3/ros2_ws/build/aqua_robot_gazebo': CMAKE_PREFIX_PATH=/opt/ros/humble /usr/bin/cmake --build /home/manasvi3/ros2_ws/build/aqua_robot_gazebo -- -j14 -l14
[0.214s] Invoked command in '/home/manasvi3/ros2_ws/build/aqua_robot_gazebo' returned '0': CMAKE_PREFIX_PATH=/opt/ros/humble /usr/bin/cmake --build /home/manasvi3/ros2_ws/build/aqua_robot_gazebo -- -j14 -l14
[0.247s] Invoking command in '/home/manasvi3/ros2_ws/build/aqua_robot_gazebo': CMAKE_PREFIX_PATH=/opt/ros/humble /usr/bin/cmake --install /home/manasvi3/ros2_ws/build/aqua_robot_gazebo
[0.261s] -- Install configuration: ""
[0.268s] -- Up-to-date: /home/manasvi3/ros2_ws/install/aqua_robot_gazebo/share/aqua_robot_gazebo/worlds
[0.269s] -- Up-to-date: /home/manasvi3/ros2_ws/install/aqua_robot_gazebo/share/aqua_robot_gazebo/worlds/lake_waste.world.save
[0.269s] -- Up-to-date: /home/manasvi3/ros2_ws/install/aqua_robot_gazebo/share/aqua_robot_gazebo/worlds/lake_waste.world
[0.270s] -- Up-to-date: /home/manasvi3/ros2_ws/install/aqua_robot_gazebo/share/aqua_robot_gazebo/worlds/lake_waste.world.backup
[0.270s] -- Up-to-date: /home/manasvi3/ros2_ws/install/aqua_robot_gazebo/share/aqua_robot_gazebo/urdf
[0.271s] -- Up-to-date: /home/manasvi3/ros2_ws/install/aqua_robot_gazebo/share/aqua_robot_gazebo/urdf/aqua_robot.urdf
[0.271s] -- Up-to-date: /home/manasvi3/ros2_ws/install/aqua_robot_gazebo/share/aqua_robot_gazebo/launch
[0.271s] -- Up-to-date: /home/manasvi3/ros2_ws/install/aqua_robot_gazebo/share/aqua_robot_gazebo/launch/lake_simulation.launch.py
[0.271s] -- Up-to-date: /home/manasvi3/ros2_ws/install/aqua_robot_gazebo/share/aqua_robot_gazebo/launch/lake_simulation.launch.py.save
[0.271s] -- Up-to-date: /home/manasvi3/ros2_ws/install/aqua_robot_gazebo/share/aqua_robot_gazebo/config
[0.272s] -- Up-to-date: /home/manasvi3/ros2_ws/install/aqua_robot_gazebo/share/aqua_robot_gazebo/config/aqua_robot.rviz
[0.273s] -- Up-to-date: /home/manasvi3/ros2_ws/install/aqua_robot_gazebo/share/aqua_robot_gazebo/launch/lake_simulation.launch.py
[0.274s] -- Up-to-date: /home/manasvi3/ros2_ws/install/aqua_robot_gazebo/share/ament_index/resource_index/package_run_dependencies/aqua_robot_gazebo
[0.275s] -- Up-to-date: /home/manasvi3/ros2_ws/install/aqua_robot_gazebo/share/ament_index/resource_index/parent_prefix_path/aqua_robot_gazebo
[0.275s] -- Up-to-date: /home/manasvi3/ros2_ws/install/aqua_robot_gazebo/share/aqua_robot_gazebo/environment/ament_prefix_path.sh
[0.276s] -- Up-to-date: /home/manasvi3/ros2_ws/install/aqua_robot_gazebo/share/aqua_robot_gazebo/environment/ament_prefix_path.dsv
[0.276s] -- Up-to-date: /home/manasvi3/ros2_ws/install/aqua_robot_gazebo/share/aqua_robot_gazebo/environment/path.sh
[0.276s] -- Up-to-date: /home/manasvi3/ros2_ws/install/aqua_robot_gazebo/share/aqua_robot_gazebo/environment/path.dsv
[0.276s] -- Up-to-date: /home/manasvi3/ros2_ws/install/aqua_robot_gazebo/share/aqua_robot_gazebo/local_setup.bash
[0.276s] -- Up-to-date: /home/manasvi3/ros2_ws/install/aqua_robot_gazebo/share/aqua_robot_gazebo/local_setup.sh
[0.276s] -- Up-to-date: /home/manasvi3/ros2_ws/install/aqua_robot_gazebo/share/aqua_robot_gazebo/local_setup.zsh
[0.276s] -- Up-to-date: /home/manasvi3/ros2_ws/install/aqua_robot_gazebo/share/aqua_robot_gazebo/local_setup.dsv
[0.276s] -- Installing: /home/manasvi3/ros2_ws/install/aqua_robot_gazebo/share/aqua_robot_gazebo/package.dsv
[0.277s] -- Up-to-date: /home/manasvi3/ros2_ws/install/aqua_robot_gazebo/share/ament_index/resource_index/packages/aqua_robot_gazebo
[0.278s] -- Up-to-date: /home/manasvi3/ros2_ws/install/aqua_robot_gazebo/share/aqua_robot_gazebo/cmake/aqua_robot_gazeboConfig.cmake
[0.278s] -- Up-to-date: /home/manasvi3/ros2_ws/install/aqua_robot_gazebo/share/aqua_robot_gazebo/cmake/aqua_robot_gazeboConfig-version.cmake
[0.278s] -- Up-to-date: /home/manasvi3/ros2_ws/install/aqua_robot_gazebo/share/aqua_robot_gazebo/package.xml
[0.282s] Invoked command in '/home/manasvi3/ros2_ws/build/aqua_robot_gazebo' returned '0': CMAKE_PREFIX_PATH=/opt/ros/humble /usr/bin/cmake --install /home/manasvi3/ros2_ws/build/aqua_robot_gazebo
