[0.050s] Invoking command in '/home/manasvi3/ros2_ws/build/my_robot_description': CMAKE_PREFIX_PATH=${CMAKE_PREFIX_PATH}:/opt/ros/humble /usr/bin/cmake --build /home/manasvi3/ros2_ws/build/my_robot_description -- -j14 -l14
[0.283s] Invoked command in '/home/manasvi3/ros2_ws/build/my_robot_description' returned '0': CMAKE_PREFIX_PATH=${CMAKE_PREFIX_PATH}:/opt/ros/humble /usr/bin/cmake --build /home/manasvi3/ros2_ws/build/my_robot_description -- -j14 -l14
[0.291s] Invoking command in '/home/manasvi3/ros2_ws/build/my_robot_description': CMAKE_PREFIX_PATH=${CMAKE_PREFIX_PATH}:/opt/ros/humble /usr/bin/cmake --install /home/manasvi3/ros2_ws/build/my_robot_description
[0.319s] -- Install configuration: ""
[0.319s] -- Execute custom install script
[0.324s] -- Up-to-date symlink: /home/manasvi3/ros2_ws/install/my_robot_description/share/ament_index/resource_index/package_run_dependencies/my_robot_description
[0.326s] -- Up-to-date symlink: /home/manasvi3/ros2_ws/install/my_robot_description/share/ament_index/resource_index/parent_prefix_path/my_robot_description
[0.328s] -- Up-to-date symlink: /home/manasvi3/ros2_ws/install/my_robot_description/share/my_robot_description/environment/ament_prefix_path.sh
[0.328s] -- Up-to-date symlink: /home/manasvi3/ros2_ws/install/my_robot_description/share/my_robot_description/environment/ament_prefix_path.dsv
[0.329s] -- Up-to-date symlink: /home/manasvi3/ros2_ws/install/my_robot_description/share/my_robot_description/environment/path.sh
[0.332s] -- Up-to-date symlink: /home/manasvi3/ros2_ws/install/my_robot_description/share/my_robot_description/environment/path.dsv
[0.333s] -- Up-to-date symlink: /home/manasvi3/ros2_ws/install/my_robot_description/share/my_robot_description/local_setup.bash
[0.333s] -- Up-to-date symlink: /home/manasvi3/ros2_ws/install/my_robot_description/share/my_robot_description/local_setup.sh
[0.333s] -- Up-to-date symlink: /home/manasvi3/ros2_ws/install/my_robot_description/share/my_robot_description/local_setup.zsh
[0.334s] -- Up-to-date symlink: /home/manasvi3/ros2_ws/install/my_robot_description/share/my_robot_description/local_setup.dsv
[0.334s] -- Symlinking: /home/manasvi3/ros2_ws/install/my_robot_description/share/my_robot_description/package.dsv
[0.348s] -- Up-to-date symlink: /home/manasvi3/ros2_ws/install/my_robot_description/share/ament_index/resource_index/packages/my_robot_description
[0.350s] -- Up-to-date symlink: /home/manasvi3/ros2_ws/install/my_robot_description/share/my_robot_description/cmake/my_robot_descriptionConfig.cmake
[0.351s] -- Up-to-date symlink: /home/manasvi3/ros2_ws/install/my_robot_description/share/my_robot_description/cmake/my_robot_descriptionConfig-version.cmake
[0.351s] -- Up-to-date symlink: /home/manasvi3/ros2_ws/install/my_robot_description/share/my_robot_description/package.xml
[0.355s] -- Up-to-date symlink: /home/manasvi3/ros2_ws/install/my_robot_description/share/my_robot_description/urdf/my_robot.urdf.xacro
[0.356s] -- Up-to-date symlink: /home/manasvi3/ros2_ws/install/my_robot_description/share/my_robot_description/launch/display.launch.py
[0.356s] -- Up-to-date symlink: /home/manasvi3/ros2_ws/install/my_robot_description/share/my_robot_description/launch/gazebo.launch.py
[0.441s] Invoked command in '/home/manasvi3/ros2_ws/build/my_robot_description' returned '0': CMAKE_PREFIX_PATH=${CMAKE_PREFIX_PATH}:/opt/ros/humble /usr/bin/cmake --install /home/manasvi3/ros2_ws/build/my_robot_description
