[0.024s] Invoking command in '/home/manasvi3/ros2_ws/build/aqua_robot_gazebo': CMAKE_PREFIX_PATH=${CMAKE_PREFIX_PATH}:/opt/ros/humble /usr/bin/cmake --build /home/manasvi3/ros2_ws/build/aqua_robot_gazebo -- -j14 -l14
[0.091s] -- Found ament_cmake: 1.3.14 (/opt/ros/humble/share/ament_cmake/cmake)
[0.235s] -- Found rclcpp: 16.0.19 (/opt/ros/humble/share/rclcpp/cmake)
[0.383s] -- Found rosidl_generator_c: 3.1.8 (/opt/ros/humble/share/rosidl_generator_c/cmake)
[0.385s] -- Found rosidl_adapter: 3.1.8 (/opt/ros/humble/share/rosidl_adapter/cmake)
[0.393s] -- Found rosidl_generator_cpp: 3.1.8 (/opt/ros/humble/share/rosidl_generator_cpp/cmake)
[0.404s] -- Using all available rosidl_typesupport_c: rosidl_typesupport_fastrtps_c;rosidl_typesupport_introspection_c
[0.416s] -- Using all available rosidl_typesupport_cpp: rosidl_typesupport_fastrtps_cpp;rosidl_typesupport_introspection_cpp
[0.455s] -- Found rmw_implementation_cmake: 6.1.2 (/opt/ros/humble/share/rmw_implementation_cmake/cmake)
[0.457s] -- Found rmw_fastrtps_cpp: 6.2.10 (/opt/ros/humble/share/rmw_fastrtps_cpp/cmake)
[6.433s] -- Using RMW implementation 'rmw_fastrtps_cpp' as default
[6.487s] -- Found gazebo_ros: 3.9.0 (/opt/ros/humble/share/gazebo_ros/cmake)
[6.519s] -- Found DART: /usr/include (Required is at least version "6.6") found components: dart 
[6.554s] -- Found Protobuf: /usr/lib/x86_64-linux-gnu/libprotobuf.so (found version "3.12.4") 
[6.557s] -- Looking for ignition-math6 -- found version 6.15.1
[6.563s] -- Searching for dependencies of ignition-math6
[6.565s] -- Looking for OGRE...
[6.570s] -- Found Ogre Ghadamon (1.9.0)
[6.571s] -- Found OGRE: optimized;/usr/lib/x86_64-linux-gnu/libOgreMain.so;debug;/usr/lib/x86_64-linux-gnu/libOgreMain.so
[6.579s] -- Looking for OGRE_Paging...
[6.580s] -- Found OGRE_Paging: optimized;/usr/lib/x86_64-linux-gnu/libOgrePaging.so;debug;/usr/lib/x86_64-linux-gnu/libOgrePaging.so
[6.586s] -- Looking for OGRE_Terrain...
[6.588s] -- Found OGRE_Terrain: optimized;/usr/lib/x86_64-linux-gnu/libOgreTerrain.so;debug;/usr/lib/x86_64-linux-gnu/libOgreTerrain.so
[6.588s] -- Looking for OGRE_Property...
[6.588s] -- Found OGRE_Property: optimized;/usr/lib/x86_64-linux-gnu/libOgreProperty.so;debug;/usr/lib/x86_64-linux-gnu/libOgreProperty.so
[6.588s] -- Looking for OGRE_RTShaderSystem...
[6.588s] -- Found OGRE_RTShaderSystem: optimized;/usr/lib/x86_64-linux-gnu/libOgreRTShaderSystem.so;debug;/usr/lib/x86_64-linux-gnu/libOgreRTShaderSystem.so
[6.588s] -- Looking for OGRE_Volume...
[6.588s] -- Found OGRE_Volume: optimized;/usr/lib/x86_64-linux-gnu/libOgreVolume.so;debug;/usr/lib/x86_64-linux-gnu/libOgreVolume.so
[6.588s] -- Looking for OGRE_Overlay...
[6.588s] -- Found OGRE_Overlay: optimized;/usr/lib/x86_64-linux-gnu/libOgreOverlay.so;debug;/usr/lib/x86_64-linux-gnu/libOgreOverlay.so
[20.389s] -- Looking for ignition-math6 -- found version 6.15.1
[20.390s] -- Looking for ignition-transport8 -- found version 8.2.1
[20.390s] -- Searching for dependencies of ignition-transport8
[21.267s] -- Found Protobuf: /usr/lib/x86_64-linux-gnu/libprotobuf.so (found suitable version "3.12.4", minimum required is "3") 
[22.221s] -- Config-file not installed for ZeroMQ -- checking for pkg-config
[22.224s] -- Checking for module 'libzmq >= 4'
[22.237s] --   Found libzmq , version 4.3.4
[22.262s] -- Checking for module 'uuid'
[22.270s] --   Found uuid, version 2.37.2
[22.289s] -- Looking for ignition-msgs5 -- found version 5.8.1
[22.289s] -- Searching for dependencies of ignition-msgs5
[23.164s] -- Looking for ignition-math6 -- found version 6.15.1
[23.168s] -- Checking for module 'tinyxml2'
[23.176s] --   Found tinyxml2, version 9.0.0
[23.195s] -- Looking for ignition-msgs5 -- found version 5.8.1
[23.196s] -- Looking for ignition-common3 -- found version 3.14.0
[23.196s] -- Searching for dependencies of ignition-common3
[23.196s] -- Looking for dlfcn.h - found
[23.196s] -- Looking for libdl - found
[23.269s] -- Searching for <ignition-common3> component [graphics]
[23.269s] -- Looking for ignition-common3-graphics -- found version 3.14.0
[23.270s] -- Searching for dependencies of ignition-common3-graphics
[23.270s] -- Looking for ignition-math6 -- found version 6.15.1
[23.272s] -- Looking for ignition-fuel_tools4 -- found version 4.4.0
[23.272s] -- Searching for dependencies of ignition-fuel_tools4
[24.364s] -- Checking for module 'jsoncpp'
[24.372s] --   Found jsoncpp, version 1.9.5
[24.393s] -- Checking for module 'libzip'
[24.401s] --   Found libzip, version 1.7.3
[24.419s] -- Looking for ignition-common3 -- found version 3.14.0
[24.419s] -- Looking for ignition-math6 -- found version 6.15.1
[24.420s] -- Looking for ignition-msgs5 -- found version 5.8.1
[24.423s] -- Gazebo version: 11.10
[24.424s] -- Found ament_lint_auto: 0.12.15 (/opt/ros/humble/share/ament_lint_auto/cmake)
[24.496s] -- Added test 'copyright' to check source files copyright and LICENSE
[24.503s] -- Added test 'flake8' to check Python code syntax and style conventions
[24.504s] -- Added test 'lint_cmake' to check CMake code style
[24.505s] -- Added test 'pep257' to check Python code against some of the docstring style conventions in PEP 257
[24.507s] -- Added test 'xmllint' to check XML markup files
[24.514s] -- Configuring done
[24.525s] -- Generating done
[24.528s] -- Build files have been written to: /home/manasvi3/ros2_ws/build/aqua_robot_gazebo
[24.551s] Invoked command in '/home/manasvi3/ros2_ws/build/aqua_robot_gazebo' returned '0': CMAKE_PREFIX_PATH=${CMAKE_PREFIX_PATH}:/opt/ros/humble /usr/bin/cmake --build /home/manasvi3/ros2_ws/build/aqua_robot_gazebo -- -j14 -l14
[24.552s] Invoking command in '/home/manasvi3/ros2_ws/build/aqua_robot_gazebo': CMAKE_PREFIX_PATH=${CMAKE_PREFIX_PATH}:/opt/ros/humble /usr/bin/cmake --install /home/manasvi3/ros2_ws/build/aqua_robot_gazebo
[24.559s] -- Install configuration: ""
[24.559s] -- Up-to-date: /home/manasvi3/ros2_ws/install/aqua_robot_gazebo/share/aqua_robot_gazebo/worlds
[24.559s] -- Up-to-date: /home/manasvi3/ros2_ws/install/aqua_robot_gazebo/share/aqua_robot_gazebo/worlds/lake_waste.world.save
[24.559s] -- Up-to-date: /home/manasvi3/ros2_ws/install/aqua_robot_gazebo/share/aqua_robot_gazebo/worlds/lake_waste.world
[24.559s] -- Up-to-date: /home/manasvi3/ros2_ws/install/aqua_robot_gazebo/share/aqua_robot_gazebo/worlds/lake_waste.world.backup
[24.559s] -- Up-to-date: /home/manasvi3/ros2_ws/install/aqua_robot_gazebo/share/aqua_robot_gazebo/urdf
[24.560s] -- Up-to-date: /home/manasvi3/ros2_ws/install/aqua_robot_gazebo/share/aqua_robot_gazebo/urdf/aqua_robot_backup.urdf
[24.560s] -- Up-to-date: /home/manasvi3/ros2_ws/install/aqua_robot_gazebo/share/aqua_robot_gazebo/urdf/aqua_robot.urdf
[24.560s] -- Up-to-date: /home/manasvi3/ros2_ws/install/aqua_robot_gazebo/share/aqua_robot_gazebo/urdf/aqua_robot_multi.urdf.xacro
[24.560s] -- Up-to-date: /home/manasvi3/ros2_ws/install/aqua_robot_gazebo/share/aqua_robot_gazebo/launch
[24.561s] -- Up-to-date: /home/manasvi3/ros2_ws/install/aqua_robot_gazebo/share/aqua_robot_gazebo/launch/lake_simulation.launch.py
[24.561s] -- Up-to-date: /home/manasvi3/ros2_ws/install/aqua_robot_gazebo/share/aqua_robot_gazebo/launch/lake_simulation_asv.launch.py
[24.561s] -- Up-to-date: /home/manasvi3/ros2_ws/install/aqua_robot_gazebo/share/aqua_robot_gazebo/launch/spawn_robot.launch.py
[24.561s] -- Up-to-date: /home/manasvi3/ros2_ws/install/aqua_robot_gazebo/share/aqua_robot_gazebo/launch/multi_robot.launch.py
[24.561s] -- Up-to-date: /home/manasvi3/ros2_ws/install/aqua_robot_gazebo/share/aqua_robot_gazebo/launch/__pycache__
[24.561s] -- Up-to-date: /home/manasvi3/ros2_ws/install/aqua_robot_gazebo/share/aqua_robot_gazebo/launch/__pycache__/spawn_robot.launch.cpython-310.pyc
[24.561s] -- Up-to-date: /home/manasvi3/ros2_ws/install/aqua_robot_gazebo/share/aqua_robot_gazebo/launch/single_robot.launch.py
[24.561s] -- Up-to-date: /home/manasvi3/ros2_ws/install/aqua_robot_gazebo/share/aqua_robot_gazebo/launch/lake_simulation.launch.py.save
[24.562s] -- Up-to-date: /home/manasvi3/ros2_ws/install/aqua_robot_gazebo/share/aqua_robot_gazebo/config
[24.562s] -- Up-to-date: /home/manasvi3/ros2_ws/install/aqua_robot_gazebo/share/aqua_robot_gazebo/config/aqua_robot.rviz
[24.562s] -- Up-to-date: /home/manasvi3/ros2_ws/install/aqua_robot_gazebo/share/aqua_robot_gazebo/launch/lake_simulation.launch.py
[24.562s] [31mCMake Error at cmake_install.cmake:56 (file):
[24.562s]   file INSTALL cannot find
[24.562s]   "/home/manasvi3/ros2_ws/src/aqua_robot_gazebo/launch/multi_robot_safe.launch.py":
[24.562s]   No such file or directory.
[24.562s] 
[24.562s] [0m
[24.563s] Invoked command in '/home/manasvi3/ros2_ws/build/aqua_robot_gazebo' returned '1': CMAKE_PREFIX_PATH=${CMAKE_PREFIX_PATH}:/opt/ros/humble /usr/bin/cmake --install /home/manasvi3/ros2_ws/build/aqua_robot_gazebo
