[0.056s] Invoking command in '/home/manasvi3/ros2_ws/build/ros2_fundamentals_examples': CMAKE_PREFIX_PATH=/opt/ros/humble /usr/bin/cmake /home/manasvi3/ros2_ws/src/ros2_fundamentals_examples -DCMAKE_INSTALL_PREFIX=/home/manasvi3/ros2_ws/install/ros2_fundamentals_examples
[0.099s] -- Found ament_cmake: 1.3.14 (/opt/ros/humble/share/ament_cmake/cmake)
[0.376s] -- Override CMake install command with custom implementation using symlinks instead of copying resources
[0.418s] -- Found ament_lint_auto: 0.12.15 (/opt/ros/humble/share/ament_lint_auto/cmake)
[0.551s] -- Added test 'lint_cmake' to check CMake code style
[0.555s] -- Added test 'xmllint' to check XML markup files
[0.560s] -- Configuring done
[0.576s] -- Generating done
[0.582s] -- Build files have been written to: /home/manasvi3/ros2_ws/build/ros2_fundamentals_examples
[0.595s] Invoked command in '/home/manasvi3/ros2_ws/build/ros2_fundamentals_examples' returned '0': CMAKE_PREFIX_PATH=/opt/ros/humble /usr/bin/cmake /home/manasvi3/ros2_ws/src/ros2_fundamentals_examples -DCMAKE_INSTALL_PREFIX=/home/manasvi3/ros2_ws/install/ros2_fundamentals_examples
[0.596s] Invoking command in '/home/manasvi3/ros2_ws/build/ros2_fundamentals_examples': CMAKE_PREFIX_PATH=/opt/ros/humble /usr/bin/cmake --build /home/manasvi3/ros2_ws/build/ros2_fundamentals_examples -- -j14 -l14
[0.658s] Invoked command in '/home/manasvi3/ros2_ws/build/ros2_fundamentals_examples' returned '0': CMAKE_PREFIX_PATH=/opt/ros/humble /usr/bin/cmake --build /home/manasvi3/ros2_ws/build/ros2_fundamentals_examples -- -j14 -l14
[0.661s] Invoking command in '/home/manasvi3/ros2_ws/build/ros2_fundamentals_examples': CMAKE_PREFIX_PATH=/opt/ros/humble /usr/bin/cmake --install /home/manasvi3/ros2_ws/build/ros2_fundamentals_examples
[0.672s] -- Install configuration: ""
[0.673s] -- Execute custom install script
[0.674s] -- Up-to-date symlink: /home/manasvi3/ros2_ws/install/ros2_fundamentals_examples/share/ament_index/resource_index/package_run_dependencies/ros2_fundamentals_examples
[0.676s] -- Up-to-date symlink: /home/manasvi3/ros2_ws/install/ros2_fundamentals_examples/share/ament_index/resource_index/parent_prefix_path/ros2_fundamentals_examples
[0.677s] -- Up-to-date symlink: /home/manasvi3/ros2_ws/install/ros2_fundamentals_examples/share/ros2_fundamentals_examples/environment/ament_prefix_path.sh
[0.678s] -- Up-to-date symlink: /home/manasvi3/ros2_ws/install/ros2_fundamentals_examples/share/ros2_fundamentals_examples/environment/ament_prefix_path.dsv
[0.679s] -- Up-to-date symlink: /home/manasvi3/ros2_ws/install/ros2_fundamentals_examples/share/ros2_fundamentals_examples/environment/path.sh
[0.680s] -- Up-to-date symlink: /home/manasvi3/ros2_ws/install/ros2_fundamentals_examples/share/ros2_fundamentals_examples/environment/path.dsv
[0.681s] -- Up-to-date symlink: /home/manasvi3/ros2_ws/install/ros2_fundamentals_examples/share/ros2_fundamentals_examples/local_setup.bash
[0.681s] -- Up-to-date symlink: /home/manasvi3/ros2_ws/install/ros2_fundamentals_examples/share/ros2_fundamentals_examples/local_setup.sh
[0.683s] -- Up-to-date symlink: /home/manasvi3/ros2_ws/install/ros2_fundamentals_examples/share/ros2_fundamentals_examples/local_setup.zsh
[0.683s] -- Up-to-date symlink: /home/manasvi3/ros2_ws/install/ros2_fundamentals_examples/share/ros2_fundamentals_examples/local_setup.dsv
[0.684s] -- Symlinking: /home/manasvi3/ros2_ws/install/ros2_fundamentals_examples/share/ros2_fundamentals_examples/package.dsv
[0.699s] -- Up-to-date symlink: /home/manasvi3/ros2_ws/install/ros2_fundamentals_examples/share/ament_index/resource_index/packages/ros2_fundamentals_examples
[0.701s] -- Up-to-date symlink: /home/manasvi3/ros2_ws/install/ros2_fundamentals_examples/share/ros2_fundamentals_examples/cmake/ros2_fundamentals_examplesConfig.cmake
[0.702s] -- Up-to-date symlink: /home/manasvi3/ros2_ws/install/ros2_fundamentals_examples/share/ros2_fundamentals_examples/cmake/ros2_fundamentals_examplesConfig-version.cmake
[0.705s] -- Up-to-date symlink: /home/manasvi3/ros2_ws/install/ros2_fundamentals_examples/share/ros2_fundamentals_examples/package.xml
[0.730s] Invoked command in '/home/manasvi3/ros2_ws/build/ros2_fundamentals_examples' returned '0': CMAKE_PREFIX_PATH=/opt/ros/humble /usr/bin/cmake --install /home/manasvi3/ros2_ws/build/ros2_fundamentals_examples
