[0.954s] DEBUG:colcon:Command line arguments: ['/usr/bin/colcon', 'build', '--packages-select', 'aqua_robot_gazebo']
[0.954s] DEBUG:colcon:Parsed command line arguments: Namespace(log_base=None, log_level=None, verb_name='build', build_base='build', install_base='install', merge_install=False, symlink_install=False, test_result_base=None, continue_on_error=False, executor='parallel', parallel_workers=14, event_handlers=None, ignore_user_meta=False, metas=['./colcon.meta'], base_paths=['.'], packages_ignore=None, packages_ignore_regex=None, paths=None, packages_up_to=None, packages_up_to_regex=None, packages_above=None, packages_above_and_dependencies=None, packages_above_depth=None, packages_select_by_dep=None, packages_skip_by_dep=None, packages_skip_up_to=None, packages_select_build_failed=False, packages_skip_build_finished=False, packages_select_test_failures=False, packages_skip_test_passed=False, packages_select=['aqua_robot_gazebo'], packages_skip=None, packages_select_regex=None, packages_skip_regex=None, packages_start=None, packages_end=None, allow_overriding=[], cmake_args=None, cmake_target=None, cmake_target_skip_unavailable=False, cmake_clean_cache=False, cmake_clean_first=False, cmake_force_configure=False, ament_cmake_args=None, catkin_cmake_args=None, catkin_skip_building_tests=False, mixin_files=None, mixin=None, verb_parser=<colcon_mixin.mixin.mixin_argument.MixinArgumentDecorator object at 0x720c97d59270>, verb_extension=<colcon_core.verb.build.BuildVerb object at 0x720c97e561d0>, main=<bound method BuildVerb.main of <colcon_core.verb.build.BuildVerb object at 0x720c97e561d0>>, mixin_verb=('build',))
[1.447s] Level 1:colcon.colcon_core.package_discovery:discover_packages(colcon_meta) check parameters
[1.448s] Level 1:colcon.colcon_core.package_discovery:discover_packages(recursive) check parameters
[1.448s] Level 1:colcon.colcon_core.package_discovery:discover_packages(ignore) check parameters
[1.448s] Level 1:colcon.colcon_core.package_discovery:discover_packages(path) check parameters
[1.448s] Level 1:colcon.colcon_core.package_discovery:discover_packages(colcon_meta) discover
[1.448s] Level 1:colcon.colcon_core.package_discovery:discover_packages(recursive) discover
[1.449s] INFO:colcon.colcon_core.package_discovery:Crawling recursively for packages in '/home/manasvi3/ros2_ws'
[1.449s] Level 1:colcon.colcon_core.package_identification:_identify(.) by extensions ['ignore', 'ignore_ament_install']
[1.449s] Level 1:colcon.colcon_core.package_identification:_identify(.) by extension 'ignore'
[1.449s] Level 1:colcon.colcon_core.package_identification:_identify(.) by extension 'ignore_ament_install'
[1.449s] Level 1:colcon.colcon_core.package_identification:_identify(.) by extensions ['colcon_pkg']
[1.449s] Level 1:colcon.colcon_core.package_identification:_identify(.) by extension 'colcon_pkg'
[1.449s] Level 1:colcon.colcon_core.package_identification:_identify(.) by extensions ['colcon_meta']
[1.449s] Level 1:colcon.colcon_core.package_identification:_identify(.) by extension 'colcon_meta'
[1.449s] Level 1:colcon.colcon_core.package_identification:_identify(.) by extensions ['ros']
[1.449s] Level 1:colcon.colcon_core.package_identification:_identify(.) by extension 'ros'
[1.476s] Level 1:colcon.colcon_core.package_identification:_identify(.) by extensions ['cmake', 'python']
[1.476s] Level 1:colcon.colcon_core.package_identification:_identify(.) by extension 'cmake'
[1.476s] Level 1:colcon.colcon_core.package_identification:_identify(.) by extension 'python'
[1.476s] Level 1:colcon.colcon_core.package_identification:_identify(.) by extensions ['python_setup_py']
[1.476s] Level 1:colcon.colcon_core.package_identification:_identify(.) by extension 'python_setup_py'
[1.476s] Level 1:colcon.colcon_core.package_identification:_identify(build) by extensions ['ignore', 'ignore_ament_install']
[1.476s] Level 1:colcon.colcon_core.package_identification:_identify(build) by extension 'ignore'
[1.476s] Level 1:colcon.colcon_core.package_identification:_identify(build) ignored
[1.477s] Level 1:colcon.colcon_core.package_identification:_identify(install) by extensions ['ignore', 'ignore_ament_install']
[1.477s] Level 1:colcon.colcon_core.package_identification:_identify(install) by extension 'ignore'
[1.477s] Level 1:colcon.colcon_core.package_identification:_identify(install) ignored
[1.477s] Level 1:colcon.colcon_core.package_identification:_identify(log) by extensions ['ignore', 'ignore_ament_install']
[1.477s] Level 1:colcon.colcon_core.package_identification:_identify(log) by extension 'ignore'
[1.477s] Level 1:colcon.colcon_core.package_identification:_identify(log) ignored
[1.477s] Level 1:colcon.colcon_core.package_identification:_identify(src) by extensions ['ignore', 'ignore_ament_install']
[1.477s] Level 1:colcon.colcon_core.package_identification:_identify(src) by extension 'ignore'
[1.477s] Level 1:colcon.colcon_core.package_identification:_identify(src) by extension 'ignore_ament_install'
[1.478s] Level 1:colcon.colcon_core.package_identification:_identify(src) by extensions ['colcon_pkg']
[1.478s] Level 1:colcon.colcon_core.package_identification:_identify(src) by extension 'colcon_pkg'
[1.478s] Level 1:colcon.colcon_core.package_identification:_identify(src) by extensions ['colcon_meta']
[1.478s] Level 1:colcon.colcon_core.package_identification:_identify(src) by extension 'colcon_meta'
[1.478s] Level 1:colcon.colcon_core.package_identification:_identify(src) by extensions ['ros']
[1.478s] Level 1:colcon.colcon_core.package_identification:_identify(src) by extension 'ros'
[1.478s] Level 1:colcon.colcon_core.package_identification:_identify(src) by extensions ['cmake', 'python']
[1.478s] Level 1:colcon.colcon_core.package_identification:_identify(src) by extension 'cmake'
[1.478s] Level 1:colcon.colcon_core.package_identification:_identify(src) by extension 'python'
[1.478s] Level 1:colcon.colcon_core.package_identification:_identify(src) by extensions ['python_setup_py']
[1.478s] Level 1:colcon.colcon_core.package_identification:_identify(src) by extension 'python_setup_py'
[1.479s] Level 1:colcon.colcon_core.package_identification:_identify(src/New folder) by extensions ['ignore', 'ignore_ament_install']
[1.479s] Level 1:colcon.colcon_core.package_identification:_identify(src/New folder) by extension 'ignore'
[1.479s] Level 1:colcon.colcon_core.package_identification:_identify(src/New folder) by extension 'ignore_ament_install'
[1.479s] Level 1:colcon.colcon_core.package_identification:_identify(src/New folder) by extensions ['colcon_pkg']
[1.480s] Level 1:colcon.colcon_core.package_identification:_identify(src/New folder) by extension 'colcon_pkg'
[1.480s] Level 1:colcon.colcon_core.package_identification:_identify(src/New folder) by extensions ['colcon_meta']
[1.480s] Level 1:colcon.colcon_core.package_identification:_identify(src/New folder) by extension 'colcon_meta'
[1.480s] Level 1:colcon.colcon_core.package_identification:_identify(src/New folder) by extensions ['ros']
[1.480s] Level 1:colcon.colcon_core.package_identification:_identify(src/New folder) by extension 'ros'
[1.480s] Level 1:colcon.colcon_core.package_identification:_identify(src/New folder) by extensions ['cmake', 'python']
[1.480s] Level 1:colcon.colcon_core.package_identification:_identify(src/New folder) by extension 'cmake'
[1.480s] Level 1:colcon.colcon_core.package_identification:_identify(src/New folder) by extension 'python'
[1.480s] Level 1:colcon.colcon_core.package_identification:_identify(src/New folder) by extensions ['python_setup_py']
[1.480s] Level 1:colcon.colcon_core.package_identification:_identify(src/New folder) by extension 'python_setup_py'
[1.481s] Level 1:colcon.colcon_core.package_identification:_identify(src/aqua_robot_gazebo) by extensions ['ignore', 'ignore_ament_install']
[1.481s] Level 1:colcon.colcon_core.package_identification:_identify(src/aqua_robot_gazebo) by extension 'ignore'
[1.481s] Level 1:colcon.colcon_core.package_identification:_identify(src/aqua_robot_gazebo) by extension 'ignore_ament_install'
[1.481s] Level 1:colcon.colcon_core.package_identification:_identify(src/aqua_robot_gazebo) by extensions ['colcon_pkg']
[1.481s] Level 1:colcon.colcon_core.package_identification:_identify(src/aqua_robot_gazebo) by extension 'colcon_pkg'
[1.481s] Level 1:colcon.colcon_core.package_identification:_identify(src/aqua_robot_gazebo) by extensions ['colcon_meta']
[1.481s] Level 1:colcon.colcon_core.package_identification:_identify(src/aqua_robot_gazebo) by extension 'colcon_meta'
[1.481s] Level 1:colcon.colcon_core.package_identification:_identify(src/aqua_robot_gazebo) by extensions ['ros']
[1.481s] Level 1:colcon.colcon_core.package_identification:_identify(src/aqua_robot_gazebo) by extension 'ros'
[1.490s] DEBUG:colcon.colcon_core.package_identification:Package 'src/aqua_robot_gazebo' with type 'ros.ament_cmake' and name 'aqua_robot_gazebo'
[1.491s] Level 1:colcon.colcon_core.package_identification:_identify(src/asv_fleet) by extensions ['ignore', 'ignore_ament_install']
[1.491s] Level 1:colcon.colcon_core.package_identification:_identify(src/asv_fleet) by extension 'ignore'
[1.491s] Level 1:colcon.colcon_core.package_identification:_identify(src/asv_fleet) by extension 'ignore_ament_install'
[1.491s] Level 1:colcon.colcon_core.package_identification:_identify(src/asv_fleet) by extensions ['colcon_pkg']
[1.491s] Level 1:colcon.colcon_core.package_identification:_identify(src/asv_fleet) by extension 'colcon_pkg'
[1.491s] Level 1:colcon.colcon_core.package_identification:_identify(src/asv_fleet) by extensions ['colcon_meta']
[1.491s] Level 1:colcon.colcon_core.package_identification:_identify(src/asv_fleet) by extension 'colcon_meta'
[1.491s] Level 1:colcon.colcon_core.package_identification:_identify(src/asv_fleet) by extensions ['ros']
[1.491s] Level 1:colcon.colcon_core.package_identification:_identify(src/asv_fleet) by extension 'ros'
[1.493s] DEBUG:colcon.colcon_core.package_identification:Package 'src/asv_fleet' with type 'ros.ament_cmake' and name 'asv_fleet'
[1.494s] Level 1:colcon.colcon_core.package_identification:_identify(src/build) by extensions ['ignore', 'ignore_ament_install']
[1.494s] Level 1:colcon.colcon_core.package_identification:_identify(src/build) by extension 'ignore'
[1.494s] Level 1:colcon.colcon_core.package_identification:_identify(src/build) ignored
[1.495s] Level 1:colcon.colcon_core.package_identification:_identify(src/install) by extensions ['ignore', 'ignore_ament_install']
[1.495s] Level 1:colcon.colcon_core.package_identification:_identify(src/install) by extension 'ignore'
[1.496s] Level 1:colcon.colcon_core.package_identification:_identify(src/install) ignored
[1.496s] Level 1:colcon.colcon_core.package_identification:_identify(src/log) by extensions ['ignore', 'ignore_ament_install']
[1.496s] Level 1:colcon.colcon_core.package_identification:_identify(src/log) by extension 'ignore'
[1.496s] Level 1:colcon.colcon_core.package_identification:_identify(src/log) ignored
[1.497s] Level 1:colcon.colcon_core.package_identification:_identify(src/my_robot_description) by extensions ['ignore', 'ignore_ament_install']
[1.497s] Level 1:colcon.colcon_core.package_identification:_identify(src/my_robot_description) by extension 'ignore'
[1.497s] Level 1:colcon.colcon_core.package_identification:_identify(src/my_robot_description) by extension 'ignore_ament_install'
[1.497s] Level 1:colcon.colcon_core.package_identification:_identify(src/my_robot_description) by extensions ['colcon_pkg']
[1.498s] Level 1:colcon.colcon_core.package_identification:_identify(src/my_robot_description) by extension 'colcon_pkg'
[1.498s] Level 1:colcon.colcon_core.package_identification:_identify(src/my_robot_description) by extensions ['colcon_meta']
[1.498s] Level 1:colcon.colcon_core.package_identification:_identify(src/my_robot_description) by extension 'colcon_meta'
[1.498s] Level 1:colcon.colcon_core.package_identification:_identify(src/my_robot_description) by extensions ['ros']
[1.498s] Level 1:colcon.colcon_core.package_identification:_identify(src/my_robot_description) by extension 'ros'
[1.499s] DEBUG:colcon.colcon_core.package_identification:Package 'src/my_robot_description' with type 'ros.ament_cmake' and name 'my_robot_description'
[1.500s] Level 1:colcon.colcon_core.package_identification:_identify(src/ros2_fundamentals_examples) by extensions ['ignore', 'ignore_ament_install']
[1.500s] Level 1:colcon.colcon_core.package_identification:_identify(src/ros2_fundamentals_examples) by extension 'ignore'
[1.500s] Level 1:colcon.colcon_core.package_identification:_identify(src/ros2_fundamentals_examples) by extension 'ignore_ament_install'
[1.500s] Level 1:colcon.colcon_core.package_identification:_identify(src/ros2_fundamentals_examples) by extensions ['colcon_pkg']
[1.500s] Level 1:colcon.colcon_core.package_identification:_identify(src/ros2_fundamentals_examples) by extension 'colcon_pkg'
[1.500s] Level 1:colcon.colcon_core.package_identification:_identify(src/ros2_fundamentals_examples) by extensions ['colcon_meta']
[1.500s] Level 1:colcon.colcon_core.package_identification:_identify(src/ros2_fundamentals_examples) by extension 'colcon_meta'
[1.500s] Level 1:colcon.colcon_core.package_identification:_identify(src/ros2_fundamentals_examples) by extensions ['ros']
[1.500s] Level 1:colcon.colcon_core.package_identification:_identify(src/ros2_fundamentals_examples) by extension 'ros'
[1.502s] DEBUG:colcon.colcon_core.package_identification:Package 'src/ros2_fundamentals_examples' with type 'ros.ament_cmake' and name 'ros2_fundamentals_examples'
[1.502s] Level 1:colcon.colcon_core.package_identification:_identify(src/worlds) by extensions ['ignore', 'ignore_ament_install']
[1.503s] Level 1:colcon.colcon_core.package_identification:_identify(src/worlds) by extension 'ignore'
[1.503s] Level 1:colcon.colcon_core.package_identification:_identify(src/worlds) by extension 'ignore_ament_install'
[1.503s] Level 1:colcon.colcon_core.package_identification:_identify(src/worlds) by extensions ['colcon_pkg']
[1.503s] Level 1:colcon.colcon_core.package_identification:_identify(src/worlds) by extension 'colcon_pkg'
[1.503s] Level 1:colcon.colcon_core.package_identification:_identify(src/worlds) by extensions ['colcon_meta']
[1.503s] Level 1:colcon.colcon_core.package_identification:_identify(src/worlds) by extension 'colcon_meta'
[1.503s] Level 1:colcon.colcon_core.package_identification:_identify(src/worlds) by extensions ['ros']
[1.503s] Level 1:colcon.colcon_core.package_identification:_identify(src/worlds) by extension 'ros'
[1.503s] Level 1:colcon.colcon_core.package_identification:_identify(src/worlds) by extensions ['cmake', 'python']
[1.503s] Level 1:colcon.colcon_core.package_identification:_identify(src/worlds) by extension 'cmake'
[1.503s] Level 1:colcon.colcon_core.package_identification:_identify(src/worlds) by extension 'python'
[1.503s] Level 1:colcon.colcon_core.package_identification:_identify(src/worlds) by extensions ['python_setup_py']
[1.503s] Level 1:colcon.colcon_core.package_identification:_identify(src/worlds) by extension 'python_setup_py'
[1.503s] Level 1:colcon.colcon_core.package_discovery:discover_packages(recursive) using defaults
[1.503s] Level 1:colcon.colcon_core.package_discovery:discover_packages(ignore) discover
[1.503s] Level 1:colcon.colcon_core.package_discovery:discover_packages(ignore) using defaults
[1.504s] Level 1:colcon.colcon_core.package_discovery:discover_packages(path) discover
[1.504s] Level 1:colcon.colcon_core.package_discovery:discover_packages(path) using defaults
[1.568s] INFO:colcon.colcon_core.package_selection:Skipping not selected package 'asv_fleet' in 'src/asv_fleet'
[1.568s] INFO:colcon.colcon_core.package_selection:Skipping not selected package 'my_robot_description' in 'src/my_robot_description'
[1.568s] INFO:colcon.colcon_core.package_selection:Skipping not selected package 'ros2_fundamentals_examples' in 'src/ros2_fundamentals_examples'
[1.570s] Level 1:colcon.colcon_core.package_discovery:discover_packages(prefix_path) check parameters
[1.570s] Level 1:colcon.colcon_core.package_discovery:discover_packages(prefix_path) discover
[1.578s] DEBUG:colcon.colcon_installed_package_information.package_discovery:Found 288 installed packages in /opt/ros/humble
[1.580s] Level 1:colcon.colcon_core.package_discovery:discover_packages(prefix_path) using defaults
[1.644s] Level 5:colcon.colcon_core.verb:set package 'aqua_robot_gazebo' build argument 'cmake_args' from command line to 'None'
[1.644s] Level 5:colcon.colcon_core.verb:set package 'aqua_robot_gazebo' build argument 'cmake_target' from command line to 'None'
[1.645s] Level 5:colcon.colcon_core.verb:set package 'aqua_robot_gazebo' build argument 'cmake_target_skip_unavailable' from command line to 'False'
[1.645s] Level 5:colcon.colcon_core.verb:set package 'aqua_robot_gazebo' build argument 'cmake_clean_cache' from command line to 'False'
[1.645s] Level 5:colcon.colcon_core.verb:set package 'aqua_robot_gazebo' build argument 'cmake_clean_first' from command line to 'False'
[1.645s] Level 5:colcon.colcon_core.verb:set package 'aqua_robot_gazebo' build argument 'cmake_force_configure' from command line to 'False'
[1.645s] Level 5:colcon.colcon_core.verb:set package 'aqua_robot_gazebo' build argument 'ament_cmake_args' from command line to 'None'
[1.645s] Level 5:colcon.colcon_core.verb:set package 'aqua_robot_gazebo' build argument 'catkin_cmake_args' from command line to 'None'
[1.645s] Level 5:colcon.colcon_core.verb:set package 'aqua_robot_gazebo' build argument 'catkin_skip_building_tests' from command line to 'False'
[1.645s] DEBUG:colcon.colcon_core.verb:Building package 'aqua_robot_gazebo' with the following arguments: {'ament_cmake_args': None, 'build_base': '/home/manasvi3/ros2_ws/build/aqua_robot_gazebo', 'catkin_cmake_args': None, 'catkin_skip_building_tests': False, 'cmake_args': None, 'cmake_clean_cache': False, 'cmake_clean_first': False, 'cmake_force_configure': False, 'cmake_target': None, 'cmake_target_skip_unavailable': False, 'install_base': '/home/manasvi3/ros2_ws/install/aqua_robot_gazebo', 'merge_install': False, 'path': '/home/manasvi3/ros2_ws/src/aqua_robot_gazebo', 'symlink_install': False, 'test_result_base': None}
[1.645s] INFO:colcon.colcon_core.executor:Executing jobs using 'parallel' executor
[1.647s] DEBUG:colcon.colcon_parallel_executor.executor.parallel:run_until_complete
[1.648s] INFO:colcon.colcon_ros.task.ament_cmake.build:Building ROS package in '/home/manasvi3/ros2_ws/src/aqua_robot_gazebo' with build type 'ament_cmake'
[1.648s] INFO:colcon.colcon_cmake.task.cmake.build:Building CMake package in '/home/manasvi3/ros2_ws/src/aqua_robot_gazebo'
[1.660s] INFO:colcon.colcon_core.plugin_system:Skipping extension 'colcon_core.shell.bat': Not used on non-Windows systems
[1.661s] INFO:colcon.colcon_core.shell:Skip shell extension 'powershell' for command environment: Not usable outside of PowerShell
[1.662s] DEBUG:colcon.colcon_core.shell:Skip shell extension 'dsv' for command environment
[1.682s] DEBUG:colcon.colcon_core.event_handler.log_command:Invoking command in '/home/manasvi3/ros2_ws/build/aqua_robot_gazebo': CMAKE_PREFIX_PATH=/opt/ros/humble /usr/bin/cmake --build /home/manasvi3/ros2_ws/build/aqua_robot_gazebo -- -j14 -l14
[1.859s] DEBUG:colcon.colcon_core.event_handler.log_command:Invoked command in '/home/manasvi3/ros2_ws/build/aqua_robot_gazebo' returned '0': CMAKE_PREFIX_PATH=/opt/ros/humble /usr/bin/cmake --build /home/manasvi3/ros2_ws/build/aqua_robot_gazebo -- -j14 -l14
[1.879s] DEBUG:colcon.colcon_core.event_handler.log_command:Invoking command in '/home/manasvi3/ros2_ws/build/aqua_robot_gazebo': CMAKE_PREFIX_PATH=/opt/ros/humble /usr/bin/cmake --install /home/manasvi3/ros2_ws/build/aqua_robot_gazebo
[1.907s] Level 1:colcon.colcon_core.environment:create_environment_scripts_only(aqua_robot_gazebo)
[1.907s] DEBUG:colcon.colcon_core.event_handler.log_command:Invoked command in '/home/manasvi3/ros2_ws/build/aqua_robot_gazebo' returned '0': CMAKE_PREFIX_PATH=/opt/ros/humble /usr/bin/cmake --install /home/manasvi3/ros2_ws/build/aqua_robot_gazebo
[1.920s] Level 1:colcon.colcon_core.environment:checking '/home/manasvi3/ros2_ws/install/aqua_robot_gazebo' for CMake module files
[1.921s] Level 1:colcon.colcon_core.environment:checking '/home/manasvi3/ros2_ws/install/aqua_robot_gazebo' for CMake config files
[1.922s] Level 1:colcon.colcon_core.shell:create_environment_hook('aqua_robot_gazebo', 'cmake_prefix_path')
[1.922s] INFO:colcon.colcon_core.shell:Creating environment hook '/home/manasvi3/ros2_ws/install/aqua_robot_gazebo/share/aqua_robot_gazebo/hook/cmake_prefix_path.ps1'
[1.924s] INFO:colcon.colcon_core.shell:Creating environment descriptor '/home/manasvi3/ros2_ws/install/aqua_robot_gazebo/share/aqua_robot_gazebo/hook/cmake_prefix_path.dsv'
[1.925s] INFO:colcon.colcon_core.shell:Creating environment hook '/home/manasvi3/ros2_ws/install/aqua_robot_gazebo/share/aqua_robot_gazebo/hook/cmake_prefix_path.sh'
[1.928s] Level 1:colcon.colcon_core.environment:checking '/home/manasvi3/ros2_ws/install/aqua_robot_gazebo/bin'
[1.928s] Level 1:colcon.colcon_core.environment:checking '/home/manasvi3/ros2_ws/install/aqua_robot_gazebo/lib/pkgconfig/aqua_robot_gazebo.pc'
[1.928s] Level 1:colcon.colcon_core.environment:checking '/home/manasvi3/ros2_ws/install/aqua_robot_gazebo/lib/python3.10/site-packages'
[1.929s] Level 1:colcon.colcon_core.environment:checking '/home/manasvi3/ros2_ws/install/aqua_robot_gazebo/bin'
[1.929s] INFO:colcon.colcon_core.shell:Creating package script '/home/manasvi3/ros2_ws/install/aqua_robot_gazebo/share/aqua_robot_gazebo/package.ps1'
[1.932s] INFO:colcon.colcon_core.shell:Creating package descriptor '/home/manasvi3/ros2_ws/install/aqua_robot_gazebo/share/aqua_robot_gazebo/package.dsv'
[1.933s] INFO:colcon.colcon_core.shell:Creating package script '/home/manasvi3/ros2_ws/install/aqua_robot_gazebo/share/aqua_robot_gazebo/package.sh'
[1.935s] INFO:colcon.colcon_core.shell:Creating package script '/home/manasvi3/ros2_ws/install/aqua_robot_gazebo/share/aqua_robot_gazebo/package.bash'
[1.937s] INFO:colcon.colcon_core.shell:Creating package script '/home/manasvi3/ros2_ws/install/aqua_robot_gazebo/share/aqua_robot_gazebo/package.zsh'
[1.939s] Level 1:colcon.colcon_core.environment:create_file_with_runtime_dependencies(/home/manasvi3/ros2_ws/install/aqua_robot_gazebo/share/colcon-core/packages/aqua_robot_gazebo)
[1.941s] Level 1:colcon.colcon_core.environment:create_environment_scripts_only(aqua_robot_gazebo)
[1.941s] Level 1:colcon.colcon_core.environment:checking '/home/manasvi3/ros2_ws/install/aqua_robot_gazebo' for CMake module files
[1.942s] Level 1:colcon.colcon_core.environment:checking '/home/manasvi3/ros2_ws/install/aqua_robot_gazebo' for CMake config files
[1.943s] Level 1:colcon.colcon_core.shell:create_environment_hook('aqua_robot_gazebo', 'cmake_prefix_path')
[1.944s] INFO:colcon.colcon_core.shell:Creating environment hook '/home/manasvi3/ros2_ws/install/aqua_robot_gazebo/share/aqua_robot_gazebo/hook/cmake_prefix_path.ps1'
[1.945s] INFO:colcon.colcon_core.shell:Creating environment descriptor '/home/manasvi3/ros2_ws/install/aqua_robot_gazebo/share/aqua_robot_gazebo/hook/cmake_prefix_path.dsv'
[1.945s] INFO:colcon.colcon_core.shell:Creating environment hook '/home/manasvi3/ros2_ws/install/aqua_robot_gazebo/share/aqua_robot_gazebo/hook/cmake_prefix_path.sh'
[1.946s] Level 1:colcon.colcon_core.environment:checking '/home/manasvi3/ros2_ws/install/aqua_robot_gazebo/bin'
[1.946s] Level 1:colcon.colcon_core.environment:checking '/home/manasvi3/ros2_ws/install/aqua_robot_gazebo/lib/pkgconfig/aqua_robot_gazebo.pc'
[1.946s] Level 1:colcon.colcon_core.environment:checking '/home/manasvi3/ros2_ws/install/aqua_robot_gazebo/lib/python3.10/site-packages'
[1.947s] Level 1:colcon.colcon_core.environment:checking '/home/manasvi3/ros2_ws/install/aqua_robot_gazebo/bin'
[1.947s] INFO:colcon.colcon_core.shell:Creating package script '/home/manasvi3/ros2_ws/install/aqua_robot_gazebo/share/aqua_robot_gazebo/package.ps1'
[1.948s] INFO:colcon.colcon_core.shell:Creating package descriptor '/home/manasvi3/ros2_ws/install/aqua_robot_gazebo/share/aqua_robot_gazebo/package.dsv'
[1.950s] INFO:colcon.colcon_core.shell:Creating package script '/home/manasvi3/ros2_ws/install/aqua_robot_gazebo/share/aqua_robot_gazebo/package.sh'
[1.951s] INFO:colcon.colcon_core.shell:Creating package script '/home/manasvi3/ros2_ws/install/aqua_robot_gazebo/share/aqua_robot_gazebo/package.bash'
[1.951s] INFO:colcon.colcon_core.shell:Creating package script '/home/manasvi3/ros2_ws/install/aqua_robot_gazebo/share/aqua_robot_gazebo/package.zsh'
[1.952s] Level 1:colcon.colcon_core.environment:create_file_with_runtime_dependencies(/home/manasvi3/ros2_ws/install/aqua_robot_gazebo/share/colcon-core/packages/aqua_robot_gazebo)
[1.953s] DEBUG:colcon.colcon_parallel_executor.executor.parallel:closing loop
[1.953s] DEBUG:colcon.colcon_parallel_executor.executor.parallel:loop closed
[1.953s] DEBUG:colcon.colcon_parallel_executor.executor.parallel:run_until_complete finished with '0'
[1.953s] DEBUG:colcon.colcon_core.event_reactor:joining thread
[2.087s] INFO:colcon.colcon_core.plugin_system:Skipping extension 'colcon_notification.desktop_notification.notify_send': Could not find 'notify-send'
[2.087s] INFO:colcon.colcon_core.plugin_system:Skipping extension 'colcon_notification.desktop_notification.terminal_notifier': Not used on non-Darwin systems
[2.088s] INFO:colcon.colcon_core.plugin_system:Skipping extension 'colcon_notification.desktop_notification.win32': Not used on non-Windows systems
[2.088s] INFO:colcon.colcon_notification.desktop_notification:Sending desktop notification using 'notify2'
[2.088s] DEBUG:colcon.colcon_notification.desktop_notification.notify2:Failed to initialize notify2: org.freedesktop.DBus.Error.FileNotFound: Failed to connect to socket /run/user/1000/bus: No such file or directory
[2.088s] DEBUG:colcon.colcon_core.event_reactor:joined thread
[2.089s] INFO:colcon.colcon_core.shell:Creating prefix script '/home/manasvi3/ros2_ws/install/local_setup.ps1'
[2.091s] INFO:colcon.colcon_core.shell:Creating prefix util module '/home/manasvi3/ros2_ws/install/_local_setup_util_ps1.py'
[2.094s] INFO:colcon.colcon_core.shell:Creating prefix chain script '/home/manasvi3/ros2_ws/install/setup.ps1'
[2.095s] INFO:colcon.colcon_core.shell:Creating prefix script '/home/manasvi3/ros2_ws/install/local_setup.sh'
[2.097s] INFO:colcon.colcon_core.shell:Creating prefix util module '/home/manasvi3/ros2_ws/install/_local_setup_util_sh.py'
[2.097s] INFO:colcon.colcon_core.shell:Creating prefix chain script '/home/manasvi3/ros2_ws/install/setup.sh'
[2.100s] INFO:colcon.colcon_core.shell:Creating prefix script '/home/manasvi3/ros2_ws/install/local_setup.bash'
[2.101s] INFO:colcon.colcon_core.shell:Creating prefix chain script '/home/manasvi3/ros2_ws/install/setup.bash'
[2.103s] INFO:colcon.colcon_core.shell:Creating prefix script '/home/manasvi3/ros2_ws/install/local_setup.zsh'
[2.105s] INFO:colcon.colcon_core.shell:Creating prefix chain script '/home/manasvi3/ros2_ws/install/setup.zsh'
