[0.039s] Invoking command in '/home/manasvi3/ros2_ws/build/asv_fleet': CMAKE_PREFIX_PATH=${CMAKE_PREFIX_PATH}:/opt/ros/humble /usr/bin/cmake --build /home/manasvi3/ros2_ws/build/asv_fleet -- -j14 -l14
[0.267s] Invoked command in '/home/manasvi3/ros2_ws/build/asv_fleet' returned '0': CMAKE_PREFIX_PATH=${CMAKE_PREFIX_PATH}:/opt/ros/humble /usr/bin/cmake --build /home/manasvi3/ros2_ws/build/asv_fleet -- -j14 -l14
[0.290s] Invoking command in '/home/manasvi3/ros2_ws/build/asv_fleet': CMAKE_PREFIX_PATH=${CMAKE_PREFIX_PATH}:/opt/ros/humble /usr/bin/cmake --install /home/manasvi3/ros2_ws/build/asv_fleet
[0.305s] -- Install configuration: ""
[0.308s] -- Execute custom install script
[0.310s] -- Up-to-date symlink: /home/manasvi3/ros2_ws/install/asv_fleet/share/asv_fleet/launch/apriltag_detection.launch.py
[0.311s] -- Up-to-date symlink: /home/manasvi3/ros2_ws/install/asv_fleet/share/asv_fleet/launch/fleet_autonomy.launch.py
[0.312s] -- Up-to-date symlink: /home/manasvi3/ros2_ws/install/asv_fleet/share/asv_fleet/launch/spawn_fleet.launch.py
[0.312s] -- Up-to-date symlink: /home/manasvi3/ros2_ws/install/asv_fleet/share/asv_fleet/launch/spawn_single_asv.launch.py
[0.314s] -- Up-to-date symlink: /home/manasvi3/ros2_ws/install/asv_fleet/share/asv_fleet/urdf/asv_macro.xacro
[0.314s] -- Up-to-date symlink: /home/manasvi3/ros2_ws/install/asv_fleet/share/asv_fleet/urdf/asv_robot.xacro
[0.316s] -- Up-to-date symlink: /home/manasvi3/ros2_ws/install/asv_fleet/share/asv_fleet/worlds/lake_world.world
[0.318s] -- Up-to-date symlink: /home/manasvi3/ros2_ws/install/asv_fleet/share/asv_fleet/models/apriltag_0/materials/scripts/apriltag_0.material
[0.319s] -- Up-to-date symlink: /home/manasvi3/ros2_ws/install/asv_fleet/share/asv_fleet/models/apriltag_0/materials/textures/apriltag_0.png
[0.320s] -- Up-to-date symlink: /home/manasvi3/ros2_ws/install/asv_fleet/share/asv_fleet/models/apriltag_0/model.config
[0.321s] -- Up-to-date symlink: /home/manasvi3/ros2_ws/install/asv_fleet/share/asv_fleet/models/apriltag_0/model.sdf
[0.323s] -- Up-to-date symlink: /home/manasvi3/ros2_ws/install/asv_fleet/share/asv_fleet/models/apriltag_1/materials/scripts/apriltag_1.material
[0.324s] -- Up-to-date symlink: /home/manasvi3/ros2_ws/install/asv_fleet/share/asv_fleet/models/apriltag_1/materials/textures/apriltag_1.png
[0.324s] -- Up-to-date symlink: /home/manasvi3/ros2_ws/install/asv_fleet/share/asv_fleet/models/apriltag_1/model.config
[0.325s] -- Up-to-date symlink: /home/manasvi3/ros2_ws/install/asv_fleet/share/asv_fleet/models/apriltag_1/model.sdf
[0.328s] -- Up-to-date symlink: /home/manasvi3/ros2_ws/install/asv_fleet/share/asv_fleet/models/apriltag_2/materials/scripts/apriltag_2.material
[0.329s] -- Up-to-date symlink: /home/manasvi3/ros2_ws/install/asv_fleet/share/asv_fleet/models/apriltag_2/materials/textures/apriltag_2.png
[0.330s] -- Up-to-date symlink: /home/manasvi3/ros2_ws/install/asv_fleet/share/asv_fleet/models/apriltag_2/model.config
[0.330s] -- Up-to-date symlink: /home/manasvi3/ros2_ws/install/asv_fleet/share/asv_fleet/models/apriltag_2/model.sdf
[0.331s] -- Up-to-date symlink: /home/manasvi3/ros2_ws/install/asv_fleet/share/asv_fleet/config/tags.yaml
[0.333s] -- Up-to-date symlink: /home/manasvi3/ros2_ws/install/asv_fleet/lib/asv_fleet/waste_seek_node.py
[0.334s] -- Up-to-date symlink: /home/manasvi3/ros2_ws/install/asv_fleet/share/ament_index/resource_index/package_run_dependencies/asv_fleet
[0.335s] -- Up-to-date symlink: /home/manasvi3/ros2_ws/install/asv_fleet/share/ament_index/resource_index/parent_prefix_path/asv_fleet
[0.336s] -- Up-to-date symlink: /home/manasvi3/ros2_ws/install/asv_fleet/share/asv_fleet/environment/ament_prefix_path.sh
[0.336s] -- Up-to-date symlink: /home/manasvi3/ros2_ws/install/asv_fleet/share/asv_fleet/environment/ament_prefix_path.dsv
[0.337s] -- Up-to-date symlink: /home/manasvi3/ros2_ws/install/asv_fleet/share/asv_fleet/environment/path.sh
[0.338s] -- Up-to-date symlink: /home/manasvi3/ros2_ws/install/asv_fleet/share/asv_fleet/environment/path.dsv
[0.339s] -- Up-to-date symlink: /home/manasvi3/ros2_ws/install/asv_fleet/share/asv_fleet/local_setup.bash
[0.339s] -- Up-to-date symlink: /home/manasvi3/ros2_ws/install/asv_fleet/share/asv_fleet/local_setup.sh
[0.341s] -- Up-to-date symlink: /home/manasvi3/ros2_ws/install/asv_fleet/share/asv_fleet/local_setup.zsh
[0.342s] -- Up-to-date symlink: /home/manasvi3/ros2_ws/install/asv_fleet/share/asv_fleet/local_setup.dsv
[0.342s] -- Symlinking: /home/manasvi3/ros2_ws/install/asv_fleet/share/asv_fleet/package.dsv
[0.358s] -- Up-to-date symlink: /home/manasvi3/ros2_ws/install/asv_fleet/share/ament_index/resource_index/packages/asv_fleet
[0.359s] -- Up-to-date symlink: /home/manasvi3/ros2_ws/install/asv_fleet/share/asv_fleet/cmake/asv_fleetConfig.cmake
[0.360s] -- Up-to-date symlink: /home/manasvi3/ros2_ws/install/asv_fleet/share/asv_fleet/cmake/asv_fleetConfig-version.cmake
[0.361s] -- Up-to-date symlink: /home/manasvi3/ros2_ws/install/asv_fleet/share/asv_fleet/package.xml
[0.364s] Invoked command in '/home/manasvi3/ros2_ws/build/asv_fleet' returned '0': CMAKE_PREFIX_PATH=${CMAKE_PREFIX_PATH}:/opt/ros/humble /usr/bin/cmake --install /home/manasvi3/ros2_ws/build/asv_fleet
