[0.035s] Invoking command in '/home/manasvi3/ros2_ws/build/aqua_robot_gazebo': CMAKE_PREFIX_PATH=/opt/ros/humble /usr/bin/cmake --build /home/manasvi3/ros2_ws/build/aqua_robot_gazebo -- -j14 -l14
[0.345s] Invoked command in '/home/manasvi3/ros2_ws/build/aqua_robot_gazebo' returned '0': CMAKE_PREFIX_PATH=/opt/ros/humble /usr/bin/cmake --build /home/manasvi3/ros2_ws/build/aqua_robot_gazebo -- -j14 -l14
[0.364s] Invoking command in '/home/manasvi3/ros2_ws/build/aqua_robot_gazebo': CMAKE_PREFIX_PATH=/opt/ros/humble /usr/bin/cmake --install /home/manasvi3/ros2_ws/build/aqua_robot_gazebo
[0.380s] -- Install configuration: ""
[0.382s] -- Up-to-date: /home/manasvi3/ros2_ws/install/aqua_robot_gazebo/share/aqua_robot_gazebo/worlds
[0.384s] -- Up-to-date: /home/manasvi3/ros2_ws/install/aqua_robot_gazebo/share/aqua_robot_gazebo/worlds/lake_waste.world.save
[0.384s] -- Up-to-date: /home/manasvi3/ros2_ws/install/aqua_robot_gazebo/share/aqua_robot_gazebo/worlds/lake_waste.world
[0.384s] -- Installing: /home/manasvi3/ros2_ws/install/aqua_robot_gazebo/share/aqua_robot_gazebo/worlds/lake_waste.world.backup
[0.386s] -- Up-to-date: /home/manasvi3/ros2_ws/install/aqua_robot_gazebo/share/aqua_robot_gazebo/urdf
[0.387s] -- Up-to-date: /home/manasvi3/ros2_ws/install/aqua_robot_gazebo/share/aqua_robot_gazebo/urdf/aqua_robot.urdf
[0.387s] -- Up-to-date: /home/manasvi3/ros2_ws/install/aqua_robot_gazebo/share/aqua_robot_gazebo/launch
[0.387s] -- Installing: /home/manasvi3/ros2_ws/install/aqua_robot_gazebo/share/aqua_robot_gazebo/launch/lake_simulation.launch.py
[0.388s] -- Installing: /home/manasvi3/ros2_ws/install/aqua_robot_gazebo/share/aqua_robot_gazebo/launch/lake_simulation.launch.py.save
[0.390s] -- Up-to-date: /home/manasvi3/ros2_ws/install/aqua_robot_gazebo/share/aqua_robot_gazebo/config
[0.391s] -- Up-to-date: /home/manasvi3/ros2_ws/install/aqua_robot_gazebo/share/aqua_robot_gazebo/config/aqua_robot.rviz
[0.391s] -- Up-to-date: /home/manasvi3/ros2_ws/install/aqua_robot_gazebo/share/aqua_robot_gazebo/launch/lake_simulation.launch.py
[0.393s] -- Up-to-date: /home/manasvi3/ros2_ws/install/aqua_robot_gazebo/share/ament_index/resource_index/package_run_dependencies/aqua_robot_gazebo
[0.393s] -- Up-to-date: /home/manasvi3/ros2_ws/install/aqua_robot_gazebo/share/ament_index/resource_index/parent_prefix_path/aqua_robot_gazebo
[0.394s] -- Up-to-date: /home/manasvi3/ros2_ws/install/aqua_robot_gazebo/share/aqua_robot_gazebo/environment/ament_prefix_path.sh
[0.394s] -- Up-to-date: /home/manasvi3/ros2_ws/install/aqua_robot_gazebo/share/aqua_robot_gazebo/environment/ament_prefix_path.dsv
[0.395s] -- Up-to-date: /home/manasvi3/ros2_ws/install/aqua_robot_gazebo/share/aqua_robot_gazebo/environment/path.sh
[0.395s] -- Up-to-date: /home/manasvi3/ros2_ws/install/aqua_robot_gazebo/share/aqua_robot_gazebo/environment/path.dsv
[0.395s] -- Up-to-date: /home/manasvi3/ros2_ws/install/aqua_robot_gazebo/share/aqua_robot_gazebo/local_setup.bash
[0.395s] -- Up-to-date: /home/manasvi3/ros2_ws/install/aqua_robot_gazebo/share/aqua_robot_gazebo/local_setup.sh
[0.395s] -- Up-to-date: /home/manasvi3/ros2_ws/install/aqua_robot_gazebo/share/aqua_robot_gazebo/local_setup.zsh
[0.395s] -- Up-to-date: /home/manasvi3/ros2_ws/install/aqua_robot_gazebo/share/aqua_robot_gazebo/local_setup.dsv
[0.395s] -- Installing: /home/manasvi3/ros2_ws/install/aqua_robot_gazebo/share/aqua_robot_gazebo/package.dsv
[0.398s] -- Up-to-date: /home/manasvi3/ros2_ws/install/aqua_robot_gazebo/share/ament_index/resource_index/packages/aqua_robot_gazebo
[0.398s] -- Up-to-date: /home/manasvi3/ros2_ws/install/aqua_robot_gazebo/share/aqua_robot_gazebo/cmake/aqua_robot_gazeboConfig.cmake
[0.399s] -- Up-to-date: /home/manasvi3/ros2_ws/install/aqua_robot_gazebo/share/aqua_robot_gazebo/cmake/aqua_robot_gazeboConfig-version.cmake
[0.399s] -- Up-to-date: /home/manasvi3/ros2_ws/install/aqua_robot_gazebo/share/aqua_robot_gazebo/package.xml
[0.402s] Invoked command in '/home/manasvi3/ros2_ws/build/aqua_robot_gazebo' returned '0': CMAKE_PREFIX_PATH=/opt/ros/humble /usr/bin/cmake --install /home/manasvi3/ros2_ws/build/aqua_robot_gazebo
