[0.039s] Invoking command in '/home/manasvi3/ros2_ws/build/my_robot_description': CMAKE_PREFIX_PATH=/opt/ros/humble /usr/bin/cmake --build /home/manasvi3/ros2_ws/build/my_robot_description -- -j14 -l14
[0.146s] Invoked command in '/home/manasvi3/ros2_ws/build/my_robot_description' returned '0': CMAKE_PREFIX_PATH=/opt/ros/humble /usr/bin/cmake --build /home/manasvi3/ros2_ws/build/my_robot_description -- -j14 -l14
[0.150s] Invoking command in '/home/manasvi3/ros2_ws/build/my_robot_description': CMAKE_PREFIX_PATH=/opt/ros/humble /usr/bin/cmake --install /home/manasvi3/ros2_ws/build/my_robot_description
[0.165s] -- Install configuration: ""
[0.168s] -- Execute custom install script
[0.175s] -- Up-to-date symlink: /home/manasvi3/ros2_ws/install/my_robot_description/share/ament_index/resource_index/package_run_dependencies/my_robot_description
[0.177s] -- Up-to-date symlink: /home/manasvi3/ros2_ws/install/my_robot_description/share/ament_index/resource_index/parent_prefix_path/my_robot_description
[0.179s] -- Up-to-date symlink: /home/manasvi3/ros2_ws/install/my_robot_description/share/my_robot_description/environment/ament_prefix_path.sh
[0.181s] -- Up-to-date symlink: /home/manasvi3/ros2_ws/install/my_robot_description/share/my_robot_description/environment/ament_prefix_path.dsv
[0.181s] -- Up-to-date symlink: /home/manasvi3/ros2_ws/install/my_robot_description/share/my_robot_description/environment/path.sh
[0.183s] -- Up-to-date symlink: /home/manasvi3/ros2_ws/install/my_robot_description/share/my_robot_description/environment/path.dsv
[0.184s] -- Up-to-date symlink: /home/manasvi3/ros2_ws/install/my_robot_description/share/my_robot_description/local_setup.bash
[0.186s] -- Up-to-date symlink: /home/manasvi3/ros2_ws/install/my_robot_description/share/my_robot_description/local_setup.sh
[0.193s] -- Up-to-date symlink: /home/manasvi3/ros2_ws/install/my_robot_description/share/my_robot_description/local_setup.zsh
[0.193s] -- Up-to-date symlink: /home/manasvi3/ros2_ws/install/my_robot_description/share/my_robot_description/local_setup.dsv
[0.193s] -- Symlinking: /home/manasvi3/ros2_ws/install/my_robot_description/share/my_robot_description/package.dsv
[0.196s] -- Up-to-date symlink: /home/manasvi3/ros2_ws/install/my_robot_description/share/ament_index/resource_index/packages/my_robot_description
[0.197s] -- Up-to-date symlink: /home/manasvi3/ros2_ws/install/my_robot_description/share/my_robot_description/cmake/my_robot_descriptionConfig.cmake
[0.197s] -- Up-to-date symlink: /home/manasvi3/ros2_ws/install/my_robot_description/share/my_robot_description/cmake/my_robot_descriptionConfig-version.cmake
[0.198s] -- Up-to-date symlink: /home/manasvi3/ros2_ws/install/my_robot_description/share/my_robot_description/package.xml
[0.203s] -- Up-to-date symlink: /home/manasvi3/ros2_ws/install/my_robot_description/share/my_robot_description/urdf/my_robot.urdf.xacro
[0.203s] -- Up-to-date symlink: /home/manasvi3/ros2_ws/install/my_robot_description/share/my_robot_description/launch/display.launch.py
[0.204s] -- Up-to-date symlink: /home/manasvi3/ros2_ws/install/my_robot_description/share/my_robot_description/launch/gazebo.launch.py
[0.233s] Invoked command in '/home/manasvi3/ros2_ws/build/my_robot_description' returned '0': CMAKE_PREFIX_PATH=/opt/ros/humble /usr/bin/cmake --install /home/manasvi3/ros2_ws/build/my_robot_description
