[0.029s] Invoking command in '/home/manasvi3/ros2_ws/build/aqua_robot_gazebo': CMAKE_PREFIX_PATH=/opt/ros/humble /usr/bin/cmake /home/manasvi3/ros2_ws/src/aqua_robot_gazebo -DCMAKE_INSTALL_PREFIX=/home/manasvi3/ros2_ws/install/aqua_robot_gazebo
[0.615s] -- The C compiler identification is GNU 11.4.0
[2.162s] -- The CXX compiler identification is GNU 11.4.0
[3.291s] -- Detecting C compiler ABI info
[3.634s] -- Detecting C compiler ABI info - done
[3.645s] -- Check for working C compiler: /usr/bin/cc - skipped
[3.652s] -- Detecting C compile features
[3.653s] -- Detecting C compile features - done
[3.661s] -- Detecting CXX compiler ABI info
[3.954s] -- Detecting CXX compiler ABI info - done
[3.969s] -- Check for working CXX compiler: /usr/bin/c++ - skipped
[3.972s] -- Detecting CXX compile features
[3.973s] -- Detecting CXX compile features - done
[3.995s] -- Found ament_cmake: 1.3.14 (/opt/ros/humble/share/ament_cmake/cmake)
[4.311s] -- Found Python3: /usr/bin/python3 (found version "3.10.12") found components: Interpreter 
[4.544s] -- Found rclcpp: 16.0.19 (/opt/ros/humble/share/rclcpp/cmake)
[4.966s] -- Found rosidl_generator_c: 3.1.8 (/opt/ros/humble/share/rosidl_generator_c/cmake)
[4.978s] -- Found rosidl_adapter: 3.1.8 (/opt/ros/humble/share/rosidl_adapter/cmake)
[5.000s] -- Found rosidl_generator_cpp: 3.1.8 (/opt/ros/humble/share/rosidl_generator_cpp/cmake)
[5.039s] -- Using all available rosidl_typesupport_c: rosidl_typesupport_fastrtps_c;rosidl_typesupport_introspection_c
[5.081s] -- Using all available rosidl_typesupport_cpp: rosidl_typesupport_fastrtps_cpp;rosidl_typesupport_introspection_cpp
[5.203s] -- Found rmw_implementation_cmake: 6.1.2 (/opt/ros/humble/share/rmw_implementation_cmake/cmake)
[5.210s] -- Found rmw_fastrtps_cpp: 6.2.10 (/opt/ros/humble/share/rmw_fastrtps_cpp/cmake)
[8.221s] -- Found OpenSSL: /usr/lib/x86_64-linux-gnu/libcrypto.so (found version "3.0.2")  
[11.093s] -- Found FastRTPS: /opt/ros/humble/include  
[16.427s] -- Using RMW implementation 'rmw_fastrtps_cpp' as default
[16.452s] -- Looking for pthread.h
[16.787s] -- Looking for pthread.h - found
[16.788s] -- Performing Test CMAKE_HAVE_LIBC_PTHREAD
[17.090s] -- Performing Test CMAKE_HAVE_LIBC_PTHREAD - Success
[17.092s] -- Found Threads: TRUE  
[17.226s] -- Found gazebo_ros: 3.9.0 (/opt/ros/humble/share/gazebo_ros/cmake)
[17.249s] -- Found PkgConfig: /usr/bin/pkg-config (found version "0.29.2") 
[17.251s] -- Checking for module 'bullet>=2.82'
[17.274s] --   Found bullet, version 3.05
[17.551s] -- Found fcl: /usr/include (found suitable version "0.7.0", minimum required is "0.5.0") 
[17.627s] -- Found assimp: /usr/include (found version "5.2.0") 
[17.680s] -- Found DART: /usr/include (Required is at least version "6.6") found components: dart 
[17.737s] -- Found Boost: /usr/lib/x86_64-linux-gnu/cmake/Boost-1.74.0/BoostConfig.cmake (found suitable version "1.74.0", minimum required is "1.40.0") found components: thread system filesystem program_options regex iostreams date_time 
[18.718s] -- Found Protobuf: /usr/lib/x86_64-linux-gnu/libprotobuf.so (found version "3.12.4") 
[18.728s] -- Looking for ignition-math6 -- found version 6.15.1
[18.748s] -- Searching for dependencies of ignition-math6
[18.755s] -- Looking for OGRE...
[18.756s] -- OGRE_PREFIX_WATCH changed.
[18.767s] -- Checking for module 'OGRE'
[18.786s] --   Found OGRE, version 1.9.0
[18.839s] -- Found Ogre Ghadamon (1.9.0)
[19.845s] -- Found OGRE: optimized;/usr/lib/x86_64-linux-gnu/libOgreMain.so;debug;/usr/lib/x86_64-linux-gnu/libOgreMain.so
[19.861s] -- Looking for OGRE_Paging...
[20.613s] -- Found OGRE_Paging: optimized;/usr/lib/x86_64-linux-gnu/libOgrePaging.so;debug;/usr/lib/x86_64-linux-gnu/libOgrePaging.so
[20.613s] -- Looking for OGRE_Terrain...
[21.405s] -- Found OGRE_Terrain: optimized;/usr/lib/x86_64-linux-gnu/libOgreTerrain.so;debug;/usr/lib/x86_64-linux-gnu/libOgreTerrain.so
[21.406s] -- Looking for OGRE_Property...
[22.237s] -- Found OGRE_Property: optimized;/usr/lib/x86_64-linux-gnu/libOgreProperty.so;debug;/usr/lib/x86_64-linux-gnu/libOgreProperty.so
[22.238s] -- Looking for OGRE_RTShaderSystem...
[22.922s] -- Found OGRE_RTShaderSystem: optimized;/usr/lib/x86_64-linux-gnu/libOgreRTShaderSystem.so;debug;/usr/lib/x86_64-linux-gnu/libOgreRTShaderSystem.so
[22.923s] -- Looking for OGRE_Volume...
[23.665s] -- Found OGRE_Volume: optimized;/usr/lib/x86_64-linux-gnu/libOgreVolume.so;debug;/usr/lib/x86_64-linux-gnu/libOgreVolume.so
[23.665s] -- Looking for OGRE_Overlay...
[24.474s] -- Found OGRE_Overlay: optimized;/usr/lib/x86_64-linux-gnu/libOgreOverlay.so;debug;/usr/lib/x86_64-linux-gnu/libOgreOverlay.so
[61.255s] -- Looking for ignition-math6 -- found version 6.15.1
[61.262s] -- Looking for ignition-transport8 -- found version 8.2.1
[61.264s] -- Searching for dependencies of ignition-transport8
[64.100s] -- Found Protobuf: /usr/lib/x86_64-linux-gnu/libprotobuf.so (found suitable version "3.12.4", minimum required is "3") 
[66.705s] -- Config-file not installed for ZeroMQ -- checking for pkg-config
[66.723s] -- Checking for module 'libzmq >= 4'
[66.752s] --   Found libzmq , version 4.3.4
[66.804s] -- Found ZeroMQ: TRUE (Required is at least version "4") 
[66.933s] -- Checking for module 'uuid'
[66.954s] --   Found uuid, version 2.37.2
[66.999s] -- Found UUID: TRUE  
[67.005s] -- Looking for ignition-msgs5 -- found version 5.8.1
[67.006s] -- Searching for dependencies of ignition-msgs5
[69.853s] -- Looking for ignition-math6 -- found version 6.15.1
[69.864s] -- Checking for module 'tinyxml2'
[69.883s] --   Found tinyxml2, version 9.0.0
[69.930s] -- Looking for ignition-msgs5 -- found version 5.8.1
[69.933s] -- Looking for ignition-common3 -- found version 3.14.0
[69.934s] -- Searching for dependencies of ignition-common3
[70.029s] -- Looking for dlfcn.h - found
[70.133s] -- Looking for libdl - found
[70.134s] -- Found DL: TRUE  
[70.334s] -- Found tinyobjloader: /usr/lib/x86_64-linux-gnu/cmake/tinyobjloader/tinyobjloader-config.cmake (found version "2.0.0") 
[70.335s] -- Searching for <ignition-common3> component [graphics]
[70.340s] -- Looking for ignition-common3-graphics -- found version 3.14.0
[70.341s] -- Searching for dependencies of ignition-common3-graphics
[70.341s] -- Looking for ignition-math6 -- found version 6.15.1
[70.348s] -- Looking for ignition-fuel_tools4 -- found version 4.4.0
[70.348s] -- Searching for dependencies of ignition-fuel_tools4
[73.595s] -- Found CURL: /usr/lib/x86_64-linux-gnu/libcurl.so (found version "7.81.0")  
[73.617s] -- Checking for module 'jsoncpp'
[73.636s] --   Found jsoncpp, version 1.9.5
[73.684s] -- Found JSONCPP: TRUE  
[73.697s] -- Checking for module 'libzip'
[73.717s] --   Found libzip, version 1.7.3
[73.762s] -- Found ZIP: TRUE  
[73.762s] -- Looking for ignition-common3 -- found version 3.14.0
[73.763s] -- Looking for ignition-math6 -- found version 6.15.1
[73.764s] -- Looking for ignition-msgs5 -- found version 5.8.1
[73.774s] -- Gazebo version: 11.10
[73.774s] -- Checking for module 'tbb'
[73.796s] --   Found tbb, version 2021.5.0
[73.845s] -- Found ament_lint_auto: 0.12.15 (/opt/ros/humble/share/ament_lint_auto/cmake)
[74.048s] -- Added test 'copyright' to check source files copyright and LICENSE
[74.055s] -- Added test 'flake8' to check Python code syntax and style conventions
[74.056s] -- Added test 'lint_cmake' to check CMake code style
[74.057s] -- Added test 'pep257' to check Python code against some of the docstring style conventions in PEP 257
[74.061s] -- Added test 'xmllint' to check XML markup files
[74.064s] -- Configuring done
[74.077s] -- Generating done
[74.087s] -- Build files have been written to: /home/manasvi3/ros2_ws/build/aqua_robot_gazebo
[74.117s] Invoked command in '/home/manasvi3/ros2_ws/build/aqua_robot_gazebo' returned '0': CMAKE_PREFIX_PATH=/opt/ros/humble /usr/bin/cmake /home/manasvi3/ros2_ws/src/aqua_robot_gazebo -DCMAKE_INSTALL_PREFIX=/home/manasvi3/ros2_ws/install/aqua_robot_gazebo
[74.120s] Invoking command in '/home/manasvi3/ros2_ws/build/aqua_robot_gazebo': CMAKE_PREFIX_PATH=/opt/ros/humble /usr/bin/cmake --build /home/manasvi3/ros2_ws/build/aqua_robot_gazebo -- -j14 -l14
[74.201s] Invoked command in '/home/manasvi3/ros2_ws/build/aqua_robot_gazebo' returned '0': CMAKE_PREFIX_PATH=/opt/ros/humble /usr/bin/cmake --build /home/manasvi3/ros2_ws/build/aqua_robot_gazebo -- -j14 -l14
[74.217s] Invoking command in '/home/manasvi3/ros2_ws/build/aqua_robot_gazebo': CMAKE_PREFIX_PATH=/opt/ros/humble /usr/bin/cmake --install /home/manasvi3/ros2_ws/build/aqua_robot_gazebo
[74.229s] -- Install configuration: ""
[74.229s] -- Installing: /home/manasvi3/ros2_ws/install/aqua_robot_gazebo/share/aqua_robot_gazebo/worlds
[74.232s] -- Installing: /home/manasvi3/ros2_ws/install/aqua_robot_gazebo/share/aqua_robot_gazebo/worlds/lake_waste.world.save
[74.233s] -- Installing: /home/manasvi3/ros2_ws/install/aqua_robot_gazebo/share/aqua_robot_gazebo/worlds/lake_waste.world
[74.234s] -- Installing: /home/manasvi3/ros2_ws/install/aqua_robot_gazebo/share/aqua_robot_gazebo/urdf
[74.235s] -- Installing: /home/manasvi3/ros2_ws/install/aqua_robot_gazebo/share/aqua_robot_gazebo/urdf/aqua_robot.urdf
[74.236s] -- Installing: /home/manasvi3/ros2_ws/install/aqua_robot_gazebo/share/aqua_robot_gazebo/launch
[74.236s] -- Installing: /home/manasvi3/ros2_ws/install/aqua_robot_gazebo/share/aqua_robot_gazebo/launch/lake_simulation.launch.py
[74.237s] -- Installing: /home/manasvi3/ros2_ws/install/aqua_robot_gazebo/share/aqua_robot_gazebo/config
[74.237s] -- Installing: /home/manasvi3/ros2_ws/install/aqua_robot_gazebo/share/aqua_robot_gazebo/config/aqua_robot.rviz
[74.238s] -- Up-to-date: /home/manasvi3/ros2_ws/install/aqua_robot_gazebo/share/aqua_robot_gazebo/launch/lake_simulation.launch.py
[74.238s] -- Installing: /home/manasvi3/ros2_ws/install/aqua_robot_gazebo/share/ament_index/resource_index/package_run_dependencies/aqua_robot_gazebo
[74.239s] -- Installing: /home/manasvi3/ros2_ws/install/aqua_robot_gazebo/share/ament_index/resource_index/parent_prefix_path/aqua_robot_gazebo
[74.239s] -- Installing: /home/manasvi3/ros2_ws/install/aqua_robot_gazebo/share/aqua_robot_gazebo/environment/ament_prefix_path.sh
[74.239s] -- Installing: /home/manasvi3/ros2_ws/install/aqua_robot_gazebo/share/aqua_robot_gazebo/environment/ament_prefix_path.dsv
[74.240s] -- Installing: /home/manasvi3/ros2_ws/install/aqua_robot_gazebo/share/aqua_robot_gazebo/environment/path.sh
[74.240s] -- Installing: /home/manasvi3/ros2_ws/install/aqua_robot_gazebo/share/aqua_robot_gazebo/environment/path.dsv
[74.240s] -- Installing: /home/manasvi3/ros2_ws/install/aqua_robot_gazebo/share/aqua_robot_gazebo/local_setup.bash
[74.240s] -- Installing: /home/manasvi3/ros2_ws/install/aqua_robot_gazebo/share/aqua_robot_gazebo/local_setup.sh
[74.240s] -- Installing: /home/manasvi3/ros2_ws/install/aqua_robot_gazebo/share/aqua_robot_gazebo/local_setup.zsh
[74.240s] -- Installing: /home/manasvi3/ros2_ws/install/aqua_robot_gazebo/share/aqua_robot_gazebo/local_setup.dsv
[74.241s] -- Installing: /home/manasvi3/ros2_ws/install/aqua_robot_gazebo/share/aqua_robot_gazebo/package.dsv
[74.241s] -- Installing: /home/manasvi3/ros2_ws/install/aqua_robot_gazebo/share/ament_index/resource_index/packages/aqua_robot_gazebo
[74.242s] -- Installing: /home/manasvi3/ros2_ws/install/aqua_robot_gazebo/share/aqua_robot_gazebo/cmake/aqua_robot_gazeboConfig.cmake
[74.242s] -- Installing: /home/manasvi3/ros2_ws/install/aqua_robot_gazebo/share/aqua_robot_gazebo/cmake/aqua_robot_gazeboConfig-version.cmake
[74.242s] -- Installing: /home/manasvi3/ros2_ws/install/aqua_robot_gazebo/share/aqua_robot_gazebo/package.xml
[74.245s] Invoked command in '/home/manasvi3/ros2_ws/build/aqua_robot_gazebo' returned '0': CMAKE_PREFIX_PATH=/opt/ros/humble /usr/bin/cmake --install /home/manasvi3/ros2_ws/build/aqua_robot_gazebo
