[0.021s] Invoking command in '/home/manasvi3/ros2_ws/build/aqua_robot_gazebo': CMAKE_PREFIX_PATH=${CMAKE_PREFIX_PATH}:/opt/ros/humble /usr/bin/cmake /home/manasvi3/ros2_ws/src/aqua_robot_gazebo -DCMAKE_INSTALL_PREFIX=/home/manasvi3/ros2_ws/install/aqua_robot_gazebo
[0.049s] -- Found ament_cmake: 1.3.14 (/opt/ros/humble/share/ament_cmake/cmake)
[0.267s] -- Found rclcpp: 16.0.19 (/opt/ros/humble/share/rclcpp/cmake)
[0.652s] -- Found rosidl_generator_c: 3.1.8 (/opt/ros/humble/share/rosidl_generator_c/cmake)
[0.656s] -- Found rosidl_adapter: 3.1.8 (/opt/ros/humble/share/rosidl_adapter/cmake)
[0.667s] -- Found rosidl_generator_cpp: 3.1.8 (/opt/ros/humble/share/rosidl_generator_cpp/cmake)
[0.682s] -- Using all available rosidl_typesupport_c: rosidl_typesupport_fastrtps_c;rosidl_typesupport_introspection_c
[0.702s] -- Using all available rosidl_typesupport_cpp: rosidl_typesupport_fastrtps_cpp;rosidl_typesupport_introspection_cpp
[0.755s] -- Found rmw_implementation_cmake: 6.1.2 (/opt/ros/humble/share/rmw_implementation_cmake/cmake)
[0.757s] -- Found rmw_fastrtps_cpp: 6.2.10 (/opt/ros/humble/share/rmw_fastrtps_cpp/cmake)
[13.978s] -- Using RMW implementation 'rmw_fastrtps_cpp' as default
[14.061s] -- Found gazebo_ros: 3.9.0 (/opt/ros/humble/share/gazebo_ros/cmake)
[14.114s] -- Found DART: /usr/include (Required is at least version "6.6") found components: dart 
[14.160s] -- Found Protobuf: /usr/lib/x86_64-linux-gnu/libprotobuf.so (found version "3.12.4") 
[14.164s] -- Looking for ignition-math6 -- found version 6.15.1
[14.173s] -- Searching for dependencies of ignition-math6
[14.177s] -- Looking for OGRE...
[14.187s] -- Found Ogre Ghadamon (1.9.0)
[14.188s] -- Found OGRE: optimized;/usr/lib/x86_64-linux-gnu/libOgreMain.so;debug;/usr/lib/x86_64-linux-gnu/libOgreMain.so
[14.207s] -- Looking for OGRE_Paging...
[14.208s] -- Found OGRE_Paging: optimized;/usr/lib/x86_64-linux-gnu/libOgrePaging.so;debug;/usr/lib/x86_64-linux-gnu/libOgrePaging.so
[14.208s] -- Looking for OGRE_Terrain...
[14.208s] -- Found OGRE_Terrain: optimized;/usr/lib/x86_64-linux-gnu/libOgreTerrain.so;debug;/usr/lib/x86_64-linux-gnu/libOgreTerrain.so
[14.209s] -- Looking for OGRE_Property...
[14.209s] -- Found OGRE_Property: optimized;/usr/lib/x86_64-linux-gnu/libOgreProperty.so;debug;/usr/lib/x86_64-linux-gnu/libOgreProperty.so
[14.209s] -- Looking for OGRE_RTShaderSystem...
[14.209s] -- Found OGRE_RTShaderSystem: optimized;/usr/lib/x86_64-linux-gnu/libOgreRTShaderSystem.so;debug;/usr/lib/x86_64-linux-gnu/libOgreRTShaderSystem.so
[14.209s] -- Looking for OGRE_Volume...
[14.210s] -- Found OGRE_Volume: optimized;/usr/lib/x86_64-linux-gnu/libOgreVolume.so;debug;/usr/lib/x86_64-linux-gnu/libOgreVolume.so
[14.210s] -- Looking for OGRE_Overlay...
[14.211s] -- Found OGRE_Overlay: optimized;/usr/lib/x86_64-linux-gnu/libOgreOverlay.so;debug;/usr/lib/x86_64-linux-gnu/libOgreOverlay.so
[52.390s] -- Looking for ignition-math6 -- found version 6.15.1
[52.399s] -- Looking for ignition-transport8 -- found version 8.2.1
[52.400s] -- Searching for dependencies of ignition-transport8
[55.605s] -- Found Protobuf: /usr/lib/x86_64-linux-gnu/libprotobuf.so (found suitable version "3.12.4", minimum required is "3") 
[58.472s] -- Config-file not installed for ZeroMQ -- checking for pkg-config
[58.479s] -- Checking for module 'libzmq >= 4'
[58.509s] --   Found libzmq , version 4.3.4
[58.566s] -- Checking for module 'uuid'
[58.587s] --   Found uuid, version 2.37.2
[58.640s] -- Looking for ignition-msgs5 -- found version 5.8.1
[58.643s] -- Searching for dependencies of ignition-msgs5
[61.199s] -- Looking for ignition-math6 -- found version 6.15.1
[61.214s] -- Checking for module 'tinyxml2'
[61.234s] --   Found tinyxml2, version 9.0.0
[61.283s] -- Looking for ignition-msgs5 -- found version 5.8.1
[61.285s] -- Looking for ignition-common3 -- found version 3.14.0
[61.287s] -- Searching for dependencies of ignition-common3
[61.287s] -- Looking for dlfcn.h - found
[61.288s] -- Looking for libdl - found
[61.472s] -- Searching for <ignition-common3> component [graphics]
[61.474s] -- Looking for ignition-common3-graphics -- found version 3.14.0
[61.475s] -- Searching for dependencies of ignition-common3-graphics
[61.475s] -- Looking for ignition-math6 -- found version 6.15.1
[61.479s] -- Looking for ignition-fuel_tools4 -- found version 4.4.0
[61.480s] -- Searching for dependencies of ignition-fuel_tools4
[64.114s] -- Checking for module 'jsoncpp'
[64.132s] --   Found jsoncpp, version 1.9.5
[64.194s] -- Checking for module 'libzip'
[64.214s] --   Found libzip, version 1.7.3
[64.267s] -- Looking for ignition-common3 -- found version 3.14.0
[64.268s] -- Looking for ignition-math6 -- found version 6.15.1
[64.270s] -- Looking for ignition-msgs5 -- found version 5.8.1
[64.284s] -- Gazebo version: 11.10
[64.286s] -- Found ament_lint_auto: 0.12.15 (/opt/ros/humble/share/ament_lint_auto/cmake)
[64.425s] -- Added test 'copyright' to check source files copyright and LICENSE
[64.428s] -- Added test 'flake8' to check Python code syntax and style conventions
[64.429s] -- Added test 'lint_cmake' to check CMake code style
[64.429s] -- Added test 'pep257' to check Python code against some of the docstring style conventions in PEP 257
[64.431s] -- Added test 'xmllint' to check XML markup files
[64.434s] -- Configuring done
[64.450s] -- Generating done
[64.455s] -- Build files have been written to: /home/manasvi3/ros2_ws/build/aqua_robot_gazebo
[64.472s] Invoked command in '/home/manasvi3/ros2_ws/build/aqua_robot_gazebo' returned '0': CMAKE_PREFIX_PATH=${CMAKE_PREFIX_PATH}:/opt/ros/humble /usr/bin/cmake /home/manasvi3/ros2_ws/src/aqua_robot_gazebo -DCMAKE_INSTALL_PREFIX=/home/manasvi3/ros2_ws/install/aqua_robot_gazebo
[64.482s] Invoking command in '/home/manasvi3/ros2_ws/build/aqua_robot_gazebo': CMAKE_PREFIX_PATH=${CMAKE_PREFIX_PATH}:/opt/ros/humble /usr/bin/cmake --build /home/manasvi3/ros2_ws/build/aqua_robot_gazebo -- -j14 -l14
[64.543s] Invoked command in '/home/manasvi3/ros2_ws/build/aqua_robot_gazebo' returned '0': CMAKE_PREFIX_PATH=${CMAKE_PREFIX_PATH}:/opt/ros/humble /usr/bin/cmake --build /home/manasvi3/ros2_ws/build/aqua_robot_gazebo -- -j14 -l14
[64.561s] Invoking command in '/home/manasvi3/ros2_ws/build/aqua_robot_gazebo': CMAKE_PREFIX_PATH=${CMAKE_PREFIX_PATH}:/opt/ros/humble /usr/bin/cmake --install /home/manasvi3/ros2_ws/build/aqua_robot_gazebo
[64.579s] -- Install configuration: ""
[64.580s] -- Up-to-date: /home/manasvi3/ros2_ws/install/aqua_robot_gazebo/share/aqua_robot_gazebo/worlds
[64.581s] -- Up-to-date: /home/manasvi3/ros2_ws/install/aqua_robot_gazebo/share/aqua_robot_gazebo/worlds/lake_waste.world.save
[64.581s] -- Up-to-date: /home/manasvi3/ros2_ws/install/aqua_robot_gazebo/share/aqua_robot_gazebo/worlds/lake_waste.world
[64.581s] -- Up-to-date: /home/manasvi3/ros2_ws/install/aqua_robot_gazebo/share/aqua_robot_gazebo/worlds/lake_waste.world.backup
[64.581s] -- Up-to-date: /home/manasvi3/ros2_ws/install/aqua_robot_gazebo/share/aqua_robot_gazebo/urdf
[64.581s] -- Up-to-date: /home/manasvi3/ros2_ws/install/aqua_robot_gazebo/share/aqua_robot_gazebo/urdf/aqua_robot.urdf
[64.581s] -- Up-to-date: /home/manasvi3/ros2_ws/install/aqua_robot_gazebo/share/aqua_robot_gazebo/launch
[64.581s] -- Installing: /home/manasvi3/ros2_ws/install/aqua_robot_gazebo/share/aqua_robot_gazebo/launch/lake_simulation.launch.py
[64.582s] -- Up-to-date: /home/manasvi3/ros2_ws/install/aqua_robot_gazebo/share/aqua_robot_gazebo/launch/lake_simulation.launch.py.save
[64.582s] -- Up-to-date: /home/manasvi3/ros2_ws/install/aqua_robot_gazebo/share/aqua_robot_gazebo/config
[64.582s] -- Up-to-date: /home/manasvi3/ros2_ws/install/aqua_robot_gazebo/share/aqua_robot_gazebo/config/aqua_robot.rviz
[64.582s] -- Up-to-date: /home/manasvi3/ros2_ws/install/aqua_robot_gazebo/share/aqua_robot_gazebo/launch/lake_simulation.launch.py
[64.582s] -- Up-to-date: /home/manasvi3/ros2_ws/install/aqua_robot_gazebo/share/ament_index/resource_index/package_run_dependencies/aqua_robot_gazebo
[64.582s] -- Installing: /home/manasvi3/ros2_ws/install/aqua_robot_gazebo/share/ament_index/resource_index/parent_prefix_path/aqua_robot_gazebo
[64.582s] -- Up-to-date: /home/manasvi3/ros2_ws/install/aqua_robot_gazebo/share/aqua_robot_gazebo/environment/ament_prefix_path.sh
[64.583s] -- Installing: /home/manasvi3/ros2_ws/install/aqua_robot_gazebo/share/aqua_robot_gazebo/environment/ament_prefix_path.dsv
[64.583s] -- Up-to-date: /home/manasvi3/ros2_ws/install/aqua_robot_gazebo/share/aqua_robot_gazebo/environment/path.sh
[64.583s] -- Installing: /home/manasvi3/ros2_ws/install/aqua_robot_gazebo/share/aqua_robot_gazebo/environment/path.dsv
[64.583s] -- Up-to-date: /home/manasvi3/ros2_ws/install/aqua_robot_gazebo/share/aqua_robot_gazebo/local_setup.bash
[64.583s] -- Up-to-date: /home/manasvi3/ros2_ws/install/aqua_robot_gazebo/share/aqua_robot_gazebo/local_setup.sh
[64.583s] -- Up-to-date: /home/manasvi3/ros2_ws/install/aqua_robot_gazebo/share/aqua_robot_gazebo/local_setup.zsh
[64.583s] -- Installing: /home/manasvi3/ros2_ws/install/aqua_robot_gazebo/share/aqua_robot_gazebo/local_setup.dsv
[64.584s] -- Installing: /home/manasvi3/ros2_ws/install/aqua_robot_gazebo/share/aqua_robot_gazebo/package.dsv
[64.584s] -- Up-to-date: /home/manasvi3/ros2_ws/install/aqua_robot_gazebo/share/ament_index/resource_index/packages/aqua_robot_gazebo
[64.584s] -- Up-to-date: /home/manasvi3/ros2_ws/install/aqua_robot_gazebo/share/aqua_robot_gazebo/cmake/aqua_robot_gazeboConfig.cmake
[64.584s] -- Up-to-date: /home/manasvi3/ros2_ws/install/aqua_robot_gazebo/share/aqua_robot_gazebo/cmake/aqua_robot_gazeboConfig-version.cmake
[64.584s] -- Up-to-date: /home/manasvi3/ros2_ws/install/aqua_robot_gazebo/share/aqua_robot_gazebo/package.xml
[64.586s] Invoked command in '/home/manasvi3/ros2_ws/build/aqua_robot_gazebo' returned '0': CMAKE_PREFIX_PATH=${CMAKE_PREFIX_PATH}:/opt/ros/humble /usr/bin/cmake --install /home/manasvi3/ros2_ws/build/aqua_robot_gazebo
