[0.053s] Invoking command in '/home/manasvi3/ros2_ws/build/aqua_robot_gazebo': CMAKE_PREFIX_PATH=/opt/ros/humble /usr/bin/cmake /home/manasvi3/ros2_ws/src/aqua_robot_gazebo -DAMENT_CMAKE_SYMLINK_INSTALL=1 -DCMAKE_INSTALL_PREFIX=/home/manasvi3/ros2_ws/install/aqua_robot_gazebo
[0.121s] -- Found ament_cmake: 1.3.14 (/opt/ros/humble/share/ament_cmake/cmake)
[0.401s] -- Override CMake install command with custom implementation using symlinks instead of copying resources
[0.446s] -- Found rclcpp: 16.0.19 (/opt/ros/humble/share/rclcpp/cmake)
[0.748s] -- Found rosidl_generator_c: 3.1.8 (/opt/ros/humble/share/rosidl_generator_c/cmake)
[0.757s] -- Found rosidl_adapter: 3.1.8 (/opt/ros/humble/share/rosidl_adapter/cmake)
[0.780s] -- Found rosidl_generator_cpp: 3.1.8 (/opt/ros/humble/share/rosidl_generator_cpp/cmake)
[0.815s] -- Using all available rosidl_typesupport_c: rosidl_typesupport_fastrtps_c;rosidl_typesupport_introspection_c
[0.852s] -- Using all available rosidl_typesupport_cpp: rosidl_typesupport_fastrtps_cpp;rosidl_typesupport_introspection_cpp
[0.954s] -- Found rmw_implementation_cmake: 6.1.2 (/opt/ros/humble/share/rmw_implementation_cmake/cmake)
[0.959s] -- Found rmw_fastrtps_cpp: 6.2.10 (/opt/ros/humble/share/rmw_fastrtps_cpp/cmake)
[12.414s] -- Using RMW implementation 'rmw_fastrtps_cpp' as default
[12.547s] -- Found gazebo_ros: 3.9.0 (/opt/ros/humble/share/gazebo_ros/cmake)
[12.656s] -- Found DART: /usr/include (Required is at least version "6.6") found components: dart 
[12.743s] -- Found Protobuf: /usr/lib/x86_64-linux-gnu/libprotobuf.so (found version "3.12.4") 
[12.751s] -- Looking for ignition-math6 -- found version 6.15.1
[12.770s] -- Searching for dependencies of ignition-math6
[12.777s] -- Looking for OGRE...
[12.791s] -- Found Ogre Ghadamon (1.9.0)
[12.791s] -- Found OGRE: optimized;/usr/lib/x86_64-linux-gnu/libOgreMain.so;debug;/usr/lib/x86_64-linux-gnu/libOgreMain.so
[12.810s] -- Looking for OGRE_Paging...
[12.810s] -- Found OGRE_Paging: optimized;/usr/lib/x86_64-linux-gnu/libOgrePaging.so;debug;/usr/lib/x86_64-linux-gnu/libOgrePaging.so
[12.811s] -- Looking for OGRE_Terrain...
[12.811s] -- Found OGRE_Terrain: optimized;/usr/lib/x86_64-linux-gnu/libOgreTerrain.so;debug;/usr/lib/x86_64-linux-gnu/libOgreTerrain.so
[12.811s] -- Looking for OGRE_Property...
[12.811s] -- Found OGRE_Property: optimized;/usr/lib/x86_64-linux-gnu/libOgreProperty.so;debug;/usr/lib/x86_64-linux-gnu/libOgreProperty.so
[12.811s] -- Looking for OGRE_RTShaderSystem...
[12.812s] -- Found OGRE_RTShaderSystem: optimized;/usr/lib/x86_64-linux-gnu/libOgreRTShaderSystem.so;debug;/usr/lib/x86_64-linux-gnu/libOgreRTShaderSystem.so
[12.812s] -- Looking for OGRE_Volume...
[12.812s] -- Found OGRE_Volume: optimized;/usr/lib/x86_64-linux-gnu/libOgreVolume.so;debug;/usr/lib/x86_64-linux-gnu/libOgreVolume.so
[12.812s] -- Looking for OGRE_Overlay...
[12.812s] -- Found OGRE_Overlay: optimized;/usr/lib/x86_64-linux-gnu/libOgreOverlay.so;debug;/usr/lib/x86_64-linux-gnu/libOgreOverlay.so
[19.188s] Invoked command in '/home/manasvi3/ros2_ws/build/aqua_robot_gazebo' returned '-2': CMAKE_PREFIX_PATH=/opt/ros/humble /usr/bin/cmake /home/manasvi3/ros2_ws/src/aqua_robot_gazebo -DAMENT_CMAKE_SYMLINK_INSTALL=1 -DCMAKE_INSTALL_PREFIX=/home/manasvi3/ros2_ws/install/aqua_robot_gazebo
