[0.594s] DEBUG:colcon:Command line arguments: ['/usr/bin/colcon', 'build', '--packages-select', 'aqua_robot_gazebo']
[0.595s] DEBUG:colcon:Parsed command line arguments: Namespace(log_base=None, log_level=None, verb_name='build', build_base='build', install_base='install', merge_install=False, symlink_install=False, test_result_base=None, continue_on_error=False, executor='parallel', parallel_workers=14, event_handlers=None, ignore_user_meta=False, metas=['./colcon.meta'], base_paths=['.'], packages_ignore=None, packages_ignore_regex=None, paths=None, packages_up_to=None, packages_up_to_regex=None, packages_above=None, packages_above_and_dependencies=None, packages_above_depth=None, packages_select_by_dep=None, packages_skip_by_dep=None, packages_skip_up_to=None, packages_select_build_failed=False, packages_skip_build_finished=False, packages_select_test_failures=False, packages_skip_test_passed=False, packages_select=['aqua_robot_gazebo'], packages_skip=None, packages_select_regex=None, packages_skip_regex=None, packages_start=None, packages_end=None, allow_overriding=[], cmake_args=None, cmake_target=None, cmake_target_skip_unavailable=False, cmake_clean_cache=False, cmake_clean_first=False, cmake_force_configure=False, ament_cmake_args=None, catkin_cmake_args=None, catkin_skip_building_tests=False, mixin_files=None, mixin=None, verb_parser=<colcon_mixin.mixin.mixin_argument.MixinArgumentDecorator object at 0x7d69fc0dd270>, verb_extension=<colcon_core.verb.build.BuildVerb object at 0x7d69fc1de1d0>, main=<bound method BuildVerb.main of <colcon_core.verb.build.BuildVerb object at 0x7d69fc1de1d0>>, mixin_verb=('build',))
[1.265s] Level 1:colcon.colcon_core.package_discovery:discover_packages(colcon_meta) check parameters
[1.265s] Level 1:colcon.colcon_core.package_discovery:discover_packages(recursive) check parameters
[1.265s] Level 1:colcon.colcon_core.package_discovery:discover_packages(ignore) check parameters
[1.266s] Level 1:colcon.colcon_core.package_discovery:discover_packages(path) check parameters
[1.266s] Level 1:colcon.colcon_core.package_discovery:discover_packages(colcon_meta) discover
[1.266s] Level 1:colcon.colcon_core.package_discovery:discover_packages(recursive) discover
[1.266s] INFO:colcon.colcon_core.package_discovery:Crawling recursively for packages in '/home/manasvi3/ros2_ws'
[1.267s] Level 1:colcon.colcon_core.package_identification:_identify(.) by extensions ['ignore', 'ignore_ament_install']
[1.267s] Level 1:colcon.colcon_core.package_identification:_identify(.) by extension 'ignore'
[1.267s] Level 1:colcon.colcon_core.package_identification:_identify(.) by extension 'ignore_ament_install'
[1.267s] Level 1:colcon.colcon_core.package_identification:_identify(.) by extensions ['colcon_pkg']
[1.267s] Level 1:colcon.colcon_core.package_identification:_identify(.) by extension 'colcon_pkg'
[1.267s] Level 1:colcon.colcon_core.package_identification:_identify(.) by extensions ['colcon_meta']
[1.267s] Level 1:colcon.colcon_core.package_identification:_identify(.) by extension 'colcon_meta'
[1.267s] Level 1:colcon.colcon_core.package_identification:_identify(.) by extensions ['ros']
[1.267s] Level 1:colcon.colcon_core.package_identification:_identify(.) by extension 'ros'
[1.295s] Level 1:colcon.colcon_core.package_identification:_identify(.) by extensions ['cmake', 'python']
[1.295s] Level 1:colcon.colcon_core.package_identification:_identify(.) by extension 'cmake'
[1.296s] Level 1:colcon.colcon_core.package_identification:_identify(.) by extension 'python'
[1.296s] Level 1:colcon.colcon_core.package_identification:_identify(.) by extensions ['python_setup_py']
[1.296s] Level 1:colcon.colcon_core.package_identification:_identify(.) by extension 'python_setup_py'
[1.297s] Level 1:colcon.colcon_core.package_identification:_identify(build) by extensions ['ignore', 'ignore_ament_install']
[1.297s] Level 1:colcon.colcon_core.package_identification:_identify(build) by extension 'ignore'
[1.297s] Level 1:colcon.colcon_core.package_identification:_identify(build) ignored
[1.298s] Level 1:colcon.colcon_core.package_identification:_identify(install) by extensions ['ignore', 'ignore_ament_install']
[1.298s] Level 1:colcon.colcon_core.package_identification:_identify(install) by extension 'ignore'
[1.298s] Level 1:colcon.colcon_core.package_identification:_identify(install) ignored
[1.298s] Level 1:colcon.colcon_core.package_identification:_identify(log) by extensions ['ignore', 'ignore_ament_install']
[1.298s] Level 1:colcon.colcon_core.package_identification:_identify(log) by extension 'ignore'
[1.298s] Level 1:colcon.colcon_core.package_identification:_identify(log) ignored
[1.299s] Level 1:colcon.colcon_core.package_identification:_identify(src) by extensions ['ignore', 'ignore_ament_install']
[1.299s] Level 1:colcon.colcon_core.package_identification:_identify(src) by extension 'ignore'
[1.299s] Level 1:colcon.colcon_core.package_identification:_identify(src) by extension 'ignore_ament_install'
[1.299s] Level 1:colcon.colcon_core.package_identification:_identify(src) by extensions ['colcon_pkg']
[1.299s] Level 1:colcon.colcon_core.package_identification:_identify(src) by extension 'colcon_pkg'
[1.299s] Level 1:colcon.colcon_core.package_identification:_identify(src) by extensions ['colcon_meta']
[1.299s] Level 1:colcon.colcon_core.package_identification:_identify(src) by extension 'colcon_meta'
[1.299s] Level 1:colcon.colcon_core.package_identification:_identify(src) by extensions ['ros']
[1.300s] Level 1:colcon.colcon_core.package_identification:_identify(src) by extension 'ros'
[1.300s] Level 1:colcon.colcon_core.package_identification:_identify(src) by extensions ['cmake', 'python']
[1.300s] Level 1:colcon.colcon_core.package_identification:_identify(src) by extension 'cmake'
[1.300s] Level 1:colcon.colcon_core.package_identification:_identify(src) by extension 'python'
[1.300s] Level 1:colcon.colcon_core.package_identification:_identify(src) by extensions ['python_setup_py']
[1.300s] Level 1:colcon.colcon_core.package_identification:_identify(src) by extension 'python_setup_py'
[1.301s] Level 1:colcon.colcon_core.package_identification:_identify(src/New folder) by extensions ['ignore', 'ignore_ament_install']
[1.301s] Level 1:colcon.colcon_core.package_identification:_identify(src/New folder) by extension 'ignore'
[1.301s] Level 1:colcon.colcon_core.package_identification:_identify(src/New folder) by extension 'ignore_ament_install'
[1.301s] Level 1:colcon.colcon_core.package_identification:_identify(src/New folder) by extensions ['colcon_pkg']
[1.301s] Level 1:colcon.colcon_core.package_identification:_identify(src/New folder) by extension 'colcon_pkg'
[1.301s] Level 1:colcon.colcon_core.package_identification:_identify(src/New folder) by extensions ['colcon_meta']
[1.301s] Level 1:colcon.colcon_core.package_identification:_identify(src/New folder) by extension 'colcon_meta'
[1.301s] Level 1:colcon.colcon_core.package_identification:_identify(src/New folder) by extensions ['ros']
[1.301s] Level 1:colcon.colcon_core.package_identification:_identify(src/New folder) by extension 'ros'
[1.301s] Level 1:colcon.colcon_core.package_identification:_identify(src/New folder) by extensions ['cmake', 'python']
[1.301s] Level 1:colcon.colcon_core.package_identification:_identify(src/New folder) by extension 'cmake'
[1.301s] Level 1:colcon.colcon_core.package_identification:_identify(src/New folder) by extension 'python'
[1.301s] Level 1:colcon.colcon_core.package_identification:_identify(src/New folder) by extensions ['python_setup_py']
[1.301s] Level 1:colcon.colcon_core.package_identification:_identify(src/New folder) by extension 'python_setup_py'
[1.302s] Level 1:colcon.colcon_core.package_identification:_identify(src/aqua_robot_gazebo) by extensions ['ignore', 'ignore_ament_install']
[1.303s] Level 1:colcon.colcon_core.package_identification:_identify(src/aqua_robot_gazebo) by extension 'ignore'
[1.303s] Level 1:colcon.colcon_core.package_identification:_identify(src/aqua_robot_gazebo) by extension 'ignore_ament_install'
[1.303s] Level 1:colcon.colcon_core.package_identification:_identify(src/aqua_robot_gazebo) by extensions ['colcon_pkg']
[1.303s] Level 1:colcon.colcon_core.package_identification:_identify(src/aqua_robot_gazebo) by extension 'colcon_pkg'
[1.303s] Level 1:colcon.colcon_core.package_identification:_identify(src/aqua_robot_gazebo) by extensions ['colcon_meta']
[1.303s] Level 1:colcon.colcon_core.package_identification:_identify(src/aqua_robot_gazebo) by extension 'colcon_meta'
[1.303s] Level 1:colcon.colcon_core.package_identification:_identify(src/aqua_robot_gazebo) by extensions ['ros']
[1.303s] Level 1:colcon.colcon_core.package_identification:_identify(src/aqua_robot_gazebo) by extension 'ros'
[1.312s] DEBUG:colcon.colcon_core.package_identification:Package 'src/aqua_robot_gazebo' with type 'ros.ament_cmake' and name 'aqua_robot_gazebo'
[1.313s] Level 1:colcon.colcon_core.package_identification:_identify(src/asv_fleet) by extensions ['ignore', 'ignore_ament_install']
[1.313s] Level 1:colcon.colcon_core.package_identification:_identify(src/asv_fleet) by extension 'ignore'
[1.313s] Level 1:colcon.colcon_core.package_identification:_identify(src/asv_fleet) by extension 'ignore_ament_install'
[1.313s] Level 1:colcon.colcon_core.package_identification:_identify(src/asv_fleet) by extensions ['colcon_pkg']
[1.314s] Level 1:colcon.colcon_core.package_identification:_identify(src/asv_fleet) by extension 'colcon_pkg'
[1.314s] Level 1:colcon.colcon_core.package_identification:_identify(src/asv_fleet) by extensions ['colcon_meta']
[1.314s] Level 1:colcon.colcon_core.package_identification:_identify(src/asv_fleet) by extension 'colcon_meta'
[1.314s] Level 1:colcon.colcon_core.package_identification:_identify(src/asv_fleet) by extensions ['ros']
[1.314s] Level 1:colcon.colcon_core.package_identification:_identify(src/asv_fleet) by extension 'ros'
[1.315s] DEBUG:colcon.colcon_core.package_identification:Package 'src/asv_fleet' with type 'ros.ament_cmake' and name 'asv_fleet'
[1.317s] Level 1:colcon.colcon_core.package_identification:_identify(src/build) by extensions ['ignore', 'ignore_ament_install']
[1.317s] Level 1:colcon.colcon_core.package_identification:_identify(src/build) by extension 'ignore'
[1.317s] Level 1:colcon.colcon_core.package_identification:_identify(src/build) ignored
[1.318s] Level 1:colcon.colcon_core.package_identification:_identify(src/install) by extensions ['ignore', 'ignore_ament_install']
[1.318s] Level 1:colcon.colcon_core.package_identification:_identify(src/install) by extension 'ignore'
[1.318s] Level 1:colcon.colcon_core.package_identification:_identify(src/install) ignored
[1.319s] Level 1:colcon.colcon_core.package_identification:_identify(src/log) by extensions ['ignore', 'ignore_ament_install']
[1.319s] Level 1:colcon.colcon_core.package_identification:_identify(src/log) by extension 'ignore'
[1.319s] Level 1:colcon.colcon_core.package_identification:_identify(src/log) ignored
[1.320s] Level 1:colcon.colcon_core.package_identification:_identify(src/my_robot_description) by extensions ['ignore', 'ignore_ament_install']
[1.320s] Level 1:colcon.colcon_core.package_identification:_identify(src/my_robot_description) by extension 'ignore'
[1.320s] Level 1:colcon.colcon_core.package_identification:_identify(src/my_robot_description) by extension 'ignore_ament_install'
[1.320s] Level 1:colcon.colcon_core.package_identification:_identify(src/my_robot_description) by extensions ['colcon_pkg']
[1.321s] Level 1:colcon.colcon_core.package_identification:_identify(src/my_robot_description) by extension 'colcon_pkg'
[1.321s] Level 1:colcon.colcon_core.package_identification:_identify(src/my_robot_description) by extensions ['colcon_meta']
[1.321s] Level 1:colcon.colcon_core.package_identification:_identify(src/my_robot_description) by extension 'colcon_meta'
[1.321s] Level 1:colcon.colcon_core.package_identification:_identify(src/my_robot_description) by extensions ['ros']
[1.321s] Level 1:colcon.colcon_core.package_identification:_identify(src/my_robot_description) by extension 'ros'
[1.322s] DEBUG:colcon.colcon_core.package_identification:Package 'src/my_robot_description' with type 'ros.ament_cmake' and name 'my_robot_description'
[1.324s] Level 1:colcon.colcon_core.package_identification:_identify(src/ros2_fundamentals_examples) by extensions ['ignore', 'ignore_ament_install']
[1.324s] Level 1:colcon.colcon_core.package_identification:_identify(src/ros2_fundamentals_examples) by extension 'ignore'
[1.324s] Level 1:colcon.colcon_core.package_identification:_identify(src/ros2_fundamentals_examples) by extension 'ignore_ament_install'
[1.324s] Level 1:colcon.colcon_core.package_identification:_identify(src/ros2_fundamentals_examples) by extensions ['colcon_pkg']
[1.324s] Level 1:colcon.colcon_core.package_identification:_identify(src/ros2_fundamentals_examples) by extension 'colcon_pkg'
[1.324s] Level 1:colcon.colcon_core.package_identification:_identify(src/ros2_fundamentals_examples) by extensions ['colcon_meta']
[1.324s] Level 1:colcon.colcon_core.package_identification:_identify(src/ros2_fundamentals_examples) by extension 'colcon_meta'
[1.325s] Level 1:colcon.colcon_core.package_identification:_identify(src/ros2_fundamentals_examples) by extensions ['ros']
[1.325s] Level 1:colcon.colcon_core.package_identification:_identify(src/ros2_fundamentals_examples) by extension 'ros'
[1.327s] DEBUG:colcon.colcon_core.package_identification:Package 'src/ros2_fundamentals_examples' with type 'ros.ament_cmake' and name 'ros2_fundamentals_examples'
[1.328s] Level 1:colcon.colcon_core.package_identification:_identify(src/worlds) by extensions ['ignore', 'ignore_ament_install']
[1.328s] Level 1:colcon.colcon_core.package_identification:_identify(src/worlds) by extension 'ignore'
[1.328s] Level 1:colcon.colcon_core.package_identification:_identify(src/worlds) by extension 'ignore_ament_install'
[1.328s] Level 1:colcon.colcon_core.package_identification:_identify(src/worlds) by extensions ['colcon_pkg']
[1.328s] Level 1:colcon.colcon_core.package_identification:_identify(src/worlds) by extension 'colcon_pkg'
[1.328s] Level 1:colcon.colcon_core.package_identification:_identify(src/worlds) by extensions ['colcon_meta']
[1.328s] Level 1:colcon.colcon_core.package_identification:_identify(src/worlds) by extension 'colcon_meta'
[1.328s] Level 1:colcon.colcon_core.package_identification:_identify(src/worlds) by extensions ['ros']
[1.328s] Level 1:colcon.colcon_core.package_identification:_identify(src/worlds) by extension 'ros'
[1.329s] Level 1:colcon.colcon_core.package_identification:_identify(src/worlds) by extensions ['cmake', 'python']
[1.329s] Level 1:colcon.colcon_core.package_identification:_identify(src/worlds) by extension 'cmake'
[1.329s] Level 1:colcon.colcon_core.package_identification:_identify(src/worlds) by extension 'python'
[1.329s] Level 1:colcon.colcon_core.package_identification:_identify(src/worlds) by extensions ['python_setup_py']
[1.329s] Level 1:colcon.colcon_core.package_identification:_identify(src/worlds) by extension 'python_setup_py'
[1.329s] Level 1:colcon.colcon_core.package_discovery:discover_packages(recursive) using defaults
[1.329s] Level 1:colcon.colcon_core.package_discovery:discover_packages(ignore) discover
[1.329s] Level 1:colcon.colcon_core.package_discovery:discover_packages(ignore) using defaults
[1.329s] Level 1:colcon.colcon_core.package_discovery:discover_packages(path) discover
[1.329s] Level 1:colcon.colcon_core.package_discovery:discover_packages(path) using defaults
[1.397s] INFO:colcon.colcon_core.package_selection:Skipping not selected package 'asv_fleet' in 'src/asv_fleet'
[1.398s] INFO:colcon.colcon_core.package_selection:Skipping not selected package 'my_robot_description' in 'src/my_robot_description'
[1.398s] INFO:colcon.colcon_core.package_selection:Skipping not selected package 'ros2_fundamentals_examples' in 'src/ros2_fundamentals_examples'
[1.399s] Level 1:colcon.colcon_core.package_discovery:discover_packages(prefix_path) check parameters
[1.400s] Level 1:colcon.colcon_core.package_discovery:discover_packages(prefix_path) discover
[1.408s] DEBUG:colcon.colcon_installed_package_information.package_discovery:Found 288 installed packages in /opt/ros/humble
[1.410s] Level 1:colcon.colcon_core.package_discovery:discover_packages(prefix_path) using defaults
[1.474s] Level 5:colcon.colcon_core.verb:set package 'aqua_robot_gazebo' build argument 'cmake_args' from command line to 'None'
[1.475s] Level 5:colcon.colcon_core.verb:set package 'aqua_robot_gazebo' build argument 'cmake_target' from command line to 'None'
[1.475s] Level 5:colcon.colcon_core.verb:set package 'aqua_robot_gazebo' build argument 'cmake_target_skip_unavailable' from command line to 'False'
[1.475s] Level 5:colcon.colcon_core.verb:set package 'aqua_robot_gazebo' build argument 'cmake_clean_cache' from command line to 'False'
[1.475s] Level 5:colcon.colcon_core.verb:set package 'aqua_robot_gazebo' build argument 'cmake_clean_first' from command line to 'False'
[1.475s] Level 5:colcon.colcon_core.verb:set package 'aqua_robot_gazebo' build argument 'cmake_force_configure' from command line to 'False'
[1.475s] Level 5:colcon.colcon_core.verb:set package 'aqua_robot_gazebo' build argument 'ament_cmake_args' from command line to 'None'
[1.475s] Level 5:colcon.colcon_core.verb:set package 'aqua_robot_gazebo' build argument 'catkin_cmake_args' from command line to 'None'
[1.475s] Level 5:colcon.colcon_core.verb:set package 'aqua_robot_gazebo' build argument 'catkin_skip_building_tests' from command line to 'False'
[1.475s] DEBUG:colcon.colcon_core.verb:Building package 'aqua_robot_gazebo' with the following arguments: {'ament_cmake_args': None, 'build_base': '/home/manasvi3/ros2_ws/build/aqua_robot_gazebo', 'catkin_cmake_args': None, 'catkin_skip_building_tests': False, 'cmake_args': None, 'cmake_clean_cache': False, 'cmake_clean_first': False, 'cmake_force_configure': False, 'cmake_target': None, 'cmake_target_skip_unavailable': False, 'install_base': '/home/manasvi3/ros2_ws/install/aqua_robot_gazebo', 'merge_install': False, 'path': '/home/manasvi3/ros2_ws/src/aqua_robot_gazebo', 'symlink_install': False, 'test_result_base': None}
[1.476s] INFO:colcon.colcon_core.executor:Executing jobs using 'parallel' executor
[1.479s] DEBUG:colcon.colcon_parallel_executor.executor.parallel:run_until_complete
[1.479s] INFO:colcon.colcon_ros.task.ament_cmake.build:Building ROS package in '/home/manasvi3/ros2_ws/src/aqua_robot_gazebo' with build type 'ament_cmake'
[1.479s] INFO:colcon.colcon_cmake.task.cmake.build:Building CMake package in '/home/manasvi3/ros2_ws/src/aqua_robot_gazebo'
[1.492s] INFO:colcon.colcon_core.plugin_system:Skipping extension 'colcon_core.shell.bat': Not used on non-Windows systems
[1.492s] INFO:colcon.colcon_core.shell:Skip shell extension 'powershell' for command environment: Not usable outside of PowerShell
[1.492s] DEBUG:colcon.colcon_core.shell:Skip shell extension 'dsv' for command environment
[1.513s] DEBUG:colcon.colcon_core.event_handler.log_command:Invoking command in '/home/manasvi3/ros2_ws/build/aqua_robot_gazebo': CMAKE_PREFIX_PATH=/opt/ros/humble /usr/bin/cmake --build /home/manasvi3/ros2_ws/build/aqua_robot_gazebo -- -j14 -l14
[1.647s] DEBUG:colcon.colcon_core.event_handler.log_command:Invoked command in '/home/manasvi3/ros2_ws/build/aqua_robot_gazebo' returned '0': CMAKE_PREFIX_PATH=/opt/ros/humble /usr/bin/cmake --build /home/manasvi3/ros2_ws/build/aqua_robot_gazebo -- -j14 -l14
[1.667s] DEBUG:colcon.colcon_core.event_handler.log_command:Invoking command in '/home/manasvi3/ros2_ws/build/aqua_robot_gazebo': CMAKE_PREFIX_PATH=/opt/ros/humble /usr/bin/cmake --install /home/manasvi3/ros2_ws/build/aqua_robot_gazebo
[1.702s] Level 1:colcon.colcon_core.environment:create_environment_scripts_only(aqua_robot_gazebo)
[1.703s] DEBUG:colcon.colcon_core.event_handler.log_command:Invoked command in '/home/manasvi3/ros2_ws/build/aqua_robot_gazebo' returned '0': CMAKE_PREFIX_PATH=/opt/ros/humble /usr/bin/cmake --install /home/manasvi3/ros2_ws/build/aqua_robot_gazebo
[1.717s] Level 1:colcon.colcon_core.environment:checking '/home/manasvi3/ros2_ws/install/aqua_robot_gazebo' for CMake module files
[1.718s] Level 1:colcon.colcon_core.environment:checking '/home/manasvi3/ros2_ws/install/aqua_robot_gazebo' for CMake config files
[1.723s] Level 1:colcon.colcon_core.shell:create_environment_hook('aqua_robot_gazebo', 'cmake_prefix_path')
[1.723s] INFO:colcon.colcon_core.shell:Creating environment hook '/home/manasvi3/ros2_ws/install/aqua_robot_gazebo/share/aqua_robot_gazebo/hook/cmake_prefix_path.ps1'
[1.725s] INFO:colcon.colcon_core.shell:Creating environment descriptor '/home/manasvi3/ros2_ws/install/aqua_robot_gazebo/share/aqua_robot_gazebo/hook/cmake_prefix_path.dsv'
[1.727s] INFO:colcon.colcon_core.shell:Creating environment hook '/home/manasvi3/ros2_ws/install/aqua_robot_gazebo/share/aqua_robot_gazebo/hook/cmake_prefix_path.sh'
[1.729s] Level 1:colcon.colcon_core.environment:checking '/home/manasvi3/ros2_ws/install/aqua_robot_gazebo/bin'
[1.729s] Level 1:colcon.colcon_core.environment:checking '/home/manasvi3/ros2_ws/install/aqua_robot_gazebo/lib/pkgconfig/aqua_robot_gazebo.pc'
[1.729s] Level 1:colcon.colcon_core.environment:checking '/home/manasvi3/ros2_ws/install/aqua_robot_gazebo/lib/python3.10/site-packages'
[1.730s] Level 1:colcon.colcon_core.environment:checking '/home/manasvi3/ros2_ws/install/aqua_robot_gazebo/bin'
[1.730s] INFO:colcon.colcon_core.shell:Creating package script '/home/manasvi3/ros2_ws/install/aqua_robot_gazebo/share/aqua_robot_gazebo/package.ps1'
[1.732s] INFO:colcon.colcon_core.shell:Creating package descriptor '/home/manasvi3/ros2_ws/install/aqua_robot_gazebo/share/aqua_robot_gazebo/package.dsv'
[1.733s] INFO:colcon.colcon_core.shell:Creating package script '/home/manasvi3/ros2_ws/install/aqua_robot_gazebo/share/aqua_robot_gazebo/package.sh'
[1.735s] INFO:colcon.colcon_core.shell:Creating package script '/home/manasvi3/ros2_ws/install/aqua_robot_gazebo/share/aqua_robot_gazebo/package.bash'
[1.736s] INFO:colcon.colcon_core.shell:Creating package script '/home/manasvi3/ros2_ws/install/aqua_robot_gazebo/share/aqua_robot_gazebo/package.zsh'
[1.738s] Level 1:colcon.colcon_core.environment:create_file_with_runtime_dependencies(/home/manasvi3/ros2_ws/install/aqua_robot_gazebo/share/colcon-core/packages/aqua_robot_gazebo)
[1.739s] Level 1:colcon.colcon_core.environment:create_environment_scripts_only(aqua_robot_gazebo)
[1.743s] Level 1:colcon.colcon_core.environment:checking '/home/manasvi3/ros2_ws/install/aqua_robot_gazebo' for CMake module files
[1.744s] Level 1:colcon.colcon_core.environment:checking '/home/manasvi3/ros2_ws/install/aqua_robot_gazebo' for CMake config files
[1.744s] Level 1:colcon.colcon_core.shell:create_environment_hook('aqua_robot_gazebo', 'cmake_prefix_path')
[1.745s] INFO:colcon.colcon_core.shell:Creating environment hook '/home/manasvi3/ros2_ws/install/aqua_robot_gazebo/share/aqua_robot_gazebo/hook/cmake_prefix_path.ps1'
[1.746s] INFO:colcon.colcon_core.shell:Creating environment descriptor '/home/manasvi3/ros2_ws/install/aqua_robot_gazebo/share/aqua_robot_gazebo/hook/cmake_prefix_path.dsv'
[1.747s] INFO:colcon.colcon_core.shell:Creating environment hook '/home/manasvi3/ros2_ws/install/aqua_robot_gazebo/share/aqua_robot_gazebo/hook/cmake_prefix_path.sh'
[1.747s] Level 1:colcon.colcon_core.environment:checking '/home/manasvi3/ros2_ws/install/aqua_robot_gazebo/bin'
[1.747s] Level 1:colcon.colcon_core.environment:checking '/home/manasvi3/ros2_ws/install/aqua_robot_gazebo/lib/pkgconfig/aqua_robot_gazebo.pc'
[1.748s] Level 1:colcon.colcon_core.environment:checking '/home/manasvi3/ros2_ws/install/aqua_robot_gazebo/lib/python3.10/site-packages'
[1.748s] Level 1:colcon.colcon_core.environment:checking '/home/manasvi3/ros2_ws/install/aqua_robot_gazebo/bin'
[1.749s] INFO:colcon.colcon_core.shell:Creating package script '/home/manasvi3/ros2_ws/install/aqua_robot_gazebo/share/aqua_robot_gazebo/package.ps1'
[1.750s] INFO:colcon.colcon_core.shell:Creating package descriptor '/home/manasvi3/ros2_ws/install/aqua_robot_gazebo/share/aqua_robot_gazebo/package.dsv'
[1.750s] INFO:colcon.colcon_core.shell:Creating package script '/home/manasvi3/ros2_ws/install/aqua_robot_gazebo/share/aqua_robot_gazebo/package.sh'
[1.751s] INFO:colcon.colcon_core.shell:Creating package script '/home/manasvi3/ros2_ws/install/aqua_robot_gazebo/share/aqua_robot_gazebo/package.bash'
[1.751s] INFO:colcon.colcon_core.shell:Creating package script '/home/manasvi3/ros2_ws/install/aqua_robot_gazebo/share/aqua_robot_gazebo/package.zsh'
[1.752s] Level 1:colcon.colcon_core.environment:create_file_with_runtime_dependencies(/home/manasvi3/ros2_ws/install/aqua_robot_gazebo/share/colcon-core/packages/aqua_robot_gazebo)
[1.752s] DEBUG:colcon.colcon_parallel_executor.executor.parallel:closing loop
[1.754s] DEBUG:colcon.colcon_parallel_executor.executor.parallel:loop closed
[1.754s] DEBUG:colcon.colcon_parallel_executor.executor.parallel:run_until_complete finished with '0'
[1.754s] DEBUG:colcon.colcon_core.event_reactor:joining thread
[1.906s] INFO:colcon.colcon_core.plugin_system:Skipping extension 'colcon_notification.desktop_notification.notify_send': Could not find 'notify-send'
[1.906s] INFO:colcon.colcon_core.plugin_system:Skipping extension 'colcon_notification.desktop_notification.terminal_notifier': Not used on non-Darwin systems
[1.907s] INFO:colcon.colcon_core.plugin_system:Skipping extension 'colcon_notification.desktop_notification.win32': Not used on non-Windows systems
[1.907s] INFO:colcon.colcon_notification.desktop_notification:Sending desktop notification using 'notify2'
[1.907s] DEBUG:colcon.colcon_notification.desktop_notification.notify2:Failed to initialize notify2: org.freedesktop.DBus.Error.FileNotFound: Failed to connect to socket /run/user/1000/bus: No such file or directory
[1.908s] DEBUG:colcon.colcon_core.event_reactor:joined thread
[1.908s] INFO:colcon.colcon_core.shell:Creating prefix script '/home/manasvi3/ros2_ws/install/local_setup.ps1'
[1.918s] INFO:colcon.colcon_core.shell:Creating prefix util module '/home/manasvi3/ros2_ws/install/_local_setup_util_ps1.py'
[1.922s] INFO:colcon.colcon_core.shell:Creating prefix chain script '/home/manasvi3/ros2_ws/install/setup.ps1'
[1.924s] INFO:colcon.colcon_core.shell:Creating prefix script '/home/manasvi3/ros2_ws/install/local_setup.sh'
[1.926s] INFO:colcon.colcon_core.shell:Creating prefix util module '/home/manasvi3/ros2_ws/install/_local_setup_util_sh.py'
[1.927s] INFO:colcon.colcon_core.shell:Creating prefix chain script '/home/manasvi3/ros2_ws/install/setup.sh'
[1.929s] INFO:colcon.colcon_core.shell:Creating prefix script '/home/manasvi3/ros2_ws/install/local_setup.bash'
[1.930s] INFO:colcon.colcon_core.shell:Creating prefix chain script '/home/manasvi3/ros2_ws/install/setup.bash'
[1.933s] INFO:colcon.colcon_core.shell:Creating prefix script '/home/manasvi3/ros2_ws/install/local_setup.zsh'
[1.934s] INFO:colcon.colcon_core.shell:Creating prefix chain script '/home/manasvi3/ros2_ws/install/setup.zsh'
