[0.685s] DEBUG:colcon:Command line arguments: ['/usr/bin/colcon', 'build', '--packages-select', 'asv_fleet', '--symlink-install']
[0.685s] DEBUG:colcon:Parsed command line arguments: Namespace(log_base=None, log_level=None, verb_name='build', build_base='build', install_base='install', merge_install=False, symlink_install=True, test_result_base=None, continue_on_error=False, executor='parallel', parallel_workers=14, event_handlers=None, ignore_user_meta=False, metas=['./colcon.meta'], base_paths=['.'], packages_ignore=None, packages_ignore_regex=None, paths=None, packages_up_to=None, packages_up_to_regex=None, packages_above=None, packages_above_and_dependencies=None, packages_above_depth=None, packages_select_by_dep=None, packages_skip_by_dep=None, packages_skip_up_to=None, packages_select_build_failed=False, packages_skip_build_finished=False, packages_select_test_failures=False, packages_skip_test_passed=False, packages_select=['asv_fleet'], packages_skip=None, packages_select_regex=None, packages_skip_regex=None, packages_start=None, packages_end=None, allow_overriding=[], cmake_args=None, cmake_target=None, cmake_target_skip_unavailable=False, cmake_clean_cache=False, cmake_clean_first=False, cmake_force_configure=False, ament_cmake_args=None, catkin_cmake_args=None, catkin_skip_building_tests=False, mixin_files=None, mixin=None, verb_parser=<colcon_mixin.mixin.mixin_argument.MixinArgumentDecorator object at 0x76c407e51240>, verb_extension=<colcon_core.verb.build.BuildVerb object at 0x76c407f561a0>, main=<bound method BuildVerb.main of <colcon_core.verb.build.BuildVerb object at 0x76c407f561a0>>, mixin_verb=('build',))
[1.011s] Level 1:colcon.colcon_core.package_discovery:discover_packages(colcon_meta) check parameters
[1.012s] Level 1:colcon.colcon_core.package_discovery:discover_packages(recursive) check parameters
[1.012s] Level 1:colcon.colcon_core.package_discovery:discover_packages(ignore) check parameters
[1.012s] Level 1:colcon.colcon_core.package_discovery:discover_packages(path) check parameters
[1.012s] Level 1:colcon.colcon_core.package_discovery:discover_packages(colcon_meta) discover
[1.012s] Level 1:colcon.colcon_core.package_discovery:discover_packages(recursive) discover
[1.012s] INFO:colcon.colcon_core.package_discovery:Crawling recursively for packages in '/home/manasvi3/ros2_ws'
[1.012s] Level 1:colcon.colcon_core.package_identification:_identify(.) by extensions ['ignore', 'ignore_ament_install']
[1.013s] Level 1:colcon.colcon_core.package_identification:_identify(.) by extension 'ignore'
[1.013s] Level 1:colcon.colcon_core.package_identification:_identify(.) by extension 'ignore_ament_install'
[1.013s] Level 1:colcon.colcon_core.package_identification:_identify(.) by extensions ['colcon_pkg']
[1.013s] Level 1:colcon.colcon_core.package_identification:_identify(.) by extension 'colcon_pkg'
[1.013s] Level 1:colcon.colcon_core.package_identification:_identify(.) by extensions ['colcon_meta']
[1.013s] Level 1:colcon.colcon_core.package_identification:_identify(.) by extension 'colcon_meta'
[1.013s] Level 1:colcon.colcon_core.package_identification:_identify(.) by extensions ['ros']
[1.013s] Level 1:colcon.colcon_core.package_identification:_identify(.) by extension 'ros'
[1.039s] Level 1:colcon.colcon_core.package_identification:_identify(.) by extensions ['cmake', 'python']
[1.039s] Level 1:colcon.colcon_core.package_identification:_identify(.) by extension 'cmake'
[1.040s] Level 1:colcon.colcon_core.package_identification:_identify(.) by extension 'python'
[1.040s] Level 1:colcon.colcon_core.package_identification:_identify(.) by extensions ['python_setup_py']
[1.040s] Level 1:colcon.colcon_core.package_identification:_identify(.) by extension 'python_setup_py'
[1.040s] Level 1:colcon.colcon_core.package_identification:_identify(build) by extensions ['ignore', 'ignore_ament_install']
[1.041s] Level 1:colcon.colcon_core.package_identification:_identify(build) by extension 'ignore'
[1.041s] Level 1:colcon.colcon_core.package_identification:_identify(build) ignored
[1.041s] Level 1:colcon.colcon_core.package_identification:_identify(install) by extensions ['ignore', 'ignore_ament_install']
[1.041s] Level 1:colcon.colcon_core.package_identification:_identify(install) by extension 'ignore'
[1.042s] Level 1:colcon.colcon_core.package_identification:_identify(install) ignored
[1.042s] Level 1:colcon.colcon_core.package_identification:_identify(log) by extensions ['ignore', 'ignore_ament_install']
[1.042s] Level 1:colcon.colcon_core.package_identification:_identify(log) by extension 'ignore'
[1.042s] Level 1:colcon.colcon_core.package_identification:_identify(log) ignored
[1.042s] Level 1:colcon.colcon_core.package_identification:_identify(src) by extensions ['ignore', 'ignore_ament_install']
[1.042s] Level 1:colcon.colcon_core.package_identification:_identify(src) by extension 'ignore'
[1.042s] Level 1:colcon.colcon_core.package_identification:_identify(src) by extension 'ignore_ament_install'
[1.043s] Level 1:colcon.colcon_core.package_identification:_identify(src) by extensions ['colcon_pkg']
[1.043s] Level 1:colcon.colcon_core.package_identification:_identify(src) by extension 'colcon_pkg'
[1.043s] Level 1:colcon.colcon_core.package_identification:_identify(src) by extensions ['colcon_meta']
[1.043s] Level 1:colcon.colcon_core.package_identification:_identify(src) by extension 'colcon_meta'
[1.043s] Level 1:colcon.colcon_core.package_identification:_identify(src) by extensions ['ros']
[1.043s] Level 1:colcon.colcon_core.package_identification:_identify(src) by extension 'ros'
[1.043s] Level 1:colcon.colcon_core.package_identification:_identify(src) by extensions ['cmake', 'python']
[1.043s] Level 1:colcon.colcon_core.package_identification:_identify(src) by extension 'cmake'
[1.043s] Level 1:colcon.colcon_core.package_identification:_identify(src) by extension 'python'
[1.043s] Level 1:colcon.colcon_core.package_identification:_identify(src) by extensions ['python_setup_py']
[1.043s] Level 1:colcon.colcon_core.package_identification:_identify(src) by extension 'python_setup_py'
[1.043s] Level 1:colcon.colcon_core.package_identification:_identify(src/New folder) by extensions ['ignore', 'ignore_ament_install']
[1.043s] Level 1:colcon.colcon_core.package_identification:_identify(src/New folder) by extension 'ignore'
[1.043s] Level 1:colcon.colcon_core.package_identification:_identify(src/New folder) by extension 'ignore_ament_install'
[1.043s] Level 1:colcon.colcon_core.package_identification:_identify(src/New folder) by extensions ['colcon_pkg']
[1.043s] Level 1:colcon.colcon_core.package_identification:_identify(src/New folder) by extension 'colcon_pkg'
[1.043s] Level 1:colcon.colcon_core.package_identification:_identify(src/New folder) by extensions ['colcon_meta']
[1.043s] Level 1:colcon.colcon_core.package_identification:_identify(src/New folder) by extension 'colcon_meta'
[1.044s] Level 1:colcon.colcon_core.package_identification:_identify(src/New folder) by extensions ['ros']
[1.044s] Level 1:colcon.colcon_core.package_identification:_identify(src/New folder) by extension 'ros'
[1.044s] Level 1:colcon.colcon_core.package_identification:_identify(src/New folder) by extensions ['cmake', 'python']
[1.044s] Level 1:colcon.colcon_core.package_identification:_identify(src/New folder) by extension 'cmake'
[1.044s] Level 1:colcon.colcon_core.package_identification:_identify(src/New folder) by extension 'python'
[1.044s] Level 1:colcon.colcon_core.package_identification:_identify(src/New folder) by extensions ['python_setup_py']
[1.044s] Level 1:colcon.colcon_core.package_identification:_identify(src/New folder) by extension 'python_setup_py'
[1.044s] Level 1:colcon.colcon_core.package_identification:_identify(src/aqua_robot_gazebo) by extensions ['ignore', 'ignore_ament_install']
[1.044s] Level 1:colcon.colcon_core.package_identification:_identify(src/aqua_robot_gazebo) by extension 'ignore'
[1.044s] Level 1:colcon.colcon_core.package_identification:_identify(src/aqua_robot_gazebo) by extension 'ignore_ament_install'
[1.044s] Level 1:colcon.colcon_core.package_identification:_identify(src/aqua_robot_gazebo) by extensions ['colcon_pkg']
[1.044s] Level 1:colcon.colcon_core.package_identification:_identify(src/aqua_robot_gazebo) by extension 'colcon_pkg'
[1.045s] Level 1:colcon.colcon_core.package_identification:_identify(src/aqua_robot_gazebo) by extensions ['colcon_meta']
[1.045s] Level 1:colcon.colcon_core.package_identification:_identify(src/aqua_robot_gazebo) by extension 'colcon_meta'
[1.045s] Level 1:colcon.colcon_core.package_identification:_identify(src/aqua_robot_gazebo) by extensions ['ros']
[1.045s] Level 1:colcon.colcon_core.package_identification:_identify(src/aqua_robot_gazebo) by extension 'ros'
[1.052s] DEBUG:colcon.colcon_core.package_identification:Package 'src/aqua_robot_gazebo' with type 'ros.ament_cmake' and name 'aqua_robot_gazebo'
[1.052s] Level 1:colcon.colcon_core.package_identification:_identify(src/build) by extensions ['ignore', 'ignore_ament_install']
[1.052s] Level 1:colcon.colcon_core.package_identification:_identify(src/build) by extension 'ignore'
[1.052s] Level 1:colcon.colcon_core.package_identification:_identify(src/build) ignored
[1.052s] Level 1:colcon.colcon_core.package_identification:_identify(src/install) by extensions ['ignore', 'ignore_ament_install']
[1.052s] Level 1:colcon.colcon_core.package_identification:_identify(src/install) by extension 'ignore'
[1.052s] Level 1:colcon.colcon_core.package_identification:_identify(src/install) ignored
[1.053s] Level 1:colcon.colcon_core.package_identification:_identify(src/log) by extensions ['ignore', 'ignore_ament_install']
[1.053s] Level 1:colcon.colcon_core.package_identification:_identify(src/log) by extension 'ignore'
[1.053s] Level 1:colcon.colcon_core.package_identification:_identify(src/log) ignored
[1.053s] Level 1:colcon.colcon_core.package_identification:_identify(src/my_robot_description) by extensions ['ignore', 'ignore_ament_install']
[1.053s] Level 1:colcon.colcon_core.package_identification:_identify(src/my_robot_description) by extension 'ignore'
[1.053s] Level 1:colcon.colcon_core.package_identification:_identify(src/my_robot_description) by extension 'ignore_ament_install'
[1.054s] Level 1:colcon.colcon_core.package_identification:_identify(src/my_robot_description) by extensions ['colcon_pkg']
[1.054s] Level 1:colcon.colcon_core.package_identification:_identify(src/my_robot_description) by extension 'colcon_pkg'
[1.054s] Level 1:colcon.colcon_core.package_identification:_identify(src/my_robot_description) by extensions ['colcon_meta']
[1.054s] Level 1:colcon.colcon_core.package_identification:_identify(src/my_robot_description) by extension 'colcon_meta'
[1.054s] Level 1:colcon.colcon_core.package_identification:_identify(src/my_robot_description) by extensions ['ros']
[1.054s] Level 1:colcon.colcon_core.package_identification:_identify(src/my_robot_description) by extension 'ros'
[1.056s] DEBUG:colcon.colcon_core.package_identification:Package 'src/my_robot_description' with type 'ros.ament_cmake' and name 'my_robot_description'
[1.056s] Level 1:colcon.colcon_core.package_identification:_identify(src/ros2_fundamentals_examples) by extensions ['ignore', 'ignore_ament_install']
[1.056s] Level 1:colcon.colcon_core.package_identification:_identify(src/ros2_fundamentals_examples) by extension 'ignore'
[1.056s] Level 1:colcon.colcon_core.package_identification:_identify(src/ros2_fundamentals_examples) by extension 'ignore_ament_install'
[1.056s] Level 1:colcon.colcon_core.package_identification:_identify(src/ros2_fundamentals_examples) by extensions ['colcon_pkg']
[1.056s] Level 1:colcon.colcon_core.package_identification:_identify(src/ros2_fundamentals_examples) by extension 'colcon_pkg'
[1.056s] Level 1:colcon.colcon_core.package_identification:_identify(src/ros2_fundamentals_examples) by extensions ['colcon_meta']
[1.056s] Level 1:colcon.colcon_core.package_identification:_identify(src/ros2_fundamentals_examples) by extension 'colcon_meta'
[1.056s] Level 1:colcon.colcon_core.package_identification:_identify(src/ros2_fundamentals_examples) by extensions ['ros']
[1.056s] Level 1:colcon.colcon_core.package_identification:_identify(src/ros2_fundamentals_examples) by extension 'ros'
[1.057s] DEBUG:colcon.colcon_core.package_identification:Package 'src/ros2_fundamentals_examples' with type 'ros.ament_cmake' and name 'ros2_fundamentals_examples'
[1.057s] Level 1:colcon.colcon_core.package_identification:_identify(src/worlds) by extensions ['ignore', 'ignore_ament_install']
[1.057s] Level 1:colcon.colcon_core.package_identification:_identify(src/worlds) by extension 'ignore'
[1.057s] Level 1:colcon.colcon_core.package_identification:_identify(src/worlds) by extension 'ignore_ament_install'
[1.057s] Level 1:colcon.colcon_core.package_identification:_identify(src/worlds) by extensions ['colcon_pkg']
[1.057s] Level 1:colcon.colcon_core.package_identification:_identify(src/worlds) by extension 'colcon_pkg'
[1.057s] Level 1:colcon.colcon_core.package_identification:_identify(src/worlds) by extensions ['colcon_meta']
[1.057s] Level 1:colcon.colcon_core.package_identification:_identify(src/worlds) by extension 'colcon_meta'
[1.058s] Level 1:colcon.colcon_core.package_identification:_identify(src/worlds) by extensions ['ros']
[1.058s] Level 1:colcon.colcon_core.package_identification:_identify(src/worlds) by extension 'ros'
[1.058s] Level 1:colcon.colcon_core.package_identification:_identify(src/worlds) by extensions ['cmake', 'python']
[1.058s] Level 1:colcon.colcon_core.package_identification:_identify(src/worlds) by extension 'cmake'
[1.058s] Level 1:colcon.colcon_core.package_identification:_identify(src/worlds) by extension 'python'
[1.058s] Level 1:colcon.colcon_core.package_identification:_identify(src/worlds) by extensions ['python_setup_py']
[1.058s] Level 1:colcon.colcon_core.package_identification:_identify(src/worlds) by extension 'python_setup_py'
[1.058s] Level 1:colcon.colcon_core.package_discovery:discover_packages(recursive) using defaults
[1.058s] Level 1:colcon.colcon_core.package_discovery:discover_packages(ignore) discover
[1.058s] Level 1:colcon.colcon_core.package_discovery:discover_packages(ignore) using defaults
[1.058s] Level 1:colcon.colcon_core.package_discovery:discover_packages(path) discover
[1.058s] Level 1:colcon.colcon_core.package_discovery:discover_packages(path) using defaults
[1.058s] WARNING:colcon.colcon_core.package_selection:ignoring unknown package 'asv_fleet' in --packages-select
[1.117s] INFO:colcon.colcon_core.package_selection:Skipping not selected package 'aqua_robot_gazebo' in 'src/aqua_robot_gazebo'
[1.117s] INFO:colcon.colcon_core.package_selection:Skipping not selected package 'my_robot_description' in 'src/my_robot_description'
[1.117s] INFO:colcon.colcon_core.package_selection:Skipping not selected package 'ros2_fundamentals_examples' in 'src/ros2_fundamentals_examples'
[1.118s] Level 1:colcon.colcon_core.package_discovery:discover_packages(prefix_path) check parameters
[1.118s] Level 1:colcon.colcon_core.package_discovery:discover_packages(prefix_path) discover
[1.120s] DEBUG:colcon.colcon_installed_package_information.package_discovery:Found 2 installed packages in /home/manasvi3/ros2_ws/install
[1.122s] DEBUG:colcon.colcon_installed_package_information.package_discovery:Found 285 installed packages in /opt/ros/humble
[1.124s] Level 1:colcon.colcon_core.package_discovery:discover_packages(prefix_path) using defaults
[1.193s] INFO:colcon.colcon_core.executor:Executing jobs using 'parallel' executor
[1.196s] DEBUG:colcon.colcon_parallel_executor.executor.parallel:run_until_complete
[1.197s] DEBUG:colcon.colcon_parallel_executor.executor.parallel:closing loop
[1.197s] DEBUG:colcon.colcon_parallel_executor.executor.parallel:loop closed
[1.197s] DEBUG:colcon.colcon_parallel_executor.executor.parallel:run_until_complete finished with '0'
[1.198s] DEBUG:colcon.colcon_core.event_reactor:joining thread
[1.347s] INFO:colcon.colcon_core.plugin_system:Skipping extension 'colcon_notification.desktop_notification.notify_send': Could not find 'notify-send'
[1.347s] INFO:colcon.colcon_core.plugin_system:Skipping extension 'colcon_notification.desktop_notification.terminal_notifier': Not used on non-Darwin systems
[1.347s] INFO:colcon.colcon_core.plugin_system:Skipping extension 'colcon_notification.desktop_notification.win32': Not used on non-Windows systems
[1.347s] INFO:colcon.colcon_notification.desktop_notification:Sending desktop notification using 'notify2'
[1.348s] DEBUG:colcon.colcon_notification.desktop_notification.notify2:Failed to initialize notify2: org.freedesktop.DBus.Error.FileNotFound: Failed to connect to socket /run/user/1000/bus: No such file or directory
[1.348s] DEBUG:colcon.colcon_core.event_reactor:joined thread
[1.352s] INFO:colcon.colcon_core.plugin_system:Skipping extension 'colcon_core.shell.bat': Not used on non-Windows systems
[1.353s] INFO:colcon.colcon_core.shell:Creating prefix script '/home/manasvi3/ros2_ws/install/local_setup.ps1'
[1.355s] INFO:colcon.colcon_core.shell:Creating prefix util module '/home/manasvi3/ros2_ws/install/_local_setup_util_ps1.py'
[1.357s] INFO:colcon.colcon_core.shell:Creating prefix chain script '/home/manasvi3/ros2_ws/install/setup.ps1'
[1.360s] INFO:colcon.colcon_core.shell:Creating prefix script '/home/manasvi3/ros2_ws/install/local_setup.sh'
[1.361s] INFO:colcon.colcon_core.shell:Creating prefix util module '/home/manasvi3/ros2_ws/install/_local_setup_util_sh.py'
[1.362s] INFO:colcon.colcon_core.shell:Creating prefix chain script '/home/manasvi3/ros2_ws/install/setup.sh'
[1.363s] INFO:colcon.colcon_core.shell:Creating prefix script '/home/manasvi3/ros2_ws/install/local_setup.bash'
[1.364s] INFO:colcon.colcon_core.shell:Creating prefix chain script '/home/manasvi3/ros2_ws/install/setup.bash'
[1.365s] INFO:colcon.colcon_core.shell:Creating prefix script '/home/manasvi3/ros2_ws/install/local_setup.zsh'
[1.366s] INFO:colcon.colcon_core.shell:Creating prefix chain script '/home/manasvi3/ros2_ws/install/setup.zsh'
