[0.051s] Invoking command in '/home/manasvi3/ros2_ws/build/ros2_fundamentals_examples': CMAKE_PREFIX_PATH=${CMAKE_PREFIX_PATH}:/opt/ros/humble /usr/bin/cmake --build /home/manasvi3/ros2_ws/build/ros2_fundamentals_examples -- -j14 -l14
[0.231s] Invoked command in '/home/manasvi3/ros2_ws/build/ros2_fundamentals_examples' returned '0': CMAKE_PREFIX_PATH=${CMAKE_PREFIX_PATH}:/opt/ros/humble /usr/bin/cmake --build /home/manasvi3/ros2_ws/build/ros2_fundamentals_examples -- -j14 -l14
[0.257s] Invoking command in '/home/manasvi3/ros2_ws/build/ros2_fundamentals_examples': CMAKE_PREFIX_PATH=${CMAKE_PREFIX_PATH}:/opt/ros/humble /usr/bin/cmake --install /home/manasvi3/ros2_ws/build/ros2_fundamentals_examples
[0.276s] -- Install configuration: ""
[0.284s] -- Execute custom install script
[0.284s] -- Up-to-date symlink: /home/manasvi3/ros2_ws/install/ros2_fundamentals_examples/share/ament_index/resource_index/package_run_dependencies/ros2_fundamentals_examples
[0.285s] -- Up-to-date symlink: /home/manasvi3/ros2_ws/install/ros2_fundamentals_examples/share/ament_index/resource_index/parent_prefix_path/ros2_fundamentals_examples
[0.286s] -- Up-to-date symlink: /home/manasvi3/ros2_ws/install/ros2_fundamentals_examples/share/ros2_fundamentals_examples/environment/ament_prefix_path.sh
[0.288s] -- Up-to-date symlink: /home/manasvi3/ros2_ws/install/ros2_fundamentals_examples/share/ros2_fundamentals_examples/environment/ament_prefix_path.dsv
[0.288s] -- Up-to-date symlink: /home/manasvi3/ros2_ws/install/ros2_fundamentals_examples/share/ros2_fundamentals_examples/environment/path.sh
[0.296s] -- Up-to-date symlink: /home/manasvi3/ros2_ws/install/ros2_fundamentals_examples/share/ros2_fundamentals_examples/environment/path.dsv
[0.299s] -- Up-to-date symlink: /home/manasvi3/ros2_ws/install/ros2_fundamentals_examples/share/ros2_fundamentals_examples/local_setup.bash
[0.300s] -- Up-to-date symlink: /home/manasvi3/ros2_ws/install/ros2_fundamentals_examples/share/ros2_fundamentals_examples/local_setup.sh
[0.301s] -- Up-to-date symlink: /home/manasvi3/ros2_ws/install/ros2_fundamentals_examples/share/ros2_fundamentals_examples/local_setup.zsh
[0.301s] -- Up-to-date symlink: /home/manasvi3/ros2_ws/install/ros2_fundamentals_examples/share/ros2_fundamentals_examples/local_setup.dsv
[0.301s] -- Symlinking: /home/manasvi3/ros2_ws/install/ros2_fundamentals_examples/share/ros2_fundamentals_examples/package.dsv
[0.330s] -- Up-to-date symlink: /home/manasvi3/ros2_ws/install/ros2_fundamentals_examples/share/ament_index/resource_index/packages/ros2_fundamentals_examples
[0.331s] -- Up-to-date symlink: /home/manasvi3/ros2_ws/install/ros2_fundamentals_examples/share/ros2_fundamentals_examples/cmake/ros2_fundamentals_examplesConfig.cmake
[0.332s] -- Up-to-date symlink: /home/manasvi3/ros2_ws/install/ros2_fundamentals_examples/share/ros2_fundamentals_examples/cmake/ros2_fundamentals_examplesConfig-version.cmake
[0.332s] -- Up-to-date symlink: /home/manasvi3/ros2_ws/install/ros2_fundamentals_examples/share/ros2_fundamentals_examples/package.xml
[0.406s] Invoked command in '/home/manasvi3/ros2_ws/build/ros2_fundamentals_examples' returned '0': CMAKE_PREFIX_PATH=${CMAKE_PREFIX_PATH}:/opt/ros/humble /usr/bin/cmake --install /home/manasvi3/ros2_ws/build/ros2_fundamentals_examples
