[0.037s] Invoking command in '/home/manasvi3/ros2_ws/build/my_robot_description': CMAKE_PREFIX_PATH=${CMAKE_PREFIX_PATH}:/opt/ros/humble /usr/bin/cmake --build /home/manasvi3/ros2_ws/build/my_robot_description -- -j14 -l14
[0.136s] Invoked command in '/home/manasvi3/ros2_ws/build/my_robot_description' returned '0': CMAKE_PREFIX_PATH=${CMAKE_PREFIX_PATH}:/opt/ros/humble /usr/bin/cmake --build /home/manasvi3/ros2_ws/build/my_robot_description -- -j14 -l14
[0.140s] Invoking command in '/home/manasvi3/ros2_ws/build/my_robot_description': CMAKE_PREFIX_PATH=${CMAKE_PREFIX_PATH}:/opt/ros/humble /usr/bin/cmake --install /home/manasvi3/ros2_ws/build/my_robot_description
[0.158s] -- Install configuration: ""
[0.160s] -- Execute custom install script
[0.161s] -- Up-to-date symlink: /home/manasvi3/ros2_ws/install/my_robot_description/share/ament_index/resource_index/package_run_dependencies/my_robot_description
[0.161s] -- Up-to-date symlink: /home/manasvi3/ros2_ws/install/my_robot_description/share/ament_index/resource_index/parent_prefix_path/my_robot_description
[0.161s] -- Up-to-date symlink: /home/manasvi3/ros2_ws/install/my_robot_description/share/my_robot_description/environment/ament_prefix_path.sh
[0.162s] -- Up-to-date symlink: /home/manasvi3/ros2_ws/install/my_robot_description/share/my_robot_description/environment/ament_prefix_path.dsv
[0.175s] -- Up-to-date symlink: /home/manasvi3/ros2_ws/install/my_robot_description/share/my_robot_description/environment/path.sh
[0.177s] -- Up-to-date symlink: /home/manasvi3/ros2_ws/install/my_robot_description/share/my_robot_description/environment/path.dsv
[0.177s] -- Up-to-date symlink: /home/manasvi3/ros2_ws/install/my_robot_description/share/my_robot_description/local_setup.bash
[0.177s] -- Up-to-date symlink: /home/manasvi3/ros2_ws/install/my_robot_description/share/my_robot_description/local_setup.sh
[0.178s] -- Up-to-date symlink: /home/manasvi3/ros2_ws/install/my_robot_description/share/my_robot_description/local_setup.zsh
[0.178s] -- Up-to-date symlink: /home/manasvi3/ros2_ws/install/my_robot_description/share/my_robot_description/local_setup.dsv
[0.190s] -- Symlinking: /home/manasvi3/ros2_ws/install/my_robot_description/share/my_robot_description/package.dsv
[0.191s] -- Up-to-date symlink: /home/manasvi3/ros2_ws/install/my_robot_description/share/ament_index/resource_index/packages/my_robot_description
[0.192s] -- Up-to-date symlink: /home/manasvi3/ros2_ws/install/my_robot_description/share/my_robot_description/cmake/my_robot_descriptionConfig.cmake
[0.192s] -- Up-to-date symlink: /home/manasvi3/ros2_ws/install/my_robot_description/share/my_robot_description/cmake/my_robot_descriptionConfig-version.cmake
[0.193s] -- Up-to-date symlink: /home/manasvi3/ros2_ws/install/my_robot_description/share/my_robot_description/package.xml
[0.194s] -- Up-to-date symlink: /home/manasvi3/ros2_ws/install/my_robot_description/share/my_robot_description/urdf/my_robot.urdf.xacro
[0.194s] -- Up-to-date symlink: /home/manasvi3/ros2_ws/install/my_robot_description/share/my_robot_description/launch/display.launch.py
[0.194s] -- Up-to-date symlink: /home/manasvi3/ros2_ws/install/my_robot_description/share/my_robot_description/launch/gazebo.launch.py
[0.271s] Invoked command in '/home/manasvi3/ros2_ws/build/my_robot_description' returned '0': CMAKE_PREFIX_PATH=${CMAKE_PREFIX_PATH}:/opt/ros/humble /usr/bin/cmake --install /home/manasvi3/ros2_ws/build/my_robot_description
