[1.647s] DEBUG:colcon:Command line arguments: ['/usr/bin/colcon', 'build', '--packages-select', 'aqua_robot_gazebo']
[1.647s] DEBUG:colcon:Parsed command line arguments: Namespace(log_base=None, log_level=None, verb_name='build', build_base='build', install_base='install', merge_install=False, symlink_install=False, test_result_base=None, continue_on_error=False, executor='parallel', parallel_workers=14, event_handlers=None, ignore_user_meta=False, metas=['./colcon.meta'], base_paths=['.'], packages_ignore=None, packages_ignore_regex=None, paths=None, packages_up_to=None, packages_up_to_regex=None, packages_above=None, packages_above_and_dependencies=None, packages_above_depth=None, packages_select_by_dep=None, packages_skip_by_dep=None, packages_skip_up_to=None, packages_select_build_failed=False, packages_skip_build_finished=False, packages_select_test_failures=False, packages_skip_test_passed=False, packages_select=['aqua_robot_gazebo'], packages_skip=None, packages_select_regex=None, packages_skip_regex=None, packages_start=None, packages_end=None, allow_overriding=[], cmake_args=None, cmake_target=None, cmake_target_skip_unavailable=False, cmake_clean_cache=False, cmake_clean_first=False, cmake_force_configure=False, ament_cmake_args=None, catkin_cmake_args=None, catkin_skip_building_tests=False, mixin_files=None, mixin=None, verb_parser=<colcon_mixin.mixin.mixin_argument.MixinArgumentDecorator object at 0x73f17b659270>, verb_extension=<colcon_core.verb.build.BuildVerb object at 0x73f17b75a1d0>, main=<bound method BuildVerb.main of <colcon_core.verb.build.BuildVerb object at 0x73f17b75a1d0>>, mixin_verb=('build',))
[2.399s] Level 1:colcon.colcon_core.package_discovery:discover_packages(colcon_meta) check parameters
[2.400s] Level 1:colcon.colcon_core.package_discovery:discover_packages(recursive) check parameters
[2.400s] Level 1:colcon.colcon_core.package_discovery:discover_packages(ignore) check parameters
[2.400s] Level 1:colcon.colcon_core.package_discovery:discover_packages(path) check parameters
[2.400s] Level 1:colcon.colcon_core.package_discovery:discover_packages(colcon_meta) discover
[2.400s] Level 1:colcon.colcon_core.package_discovery:discover_packages(recursive) discover
[2.400s] INFO:colcon.colcon_core.package_discovery:Crawling recursively for packages in '/home/manasvi3/ros2_ws'
[2.401s] Level 1:colcon.colcon_core.package_identification:_identify(.) by extensions ['ignore', 'ignore_ament_install']
[2.401s] Level 1:colcon.colcon_core.package_identification:_identify(.) by extension 'ignore'
[2.401s] Level 1:colcon.colcon_core.package_identification:_identify(.) by extension 'ignore_ament_install'
[2.401s] Level 1:colcon.colcon_core.package_identification:_identify(.) by extensions ['colcon_pkg']
[2.401s] Level 1:colcon.colcon_core.package_identification:_identify(.) by extension 'colcon_pkg'
[2.401s] Level 1:colcon.colcon_core.package_identification:_identify(.) by extensions ['colcon_meta']
[2.401s] Level 1:colcon.colcon_core.package_identification:_identify(.) by extension 'colcon_meta'
[2.401s] Level 1:colcon.colcon_core.package_identification:_identify(.) by extensions ['ros']
[2.401s] Level 1:colcon.colcon_core.package_identification:_identify(.) by extension 'ros'
[2.430s] Level 1:colcon.colcon_core.package_identification:_identify(.) by extensions ['cmake', 'python']
[2.430s] Level 1:colcon.colcon_core.package_identification:_identify(.) by extension 'cmake'
[2.430s] Level 1:colcon.colcon_core.package_identification:_identify(.) by extension 'python'
[2.430s] Level 1:colcon.colcon_core.package_identification:_identify(.) by extensions ['python_setup_py']
[2.430s] Level 1:colcon.colcon_core.package_identification:_identify(.) by extension 'python_setup_py'
[2.431s] Level 1:colcon.colcon_core.package_identification:_identify(build) by extensions ['ignore', 'ignore_ament_install']
[2.432s] Level 1:colcon.colcon_core.package_identification:_identify(build) by extension 'ignore'
[2.432s] Level 1:colcon.colcon_core.package_identification:_identify(build) ignored
[2.432s] Level 1:colcon.colcon_core.package_identification:_identify(install) by extensions ['ignore', 'ignore_ament_install']
[2.433s] Level 1:colcon.colcon_core.package_identification:_identify(install) by extension 'ignore'
[2.433s] Level 1:colcon.colcon_core.package_identification:_identify(install) ignored
[2.433s] Level 1:colcon.colcon_core.package_identification:_identify(log) by extensions ['ignore', 'ignore_ament_install']
[2.433s] Level 1:colcon.colcon_core.package_identification:_identify(log) by extension 'ignore'
[2.433s] Level 1:colcon.colcon_core.package_identification:_identify(log) ignored
[2.434s] Level 1:colcon.colcon_core.package_identification:_identify(src) by extensions ['ignore', 'ignore_ament_install']
[2.434s] Level 1:colcon.colcon_core.package_identification:_identify(src) by extension 'ignore'
[2.434s] Level 1:colcon.colcon_core.package_identification:_identify(src) by extension 'ignore_ament_install'
[2.434s] Level 1:colcon.colcon_core.package_identification:_identify(src) by extensions ['colcon_pkg']
[2.434s] Level 1:colcon.colcon_core.package_identification:_identify(src) by extension 'colcon_pkg'
[2.434s] Level 1:colcon.colcon_core.package_identification:_identify(src) by extensions ['colcon_meta']
[2.434s] Level 1:colcon.colcon_core.package_identification:_identify(src) by extension 'colcon_meta'
[2.434s] Level 1:colcon.colcon_core.package_identification:_identify(src) by extensions ['ros']
[2.434s] Level 1:colcon.colcon_core.package_identification:_identify(src) by extension 'ros'
[2.434s] Level 1:colcon.colcon_core.package_identification:_identify(src) by extensions ['cmake', 'python']
[2.435s] Level 1:colcon.colcon_core.package_identification:_identify(src) by extension 'cmake'
[2.435s] Level 1:colcon.colcon_core.package_identification:_identify(src) by extension 'python'
[2.435s] Level 1:colcon.colcon_core.package_identification:_identify(src) by extensions ['python_setup_py']
[2.435s] Level 1:colcon.colcon_core.package_identification:_identify(src) by extension 'python_setup_py'
[2.436s] Level 1:colcon.colcon_core.package_identification:_identify(src/New folder) by extensions ['ignore', 'ignore_ament_install']
[2.436s] Level 1:colcon.colcon_core.package_identification:_identify(src/New folder) by extension 'ignore'
[2.436s] Level 1:colcon.colcon_core.package_identification:_identify(src/New folder) by extension 'ignore_ament_install'
[2.436s] Level 1:colcon.colcon_core.package_identification:_identify(src/New folder) by extensions ['colcon_pkg']
[2.436s] Level 1:colcon.colcon_core.package_identification:_identify(src/New folder) by extension 'colcon_pkg'
[2.436s] Level 1:colcon.colcon_core.package_identification:_identify(src/New folder) by extensions ['colcon_meta']
[2.436s] Level 1:colcon.colcon_core.package_identification:_identify(src/New folder) by extension 'colcon_meta'
[2.437s] Level 1:colcon.colcon_core.package_identification:_identify(src/New folder) by extensions ['ros']
[2.437s] Level 1:colcon.colcon_core.package_identification:_identify(src/New folder) by extension 'ros'
[2.437s] Level 1:colcon.colcon_core.package_identification:_identify(src/New folder) by extensions ['cmake', 'python']
[2.437s] Level 1:colcon.colcon_core.package_identification:_identify(src/New folder) by extension 'cmake'
[2.437s] Level 1:colcon.colcon_core.package_identification:_identify(src/New folder) by extension 'python'
[2.437s] Level 1:colcon.colcon_core.package_identification:_identify(src/New folder) by extensions ['python_setup_py']
[2.437s] Level 1:colcon.colcon_core.package_identification:_identify(src/New folder) by extension 'python_setup_py'
[2.437s] Level 1:colcon.colcon_core.package_identification:_identify(src/aqua_robot_gazebo) by extensions ['ignore', 'ignore_ament_install']
[2.438s] Level 1:colcon.colcon_core.package_identification:_identify(src/aqua_robot_gazebo) by extension 'ignore'
[2.438s] Level 1:colcon.colcon_core.package_identification:_identify(src/aqua_robot_gazebo) by extension 'ignore_ament_install'
[2.438s] Level 1:colcon.colcon_core.package_identification:_identify(src/aqua_robot_gazebo) by extensions ['colcon_pkg']
[2.438s] Level 1:colcon.colcon_core.package_identification:_identify(src/aqua_robot_gazebo) by extension 'colcon_pkg'
[2.438s] Level 1:colcon.colcon_core.package_identification:_identify(src/aqua_robot_gazebo) by extensions ['colcon_meta']
[2.438s] Level 1:colcon.colcon_core.package_identification:_identify(src/aqua_robot_gazebo) by extension 'colcon_meta'
[2.438s] Level 1:colcon.colcon_core.package_identification:_identify(src/aqua_robot_gazebo) by extensions ['ros']
[2.438s] Level 1:colcon.colcon_core.package_identification:_identify(src/aqua_robot_gazebo) by extension 'ros'
[2.447s] DEBUG:colcon.colcon_core.package_identification:Package 'src/aqua_robot_gazebo' with type 'ros.ament_cmake' and name 'aqua_robot_gazebo'
[2.448s] Level 1:colcon.colcon_core.package_identification:_identify(src/asv_fleet) by extensions ['ignore', 'ignore_ament_install']
[2.448s] Level 1:colcon.colcon_core.package_identification:_identify(src/asv_fleet) by extension 'ignore'
[2.448s] Level 1:colcon.colcon_core.package_identification:_identify(src/asv_fleet) by extension 'ignore_ament_install'
[2.448s] Level 1:colcon.colcon_core.package_identification:_identify(src/asv_fleet) by extensions ['colcon_pkg']
[2.448s] Level 1:colcon.colcon_core.package_identification:_identify(src/asv_fleet) by extension 'colcon_pkg'
[2.448s] Level 1:colcon.colcon_core.package_identification:_identify(src/asv_fleet) by extensions ['colcon_meta']
[2.448s] Level 1:colcon.colcon_core.package_identification:_identify(src/asv_fleet) by extension 'colcon_meta'
[2.448s] Level 1:colcon.colcon_core.package_identification:_identify(src/asv_fleet) by extensions ['ros']
[2.448s] Level 1:colcon.colcon_core.package_identification:_identify(src/asv_fleet) by extension 'ros'
[2.450s] DEBUG:colcon.colcon_core.package_identification:Package 'src/asv_fleet' with type 'ros.ament_cmake' and name 'asv_fleet'
[2.451s] Level 1:colcon.colcon_core.package_identification:_identify(src/build) by extensions ['ignore', 'ignore_ament_install']
[2.451s] Level 1:colcon.colcon_core.package_identification:_identify(src/build) by extension 'ignore'
[2.451s] Level 1:colcon.colcon_core.package_identification:_identify(src/build) ignored
[2.452s] Level 1:colcon.colcon_core.package_identification:_identify(src/install) by extensions ['ignore', 'ignore_ament_install']
[2.452s] Level 1:colcon.colcon_core.package_identification:_identify(src/install) by extension 'ignore'
[2.452s] Level 1:colcon.colcon_core.package_identification:_identify(src/install) ignored
[2.453s] Level 1:colcon.colcon_core.package_identification:_identify(src/log) by extensions ['ignore', 'ignore_ament_install']
[2.453s] Level 1:colcon.colcon_core.package_identification:_identify(src/log) by extension 'ignore'
[2.453s] Level 1:colcon.colcon_core.package_identification:_identify(src/log) ignored
[2.453s] Level 1:colcon.colcon_core.package_identification:_identify(src/my_robot_description) by extensions ['ignore', 'ignore_ament_install']
[2.454s] Level 1:colcon.colcon_core.package_identification:_identify(src/my_robot_description) by extension 'ignore'
[2.454s] Level 1:colcon.colcon_core.package_identification:_identify(src/my_robot_description) by extension 'ignore_ament_install'
[2.454s] Level 1:colcon.colcon_core.package_identification:_identify(src/my_robot_description) by extensions ['colcon_pkg']
[2.454s] Level 1:colcon.colcon_core.package_identification:_identify(src/my_robot_description) by extension 'colcon_pkg'
[2.454s] Level 1:colcon.colcon_core.package_identification:_identify(src/my_robot_description) by extensions ['colcon_meta']
[2.454s] Level 1:colcon.colcon_core.package_identification:_identify(src/my_robot_description) by extension 'colcon_meta'
[2.454s] Level 1:colcon.colcon_core.package_identification:_identify(src/my_robot_description) by extensions ['ros']
[2.454s] Level 1:colcon.colcon_core.package_identification:_identify(src/my_robot_description) by extension 'ros'
[2.455s] DEBUG:colcon.colcon_core.package_identification:Package 'src/my_robot_description' with type 'ros.ament_cmake' and name 'my_robot_description'
[2.456s] Level 1:colcon.colcon_core.package_identification:_identify(src/ros2_fundamentals_examples) by extensions ['ignore', 'ignore_ament_install']
[2.456s] Level 1:colcon.colcon_core.package_identification:_identify(src/ros2_fundamentals_examples) by extension 'ignore'
[2.456s] Level 1:colcon.colcon_core.package_identification:_identify(src/ros2_fundamentals_examples) by extension 'ignore_ament_install'
[2.457s] Level 1:colcon.colcon_core.package_identification:_identify(src/ros2_fundamentals_examples) by extensions ['colcon_pkg']
[2.457s] Level 1:colcon.colcon_core.package_identification:_identify(src/ros2_fundamentals_examples) by extension 'colcon_pkg'
[2.457s] Level 1:colcon.colcon_core.package_identification:_identify(src/ros2_fundamentals_examples) by extensions ['colcon_meta']
[2.457s] Level 1:colcon.colcon_core.package_identification:_identify(src/ros2_fundamentals_examples) by extension 'colcon_meta'
[2.457s] Level 1:colcon.colcon_core.package_identification:_identify(src/ros2_fundamentals_examples) by extensions ['ros']
[2.457s] Level 1:colcon.colcon_core.package_identification:_identify(src/ros2_fundamentals_examples) by extension 'ros'
[2.458s] DEBUG:colcon.colcon_core.package_identification:Package 'src/ros2_fundamentals_examples' with type 'ros.ament_cmake' and name 'ros2_fundamentals_examples'
[2.459s] Level 1:colcon.colcon_core.package_identification:_identify(src/worlds) by extensions ['ignore', 'ignore_ament_install']
[2.459s] Level 1:colcon.colcon_core.package_identification:_identify(src/worlds) by extension 'ignore'
[2.459s] Level 1:colcon.colcon_core.package_identification:_identify(src/worlds) by extension 'ignore_ament_install'
[2.459s] Level 1:colcon.colcon_core.package_identification:_identify(src/worlds) by extensions ['colcon_pkg']
[2.459s] Level 1:colcon.colcon_core.package_identification:_identify(src/worlds) by extension 'colcon_pkg'
[2.459s] Level 1:colcon.colcon_core.package_identification:_identify(src/worlds) by extensions ['colcon_meta']
[2.459s] Level 1:colcon.colcon_core.package_identification:_identify(src/worlds) by extension 'colcon_meta'
[2.459s] Level 1:colcon.colcon_core.package_identification:_identify(src/worlds) by extensions ['ros']
[2.459s] Level 1:colcon.colcon_core.package_identification:_identify(src/worlds) by extension 'ros'
[2.459s] Level 1:colcon.colcon_core.package_identification:_identify(src/worlds) by extensions ['cmake', 'python']
[2.459s] Level 1:colcon.colcon_core.package_identification:_identify(src/worlds) by extension 'cmake'
[2.459s] Level 1:colcon.colcon_core.package_identification:_identify(src/worlds) by extension 'python'
[2.460s] Level 1:colcon.colcon_core.package_identification:_identify(src/worlds) by extensions ['python_setup_py']
[2.460s] Level 1:colcon.colcon_core.package_identification:_identify(src/worlds) by extension 'python_setup_py'
[2.460s] Level 1:colcon.colcon_core.package_discovery:discover_packages(recursive) using defaults
[2.460s] Level 1:colcon.colcon_core.package_discovery:discover_packages(ignore) discover
[2.460s] Level 1:colcon.colcon_core.package_discovery:discover_packages(ignore) using defaults
[2.460s] Level 1:colcon.colcon_core.package_discovery:discover_packages(path) discover
[2.460s] Level 1:colcon.colcon_core.package_discovery:discover_packages(path) using defaults
[2.532s] INFO:colcon.colcon_core.package_selection:Skipping not selected package 'asv_fleet' in 'src/asv_fleet'
[2.532s] INFO:colcon.colcon_core.package_selection:Skipping not selected package 'my_robot_description' in 'src/my_robot_description'
[2.532s] INFO:colcon.colcon_core.package_selection:Skipping not selected package 'ros2_fundamentals_examples' in 'src/ros2_fundamentals_examples'
[2.534s] Level 1:colcon.colcon_core.package_discovery:discover_packages(prefix_path) check parameters
[2.534s] Level 1:colcon.colcon_core.package_discovery:discover_packages(prefix_path) discover
[2.541s] DEBUG:colcon.colcon_installed_package_information.package_discovery:Found 288 installed packages in /opt/ros/humble
[2.543s] Level 1:colcon.colcon_core.package_discovery:discover_packages(prefix_path) using defaults
[2.613s] Level 5:colcon.colcon_core.verb:set package 'aqua_robot_gazebo' build argument 'cmake_args' from command line to 'None'
[2.613s] Level 5:colcon.colcon_core.verb:set package 'aqua_robot_gazebo' build argument 'cmake_target' from command line to 'None'
[2.613s] Level 5:colcon.colcon_core.verb:set package 'aqua_robot_gazebo' build argument 'cmake_target_skip_unavailable' from command line to 'False'
[2.613s] Level 5:colcon.colcon_core.verb:set package 'aqua_robot_gazebo' build argument 'cmake_clean_cache' from command line to 'False'
[2.614s] Level 5:colcon.colcon_core.verb:set package 'aqua_robot_gazebo' build argument 'cmake_clean_first' from command line to 'False'
[2.614s] Level 5:colcon.colcon_core.verb:set package 'aqua_robot_gazebo' build argument 'cmake_force_configure' from command line to 'False'
[2.614s] Level 5:colcon.colcon_core.verb:set package 'aqua_robot_gazebo' build argument 'ament_cmake_args' from command line to 'None'
[2.614s] Level 5:colcon.colcon_core.verb:set package 'aqua_robot_gazebo' build argument 'catkin_cmake_args' from command line to 'None'
[2.614s] Level 5:colcon.colcon_core.verb:set package 'aqua_robot_gazebo' build argument 'catkin_skip_building_tests' from command line to 'False'
[2.614s] DEBUG:colcon.colcon_core.verb:Building package 'aqua_robot_gazebo' with the following arguments: {'ament_cmake_args': None, 'build_base': '/home/manasvi3/ros2_ws/build/aqua_robot_gazebo', 'catkin_cmake_args': None, 'catkin_skip_building_tests': False, 'cmake_args': None, 'cmake_clean_cache': False, 'cmake_clean_first': False, 'cmake_force_configure': False, 'cmake_target': None, 'cmake_target_skip_unavailable': False, 'install_base': '/home/manasvi3/ros2_ws/install/aqua_robot_gazebo', 'merge_install': False, 'path': '/home/manasvi3/ros2_ws/src/aqua_robot_gazebo', 'symlink_install': False, 'test_result_base': None}
[2.614s] INFO:colcon.colcon_core.executor:Executing jobs using 'parallel' executor
[2.616s] DEBUG:colcon.colcon_parallel_executor.executor.parallel:run_until_complete
[2.617s] INFO:colcon.colcon_ros.task.ament_cmake.build:Building ROS package in '/home/manasvi3/ros2_ws/src/aqua_robot_gazebo' with build type 'ament_cmake'
[2.617s] INFO:colcon.colcon_cmake.task.cmake.build:Building CMake package in '/home/manasvi3/ros2_ws/src/aqua_robot_gazebo'
[2.632s] INFO:colcon.colcon_core.plugin_system:Skipping extension 'colcon_core.shell.bat': Not used on non-Windows systems
[2.632s] INFO:colcon.colcon_core.shell:Skip shell extension 'powershell' for command environment: Not usable outside of PowerShell
[2.632s] DEBUG:colcon.colcon_core.shell:Skip shell extension 'dsv' for command environment
[2.651s] DEBUG:colcon.colcon_core.event_handler.log_command:Invoking command in '/home/manasvi3/ros2_ws/build/aqua_robot_gazebo': CMAKE_PREFIX_PATH=/opt/ros/humble /usr/bin/cmake --build /home/manasvi3/ros2_ws/build/aqua_robot_gazebo -- -j14 -l14
[2.817s] DEBUG:colcon.colcon_core.event_handler.log_command:Invoked command in '/home/manasvi3/ros2_ws/build/aqua_robot_gazebo' returned '0': CMAKE_PREFIX_PATH=/opt/ros/humble /usr/bin/cmake --build /home/manasvi3/ros2_ws/build/aqua_robot_gazebo -- -j14 -l14
[2.836s] DEBUG:colcon.colcon_core.event_handler.log_command:Invoking command in '/home/manasvi3/ros2_ws/build/aqua_robot_gazebo': CMAKE_PREFIX_PATH=/opt/ros/humble /usr/bin/cmake --install /home/manasvi3/ros2_ws/build/aqua_robot_gazebo
[2.863s] Level 1:colcon.colcon_core.environment:create_environment_scripts_only(aqua_robot_gazebo)
[2.863s] DEBUG:colcon.colcon_core.event_handler.log_command:Invoked command in '/home/manasvi3/ros2_ws/build/aqua_robot_gazebo' returned '1': CMAKE_PREFIX_PATH=/opt/ros/humble /usr/bin/cmake --install /home/manasvi3/ros2_ws/build/aqua_robot_gazebo
[2.874s] Level 1:colcon.colcon_core.environment:checking '/home/manasvi3/ros2_ws/install/aqua_robot_gazebo' for CMake module files
[2.876s] Level 1:colcon.colcon_core.environment:checking '/home/manasvi3/ros2_ws/install/aqua_robot_gazebo' for CMake config files
[2.881s] Level 1:colcon.colcon_core.shell:create_environment_hook('aqua_robot_gazebo', 'cmake_prefix_path')
[2.882s] INFO:colcon.colcon_core.shell:Creating environment hook '/home/manasvi3/ros2_ws/install/aqua_robot_gazebo/share/aqua_robot_gazebo/hook/cmake_prefix_path.ps1'
[2.883s] INFO:colcon.colcon_core.shell:Creating environment descriptor '/home/manasvi3/ros2_ws/install/aqua_robot_gazebo/share/aqua_robot_gazebo/hook/cmake_prefix_path.dsv'
[2.885s] INFO:colcon.colcon_core.shell:Creating environment hook '/home/manasvi3/ros2_ws/install/aqua_robot_gazebo/share/aqua_robot_gazebo/hook/cmake_prefix_path.sh'
[2.887s] Level 1:colcon.colcon_core.environment:checking '/home/manasvi3/ros2_ws/install/aqua_robot_gazebo/bin'
[2.887s] Level 1:colcon.colcon_core.environment:checking '/home/manasvi3/ros2_ws/install/aqua_robot_gazebo/lib/pkgconfig/aqua_robot_gazebo.pc'
[2.887s] Level 1:colcon.colcon_core.environment:checking '/home/manasvi3/ros2_ws/install/aqua_robot_gazebo/lib/python3.10/site-packages'
[2.888s] Level 1:colcon.colcon_core.environment:checking '/home/manasvi3/ros2_ws/install/aqua_robot_gazebo/bin'
[2.888s] INFO:colcon.colcon_core.shell:Creating package script '/home/manasvi3/ros2_ws/install/aqua_robot_gazebo/share/aqua_robot_gazebo/package.ps1'
[2.891s] INFO:colcon.colcon_core.shell:Creating package descriptor '/home/manasvi3/ros2_ws/install/aqua_robot_gazebo/share/aqua_robot_gazebo/package.dsv'
[2.893s] INFO:colcon.colcon_core.shell:Creating package script '/home/manasvi3/ros2_ws/install/aqua_robot_gazebo/share/aqua_robot_gazebo/package.sh'
[2.894s] INFO:colcon.colcon_core.shell:Creating package script '/home/manasvi3/ros2_ws/install/aqua_robot_gazebo/share/aqua_robot_gazebo/package.bash'
[2.896s] INFO:colcon.colcon_core.shell:Creating package script '/home/manasvi3/ros2_ws/install/aqua_robot_gazebo/share/aqua_robot_gazebo/package.zsh'
[2.899s] Level 1:colcon.colcon_core.environment:create_file_with_runtime_dependencies(/home/manasvi3/ros2_ws/install/aqua_robot_gazebo/share/colcon-core/packages/aqua_robot_gazebo)
[2.910s] DEBUG:colcon.colcon_parallel_executor.executor.parallel:closing loop
[2.910s] DEBUG:colcon.colcon_parallel_executor.executor.parallel:loop closed
[2.910s] DEBUG:colcon.colcon_parallel_executor.executor.parallel:run_until_complete finished with '1'
[2.910s] DEBUG:colcon.colcon_core.event_reactor:joining thread
[3.014s] INFO:colcon.colcon_core.plugin_system:Skipping extension 'colcon_notification.desktop_notification.notify_send': Could not find 'notify-send'
[3.014s] INFO:colcon.colcon_core.plugin_system:Skipping extension 'colcon_notification.desktop_notification.terminal_notifier': Not used on non-Darwin systems
[3.014s] INFO:colcon.colcon_core.plugin_system:Skipping extension 'colcon_notification.desktop_notification.win32': Not used on non-Windows systems
[3.014s] INFO:colcon.colcon_notification.desktop_notification:Sending desktop notification using 'notify2'
[3.014s] DEBUG:colcon.colcon_notification.desktop_notification.notify2:Failed to initialize notify2: org.freedesktop.DBus.Error.FileNotFound: Failed to connect to socket /run/user/1000/bus: No such file or directory
[3.015s] DEBUG:colcon.colcon_core.event_reactor:joined thread
[3.015s] INFO:colcon.colcon_core.shell:Creating prefix script '/home/manasvi3/ros2_ws/install/local_setup.ps1'
[3.018s] INFO:colcon.colcon_core.shell:Creating prefix util module '/home/manasvi3/ros2_ws/install/_local_setup_util_ps1.py'
[3.020s] INFO:colcon.colcon_core.shell:Creating prefix chain script '/home/manasvi3/ros2_ws/install/setup.ps1'
[3.022s] INFO:colcon.colcon_core.shell:Creating prefix script '/home/manasvi3/ros2_ws/install/local_setup.sh'
[3.023s] INFO:colcon.colcon_core.shell:Creating prefix util module '/home/manasvi3/ros2_ws/install/_local_setup_util_sh.py'
[3.024s] INFO:colcon.colcon_core.shell:Creating prefix chain script '/home/manasvi3/ros2_ws/install/setup.sh'
[3.026s] INFO:colcon.colcon_core.shell:Creating prefix script '/home/manasvi3/ros2_ws/install/local_setup.bash'
[3.027s] INFO:colcon.colcon_core.shell:Creating prefix chain script '/home/manasvi3/ros2_ws/install/setup.bash'
[3.029s] INFO:colcon.colcon_core.shell:Creating prefix script '/home/manasvi3/ros2_ws/install/local_setup.zsh'
[3.030s] INFO:colcon.colcon_core.shell:Creating prefix chain script '/home/manasvi3/ros2_ws/install/setup.zsh'
