[0.049s] Invoking command in '/home/manasvi3/ros2_ws/build/ros2_fundamentals_examples': CMAKE_PREFIX_PATH=${CMAKE_PREFIX_PATH}:/opt/ros/humble /usr/bin/cmake --build /home/manasvi3/ros2_ws/build/ros2_fundamentals_examples -- -j14 -l14
[0.173s] Invoked command in '/home/manasvi3/ros2_ws/build/ros2_fundamentals_examples' returned '0': CMAKE_PREFIX_PATH=${CMAKE_PREFIX_PATH}:/opt/ros/humble /usr/bin/cmake --build /home/manasvi3/ros2_ws/build/ros2_fundamentals_examples -- -j14 -l14
[0.174s] Invoking command in '/home/manasvi3/ros2_ws/build/ros2_fundamentals_examples': CMAKE_PREFIX_PATH=${CMAKE_PREFIX_PATH}:/opt/ros/humble /usr/bin/cmake --install /home/manasvi3/ros2_ws/build/ros2_fundamentals_examples
[0.191s] -- Install configuration: ""
[0.195s] -- Execute custom install script
[0.196s] -- Up-to-date symlink: /home/manasvi3/ros2_ws/install/ros2_fundamentals_examples/share/ament_index/resource_index/package_run_dependencies/ros2_fundamentals_examples
[0.196s] -- Up-to-date symlink: /home/manasvi3/ros2_ws/install/ros2_fundamentals_examples/share/ament_index/resource_index/parent_prefix_path/ros2_fundamentals_examples
[0.197s] -- Up-to-date symlink: /home/manasvi3/ros2_ws/install/ros2_fundamentals_examples/share/ros2_fundamentals_examples/environment/ament_prefix_path.sh
[0.197s] -- Up-to-date symlink: /home/manasvi3/ros2_ws/install/ros2_fundamentals_examples/share/ros2_fundamentals_examples/environment/ament_prefix_path.dsv
[0.209s] -- Up-to-date symlink: /home/manasvi3/ros2_ws/install/ros2_fundamentals_examples/share/ros2_fundamentals_examples/environment/path.sh
[0.209s] -- Up-to-date symlink: /home/manasvi3/ros2_ws/install/ros2_fundamentals_examples/share/ros2_fundamentals_examples/environment/path.dsv
[0.210s] -- Up-to-date symlink: /home/manasvi3/ros2_ws/install/ros2_fundamentals_examples/share/ros2_fundamentals_examples/local_setup.bash
[0.210s] -- Up-to-date symlink: /home/manasvi3/ros2_ws/install/ros2_fundamentals_examples/share/ros2_fundamentals_examples/local_setup.sh
[0.210s] -- Up-to-date symlink: /home/manasvi3/ros2_ws/install/ros2_fundamentals_examples/share/ros2_fundamentals_examples/local_setup.zsh
[0.210s] -- Up-to-date symlink: /home/manasvi3/ros2_ws/install/ros2_fundamentals_examples/share/ros2_fundamentals_examples/local_setup.dsv
[0.210s] -- Symlinking: /home/manasvi3/ros2_ws/install/ros2_fundamentals_examples/share/ros2_fundamentals_examples/package.dsv
[0.213s] -- Up-to-date symlink: /home/manasvi3/ros2_ws/install/ros2_fundamentals_examples/share/ament_index/resource_index/packages/ros2_fundamentals_examples
[0.213s] -- Up-to-date symlink: /home/manasvi3/ros2_ws/install/ros2_fundamentals_examples/share/ros2_fundamentals_examples/cmake/ros2_fundamentals_examplesConfig.cmake
[0.213s] -- Up-to-date symlink: /home/manasvi3/ros2_ws/install/ros2_fundamentals_examples/share/ros2_fundamentals_examples/cmake/ros2_fundamentals_examplesConfig-version.cmake
[0.213s] -- Up-to-date symlink: /home/manasvi3/ros2_ws/install/ros2_fundamentals_examples/share/ros2_fundamentals_examples/package.xml
[0.269s] Invoked command in '/home/manasvi3/ros2_ws/build/ros2_fundamentals_examples' returned '0': CMAKE_PREFIX_PATH=${CMAKE_PREFIX_PATH}:/opt/ros/humble /usr/bin/cmake --install /home/manasvi3/ros2_ws/build/ros2_fundamentals_examples
