[0.263s] DEBUG:colcon:Command line arguments: ['/usr/bin/colcon', 'build']
[0.263s] DEBUG:colcon:Parsed command line arguments: Namespace(log_base=None, log_level=None, verb_name='build', build_base='build', install_base='install', merge_install=False, symlink_install=False, test_result_base=None, continue_on_error=False, executor='parallel', parallel_workers=14, event_handlers=None, ignore_user_meta=False, metas=['./colcon.meta'], base_paths=['.'], packages_ignore=None, packages_ignore_regex=None, paths=None, packages_up_to=None, packages_up_to_regex=None, packages_above=None, packages_above_and_dependencies=None, packages_above_depth=None, packages_select_by_dep=None, packages_skip_by_dep=None, packages_skip_up_to=None, packages_select_build_failed=False, packages_skip_build_finished=False, packages_select_test_failures=False, packages_skip_test_passed=False, packages_select=None, packages_skip=None, packages_select_regex=None, packages_skip_regex=None, packages_start=None, packages_end=None, allow_overriding=[], cmake_args=None, cmake_target=None, cmake_target_skip_unavailable=False, cmake_clean_cache=False, cmake_clean_first=False, cmake_force_configure=False, ament_cmake_args=None, catkin_cmake_args=None, catkin_skip_building_tests=False, mixin_files=None, mixin=None, verb_parser=<colcon_mixin.mixin.mixin_argument.MixinArgumentDecorator object at 0x75c0d2f211e0>, verb_extension=<colcon_core.verb.build.BuildVerb object at 0x75c0d3032140>, main=<bound method BuildVerb.main of <colcon_core.verb.build.BuildVerb object at 0x75c0d3032140>>, mixin_verb=('build',))
[0.544s] Level 1:colcon.colcon_core.package_discovery:discover_packages(colcon_meta) check parameters
[0.544s] Level 1:colcon.colcon_core.package_discovery:discover_packages(recursive) check parameters
[0.544s] Level 1:colcon.colcon_core.package_discovery:discover_packages(ignore) check parameters
[0.545s] Level 1:colcon.colcon_core.package_discovery:discover_packages(path) check parameters
[0.545s] Level 1:colcon.colcon_core.package_discovery:discover_packages(colcon_meta) discover
[0.545s] Level 1:colcon.colcon_core.package_discovery:discover_packages(recursive) discover
[0.545s] INFO:colcon.colcon_core.package_discovery:Crawling recursively for packages in '/home/manasvi3/ros2_ws'
[0.545s] Level 1:colcon.colcon_core.package_identification:_identify(.) by extensions ['ignore', 'ignore_ament_install']
[0.545s] Level 1:colcon.colcon_core.package_identification:_identify(.) by extension 'ignore'
[0.545s] Level 1:colcon.colcon_core.package_identification:_identify(.) by extension 'ignore_ament_install'
[0.545s] Level 1:colcon.colcon_core.package_identification:_identify(.) by extensions ['colcon_pkg']
[0.545s] Level 1:colcon.colcon_core.package_identification:_identify(.) by extension 'colcon_pkg'
[0.545s] Level 1:colcon.colcon_core.package_identification:_identify(.) by extensions ['colcon_meta']
[0.545s] Level 1:colcon.colcon_core.package_identification:_identify(.) by extension 'colcon_meta'
[0.545s] Level 1:colcon.colcon_core.package_identification:_identify(.) by extensions ['ros']
[0.545s] Level 1:colcon.colcon_core.package_identification:_identify(.) by extension 'ros'
[0.559s] Level 1:colcon.colcon_core.package_identification:_identify(.) by extensions ['cmake', 'python']
[0.559s] Level 1:colcon.colcon_core.package_identification:_identify(.) by extension 'cmake'
[0.559s] Level 1:colcon.colcon_core.package_identification:_identify(.) by extension 'python'
[0.559s] Level 1:colcon.colcon_core.package_identification:_identify(.) by extensions ['python_setup_py']
[0.559s] Level 1:colcon.colcon_core.package_identification:_identify(.) by extension 'python_setup_py'
[0.559s] Level 1:colcon.colcon_core.package_identification:_identify(build) by extensions ['ignore', 'ignore_ament_install']
[0.559s] Level 1:colcon.colcon_core.package_identification:_identify(build) by extension 'ignore'
[0.560s] Level 1:colcon.colcon_core.package_identification:_identify(build) ignored
[0.560s] Level 1:colcon.colcon_core.package_identification:_identify(install) by extensions ['ignore', 'ignore_ament_install']
[0.560s] Level 1:colcon.colcon_core.package_identification:_identify(install) by extension 'ignore'
[0.560s] Level 1:colcon.colcon_core.package_identification:_identify(install) ignored
[0.560s] Level 1:colcon.colcon_core.package_identification:_identify(log) by extensions ['ignore', 'ignore_ament_install']
[0.560s] Level 1:colcon.colcon_core.package_identification:_identify(log) by extension 'ignore'
[0.560s] Level 1:colcon.colcon_core.package_identification:_identify(log) ignored
[0.561s] Level 1:colcon.colcon_core.package_identification:_identify(src) by extensions ['ignore', 'ignore_ament_install']
[0.561s] Level 1:colcon.colcon_core.package_identification:_identify(src) by extension 'ignore'
[0.561s] Level 1:colcon.colcon_core.package_identification:_identify(src) by extension 'ignore_ament_install'
[0.561s] Level 1:colcon.colcon_core.package_identification:_identify(src) by extensions ['colcon_pkg']
[0.561s] Level 1:colcon.colcon_core.package_identification:_identify(src) by extension 'colcon_pkg'
[0.561s] Level 1:colcon.colcon_core.package_identification:_identify(src) by extensions ['colcon_meta']
[0.561s] Level 1:colcon.colcon_core.package_identification:_identify(src) by extension 'colcon_meta'
[0.561s] Level 1:colcon.colcon_core.package_identification:_identify(src) by extensions ['ros']
[0.561s] Level 1:colcon.colcon_core.package_identification:_identify(src) by extension 'ros'
[0.561s] Level 1:colcon.colcon_core.package_identification:_identify(src) by extensions ['cmake', 'python']
[0.561s] Level 1:colcon.colcon_core.package_identification:_identify(src) by extension 'cmake'
[0.561s] Level 1:colcon.colcon_core.package_identification:_identify(src) by extension 'python'
[0.561s] Level 1:colcon.colcon_core.package_identification:_identify(src) by extensions ['python_setup_py']
[0.561s] Level 1:colcon.colcon_core.package_identification:_identify(src) by extension 'python_setup_py'
[0.561s] Level 1:colcon.colcon_core.package_identification:_identify(src/New folder) by extensions ['ignore', 'ignore_ament_install']
[0.562s] Level 1:colcon.colcon_core.package_identification:_identify(src/New folder) by extension 'ignore'
[0.562s] Level 1:colcon.colcon_core.package_identification:_identify(src/New folder) by extension 'ignore_ament_install'
[0.562s] Level 1:colcon.colcon_core.package_identification:_identify(src/New folder) by extensions ['colcon_pkg']
[0.562s] Level 1:colcon.colcon_core.package_identification:_identify(src/New folder) by extension 'colcon_pkg'
[0.562s] Level 1:colcon.colcon_core.package_identification:_identify(src/New folder) by extensions ['colcon_meta']
[0.562s] Level 1:colcon.colcon_core.package_identification:_identify(src/New folder) by extension 'colcon_meta'
[0.562s] Level 1:colcon.colcon_core.package_identification:_identify(src/New folder) by extensions ['ros']
[0.562s] Level 1:colcon.colcon_core.package_identification:_identify(src/New folder) by extension 'ros'
[0.562s] Level 1:colcon.colcon_core.package_identification:_identify(src/New folder) by extensions ['cmake', 'python']
[0.562s] Level 1:colcon.colcon_core.package_identification:_identify(src/New folder) by extension 'cmake'
[0.562s] Level 1:colcon.colcon_core.package_identification:_identify(src/New folder) by extension 'python'
[0.562s] Level 1:colcon.colcon_core.package_identification:_identify(src/New folder) by extensions ['python_setup_py']
[0.562s] Level 1:colcon.colcon_core.package_identification:_identify(src/New folder) by extension 'python_setup_py'
[0.562s] Level 1:colcon.colcon_core.package_identification:_identify(src/aqua_robot_gazebo) by extensions ['ignore', 'ignore_ament_install']
[0.562s] Level 1:colcon.colcon_core.package_identification:_identify(src/aqua_robot_gazebo) by extension 'ignore'
[0.563s] Level 1:colcon.colcon_core.package_identification:_identify(src/aqua_robot_gazebo) by extension 'ignore_ament_install'
[0.563s] Level 1:colcon.colcon_core.package_identification:_identify(src/aqua_robot_gazebo) by extensions ['colcon_pkg']
[0.563s] Level 1:colcon.colcon_core.package_identification:_identify(src/aqua_robot_gazebo) by extension 'colcon_pkg'
[0.563s] Level 1:colcon.colcon_core.package_identification:_identify(src/aqua_robot_gazebo) by extensions ['colcon_meta']
[0.563s] Level 1:colcon.colcon_core.package_identification:_identify(src/aqua_robot_gazebo) by extension 'colcon_meta'
[0.563s] Level 1:colcon.colcon_core.package_identification:_identify(src/aqua_robot_gazebo) by extensions ['ros']
[0.563s] Level 1:colcon.colcon_core.package_identification:_identify(src/aqua_robot_gazebo) by extension 'ros'
[0.567s] DEBUG:colcon.colcon_core.package_identification:Package 'src/aqua_robot_gazebo' with type 'ros.ament_cmake' and name 'aqua_robot_gazebo'
[0.567s] Level 1:colcon.colcon_core.package_identification:_identify(src/asv_fleet) by extensions ['ignore', 'ignore_ament_install']
[0.567s] Level 1:colcon.colcon_core.package_identification:_identify(src/asv_fleet) by extension 'ignore'
[0.568s] Level 1:colcon.colcon_core.package_identification:_identify(src/asv_fleet) by extension 'ignore_ament_install'
[0.568s] Level 1:colcon.colcon_core.package_identification:_identify(src/asv_fleet) by extensions ['colcon_pkg']
[0.568s] Level 1:colcon.colcon_core.package_identification:_identify(src/asv_fleet) by extension 'colcon_pkg'
[0.568s] Level 1:colcon.colcon_core.package_identification:_identify(src/asv_fleet) by extensions ['colcon_meta']
[0.568s] Level 1:colcon.colcon_core.package_identification:_identify(src/asv_fleet) by extension 'colcon_meta'
[0.568s] Level 1:colcon.colcon_core.package_identification:_identify(src/asv_fleet) by extensions ['ros']
[0.568s] Level 1:colcon.colcon_core.package_identification:_identify(src/asv_fleet) by extension 'ros'
[0.569s] DEBUG:colcon.colcon_core.package_identification:Package 'src/asv_fleet' with type 'ros.ament_cmake' and name 'asv_fleet'
[0.569s] Level 1:colcon.colcon_core.package_identification:_identify(src/build) by extensions ['ignore', 'ignore_ament_install']
[0.570s] Level 1:colcon.colcon_core.package_identification:_identify(src/build) by extension 'ignore'
[0.570s] Level 1:colcon.colcon_core.package_identification:_identify(src/build) ignored
[0.570s] Level 1:colcon.colcon_core.package_identification:_identify(src/install) by extensions ['ignore', 'ignore_ament_install']
[0.570s] Level 1:colcon.colcon_core.package_identification:_identify(src/install) by extension 'ignore'
[0.570s] Level 1:colcon.colcon_core.package_identification:_identify(src/install) ignored
[0.570s] Level 1:colcon.colcon_core.package_identification:_identify(src/log) by extensions ['ignore', 'ignore_ament_install']
[0.570s] Level 1:colcon.colcon_core.package_identification:_identify(src/log) by extension 'ignore'
[0.570s] Level 1:colcon.colcon_core.package_identification:_identify(src/log) ignored
[0.571s] Level 1:colcon.colcon_core.package_identification:_identify(src/my_robot_description) by extensions ['ignore', 'ignore_ament_install']
[0.571s] Level 1:colcon.colcon_core.package_identification:_identify(src/my_robot_description) by extension 'ignore'
[0.571s] Level 1:colcon.colcon_core.package_identification:_identify(src/my_robot_description) by extension 'ignore_ament_install'
[0.571s] Level 1:colcon.colcon_core.package_identification:_identify(src/my_robot_description) by extensions ['colcon_pkg']
[0.571s] Level 1:colcon.colcon_core.package_identification:_identify(src/my_robot_description) by extension 'colcon_pkg'
[0.571s] Level 1:colcon.colcon_core.package_identification:_identify(src/my_robot_description) by extensions ['colcon_meta']
[0.571s] Level 1:colcon.colcon_core.package_identification:_identify(src/my_robot_description) by extension 'colcon_meta'
[0.571s] Level 1:colcon.colcon_core.package_identification:_identify(src/my_robot_description) by extensions ['ros']
[0.571s] Level 1:colcon.colcon_core.package_identification:_identify(src/my_robot_description) by extension 'ros'
[0.571s] DEBUG:colcon.colcon_core.package_identification:Package 'src/my_robot_description' with type 'ros.ament_cmake' and name 'my_robot_description'
[0.572s] Level 1:colcon.colcon_core.package_identification:_identify(src/ros2_fundamentals_examples) by extensions ['ignore', 'ignore_ament_install']
[0.572s] Level 1:colcon.colcon_core.package_identification:_identify(src/ros2_fundamentals_examples) by extension 'ignore'
[0.572s] Level 1:colcon.colcon_core.package_identification:_identify(src/ros2_fundamentals_examples) by extension 'ignore_ament_install'
[0.572s] Level 1:colcon.colcon_core.package_identification:_identify(src/ros2_fundamentals_examples) by extensions ['colcon_pkg']
[0.572s] Level 1:colcon.colcon_core.package_identification:_identify(src/ros2_fundamentals_examples) by extension 'colcon_pkg'
[0.572s] Level 1:colcon.colcon_core.package_identification:_identify(src/ros2_fundamentals_examples) by extensions ['colcon_meta']
[0.572s] Level 1:colcon.colcon_core.package_identification:_identify(src/ros2_fundamentals_examples) by extension 'colcon_meta'
[0.572s] Level 1:colcon.colcon_core.package_identification:_identify(src/ros2_fundamentals_examples) by extensions ['ros']
[0.572s] Level 1:colcon.colcon_core.package_identification:_identify(src/ros2_fundamentals_examples) by extension 'ros'
[0.573s] DEBUG:colcon.colcon_core.package_identification:Package 'src/ros2_fundamentals_examples' with type 'ros.ament_cmake' and name 'ros2_fundamentals_examples'
[0.573s] Level 1:colcon.colcon_core.package_identification:_identify(src/worlds) by extensions ['ignore', 'ignore_ament_install']
[0.573s] Level 1:colcon.colcon_core.package_identification:_identify(src/worlds) by extension 'ignore'
[0.573s] Level 1:colcon.colcon_core.package_identification:_identify(src/worlds) by extension 'ignore_ament_install'
[0.573s] Level 1:colcon.colcon_core.package_identification:_identify(src/worlds) by extensions ['colcon_pkg']
[0.573s] Level 1:colcon.colcon_core.package_identification:_identify(src/worlds) by extension 'colcon_pkg'
[0.573s] Level 1:colcon.colcon_core.package_identification:_identify(src/worlds) by extensions ['colcon_meta']
[0.573s] Level 1:colcon.colcon_core.package_identification:_identify(src/worlds) by extension 'colcon_meta'
[0.573s] Level 1:colcon.colcon_core.package_identification:_identify(src/worlds) by extensions ['ros']
[0.573s] Level 1:colcon.colcon_core.package_identification:_identify(src/worlds) by extension 'ros'
[0.573s] Level 1:colcon.colcon_core.package_identification:_identify(src/worlds) by extensions ['cmake', 'python']
[0.573s] Level 1:colcon.colcon_core.package_identification:_identify(src/worlds) by extension 'cmake'
[0.573s] Level 1:colcon.colcon_core.package_identification:_identify(src/worlds) by extension 'python'
[0.573s] Level 1:colcon.colcon_core.package_identification:_identify(src/worlds) by extensions ['python_setup_py']
[0.573s] Level 1:colcon.colcon_core.package_identification:_identify(src/worlds) by extension 'python_setup_py'
[0.573s] Level 1:colcon.colcon_core.package_discovery:discover_packages(recursive) using defaults
[0.573s] Level 1:colcon.colcon_core.package_discovery:discover_packages(ignore) discover
[0.573s] Level 1:colcon.colcon_core.package_discovery:discover_packages(ignore) using defaults
[0.573s] Level 1:colcon.colcon_core.package_discovery:discover_packages(path) discover
[0.573s] Level 1:colcon.colcon_core.package_discovery:discover_packages(path) using defaults
[0.633s] Level 1:colcon.colcon_core.package_discovery:discover_packages(prefix_path) check parameters
[0.633s] Level 1:colcon.colcon_core.package_discovery:discover_packages(prefix_path) discover
[0.639s] DEBUG:colcon.colcon_installed_package_information.package_discovery:Found 4 installed packages in /home/manasvi3/ros2_ws/install
[0.642s] DEBUG:colcon.colcon_installed_package_information.package_discovery:Found 288 installed packages in /opt/ros/humble
[0.643s] Level 1:colcon.colcon_core.package_discovery:discover_packages(prefix_path) using defaults
[0.738s] Level 5:colcon.colcon_core.verb:set package 'aqua_robot_gazebo' build argument 'cmake_args' from command line to 'None'
[0.738s] Level 5:colcon.colcon_core.verb:set package 'aqua_robot_gazebo' build argument 'cmake_target' from command line to 'None'
[0.738s] Level 5:colcon.colcon_core.verb:set package 'aqua_robot_gazebo' build argument 'cmake_target_skip_unavailable' from command line to 'False'
[0.738s] Level 5:colcon.colcon_core.verb:set package 'aqua_robot_gazebo' build argument 'cmake_clean_cache' from command line to 'False'
[0.738s] Level 5:colcon.colcon_core.verb:set package 'aqua_robot_gazebo' build argument 'cmake_clean_first' from command line to 'False'
[0.738s] Level 5:colcon.colcon_core.verb:set package 'aqua_robot_gazebo' build argument 'cmake_force_configure' from command line to 'False'
[0.738s] Level 5:colcon.colcon_core.verb:set package 'aqua_robot_gazebo' build argument 'ament_cmake_args' from command line to 'None'
[0.738s] Level 5:colcon.colcon_core.verb:set package 'aqua_robot_gazebo' build argument 'catkin_cmake_args' from command line to 'None'
[0.738s] Level 5:colcon.colcon_core.verb:set package 'aqua_robot_gazebo' build argument 'catkin_skip_building_tests' from command line to 'False'
[0.739s] DEBUG:colcon.colcon_core.verb:Building package 'aqua_robot_gazebo' with the following arguments: {'ament_cmake_args': None, 'build_base': '/home/manasvi3/ros2_ws/build/aqua_robot_gazebo', 'catkin_cmake_args': None, 'catkin_skip_building_tests': False, 'cmake_args': None, 'cmake_clean_cache': False, 'cmake_clean_first': False, 'cmake_force_configure': False, 'cmake_target': None, 'cmake_target_skip_unavailable': False, 'install_base': '/home/manasvi3/ros2_ws/install/aqua_robot_gazebo', 'merge_install': False, 'path': '/home/manasvi3/ros2_ws/src/aqua_robot_gazebo', 'symlink_install': False, 'test_result_base': None}
[0.739s] Level 5:colcon.colcon_core.verb:set package 'asv_fleet' build argument 'cmake_args' from command line to 'None'
[0.739s] Level 5:colcon.colcon_core.verb:set package 'asv_fleet' build argument 'cmake_target' from command line to 'None'
[0.739s] Level 5:colcon.colcon_core.verb:set package 'asv_fleet' build argument 'cmake_target_skip_unavailable' from command line to 'False'
[0.739s] Level 5:colcon.colcon_core.verb:set package 'asv_fleet' build argument 'cmake_clean_cache' from command line to 'False'
[0.739s] Level 5:colcon.colcon_core.verb:set package 'asv_fleet' build argument 'cmake_clean_first' from command line to 'False'
[0.739s] Level 5:colcon.colcon_core.verb:set package 'asv_fleet' build argument 'cmake_force_configure' from command line to 'False'
[0.739s] Level 5:colcon.colcon_core.verb:set package 'asv_fleet' build argument 'ament_cmake_args' from command line to 'None'
[0.739s] Level 5:colcon.colcon_core.verb:set package 'asv_fleet' build argument 'catkin_cmake_args' from command line to 'None'
[0.739s] Level 5:colcon.colcon_core.verb:set package 'asv_fleet' build argument 'catkin_skip_building_tests' from command line to 'False'
[0.739s] DEBUG:colcon.colcon_core.verb:Building package 'asv_fleet' with the following arguments: {'ament_cmake_args': None, 'build_base': '/home/manasvi3/ros2_ws/build/asv_fleet', 'catkin_cmake_args': None, 'catkin_skip_building_tests': False, 'cmake_args': None, 'cmake_clean_cache': False, 'cmake_clean_first': False, 'cmake_force_configure': False, 'cmake_target': None, 'cmake_target_skip_unavailable': False, 'install_base': '/home/manasvi3/ros2_ws/install/asv_fleet', 'merge_install': False, 'path': '/home/manasvi3/ros2_ws/src/asv_fleet', 'symlink_install': False, 'test_result_base': None}
[0.739s] Level 5:colcon.colcon_core.verb:set package 'my_robot_description' build argument 'cmake_args' from command line to 'None'
[0.739s] Level 5:colcon.colcon_core.verb:set package 'my_robot_description' build argument 'cmake_target' from command line to 'None'
[0.739s] Level 5:colcon.colcon_core.verb:set package 'my_robot_description' build argument 'cmake_target_skip_unavailable' from command line to 'False'
[0.739s] Level 5:colcon.colcon_core.verb:set package 'my_robot_description' build argument 'cmake_clean_cache' from command line to 'False'
[0.739s] Level 5:colcon.colcon_core.verb:set package 'my_robot_description' build argument 'cmake_clean_first' from command line to 'False'
[0.739s] Level 5:colcon.colcon_core.verb:set package 'my_robot_description' build argument 'cmake_force_configure' from command line to 'False'
[0.739s] Level 5:colcon.colcon_core.verb:set package 'my_robot_description' build argument 'ament_cmake_args' from command line to 'None'
[0.739s] Level 5:colcon.colcon_core.verb:set package 'my_robot_description' build argument 'catkin_cmake_args' from command line to 'None'
[0.739s] Level 5:colcon.colcon_core.verb:set package 'my_robot_description' build argument 'catkin_skip_building_tests' from command line to 'False'
[0.739s] DEBUG:colcon.colcon_core.verb:Building package 'my_robot_description' with the following arguments: {'ament_cmake_args': None, 'build_base': '/home/manasvi3/ros2_ws/build/my_robot_description', 'catkin_cmake_args': None, 'catkin_skip_building_tests': False, 'cmake_args': None, 'cmake_clean_cache': False, 'cmake_clean_first': False, 'cmake_force_configure': False, 'cmake_target': None, 'cmake_target_skip_unavailable': False, 'install_base': '/home/manasvi3/ros2_ws/install/my_robot_description', 'merge_install': False, 'path': '/home/manasvi3/ros2_ws/src/my_robot_description', 'symlink_install': False, 'test_result_base': None}
[0.739s] Level 5:colcon.colcon_core.verb:set package 'ros2_fundamentals_examples' build argument 'cmake_args' from command line to 'None'
[0.739s] Level 5:colcon.colcon_core.verb:set package 'ros2_fundamentals_examples' build argument 'cmake_target' from command line to 'None'
[0.739s] Level 5:colcon.colcon_core.verb:set package 'ros2_fundamentals_examples' build argument 'cmake_target_skip_unavailable' from command line to 'False'
[0.739s] Level 5:colcon.colcon_core.verb:set package 'ros2_fundamentals_examples' build argument 'cmake_clean_cache' from command line to 'False'
[0.739s] Level 5:colcon.colcon_core.verb:set package 'ros2_fundamentals_examples' build argument 'cmake_clean_first' from command line to 'False'
[0.739s] Level 5:colcon.colcon_core.verb:set package 'ros2_fundamentals_examples' build argument 'cmake_force_configure' from command line to 'False'
[0.739s] Level 5:colcon.colcon_core.verb:set package 'ros2_fundamentals_examples' build argument 'ament_cmake_args' from command line to 'None'
[0.739s] Level 5:colcon.colcon_core.verb:set package 'ros2_fundamentals_examples' build argument 'catkin_cmake_args' from command line to 'None'
[0.739s] Level 5:colcon.colcon_core.verb:set package 'ros2_fundamentals_examples' build argument 'catkin_skip_building_tests' from command line to 'False'
[0.739s] DEBUG:colcon.colcon_core.verb:Building package 'ros2_fundamentals_examples' with the following arguments: {'ament_cmake_args': None, 'build_base': '/home/manasvi3/ros2_ws/build/ros2_fundamentals_examples', 'catkin_cmake_args': None, 'catkin_skip_building_tests': False, 'cmake_args': None, 'cmake_clean_cache': False, 'cmake_clean_first': False, 'cmake_force_configure': False, 'cmake_target': None, 'cmake_target_skip_unavailable': False, 'install_base': '/home/manasvi3/ros2_ws/install/ros2_fundamentals_examples', 'merge_install': False, 'path': '/home/manasvi3/ros2_ws/src/ros2_fundamentals_examples', 'symlink_install': False, 'test_result_base': None}
[0.739s] INFO:colcon.colcon_core.executor:Executing jobs using 'parallel' executor
[0.741s] DEBUG:colcon.colcon_parallel_executor.executor.parallel:run_until_complete
[0.741s] INFO:colcon.colcon_ros.task.ament_cmake.build:Building ROS package in '/home/manasvi3/ros2_ws/src/aqua_robot_gazebo' with build type 'ament_cmake'
[0.741s] INFO:colcon.colcon_cmake.task.cmake.build:Building CMake package in '/home/manasvi3/ros2_ws/src/aqua_robot_gazebo'
[0.748s] INFO:colcon.colcon_core.plugin_system:Skipping extension 'colcon_core.shell.bat': Not used on non-Windows systems
[0.748s] INFO:colcon.colcon_core.shell:Skip shell extension 'powershell' for command environment: Not usable outside of PowerShell
[0.748s] DEBUG:colcon.colcon_core.shell:Skip shell extension 'dsv' for command environment
[0.753s] INFO:colcon.colcon_ros.task.ament_cmake.build:Building ROS package in '/home/manasvi3/ros2_ws/src/asv_fleet' with build type 'ament_cmake'
[0.754s] INFO:colcon.colcon_cmake.task.cmake.build:Building CMake package in '/home/manasvi3/ros2_ws/src/asv_fleet'
[0.757s] INFO:colcon.colcon_core.shell:Skip shell extension 'powershell' for command environment: Not usable outside of PowerShell
[0.757s] DEBUG:colcon.colcon_core.shell:Skip shell extension 'dsv' for command environment
[0.760s] INFO:colcon.colcon_ros.task.ament_cmake.build:Building ROS package in '/home/manasvi3/ros2_ws/src/my_robot_description' with build type 'ament_cmake'
[0.761s] INFO:colcon.colcon_cmake.task.cmake.build:Building CMake package in '/home/manasvi3/ros2_ws/src/my_robot_description'
[0.761s] INFO:colcon.colcon_core.shell:Skip shell extension 'powershell' for command environment: Not usable outside of PowerShell
[0.761s] DEBUG:colcon.colcon_core.shell:Skip shell extension 'dsv' for command environment
[0.764s] INFO:colcon.colcon_ros.task.ament_cmake.build:Building ROS package in '/home/manasvi3/ros2_ws/src/ros2_fundamentals_examples' with build type 'ament_cmake'
[0.764s] INFO:colcon.colcon_cmake.task.cmake.build:Building CMake package in '/home/manasvi3/ros2_ws/src/ros2_fundamentals_examples'
[0.764s] INFO:colcon.colcon_core.shell:Skip shell extension 'powershell' for command environment: Not usable outside of PowerShell
[0.764s] DEBUG:colcon.colcon_core.shell:Skip shell extension 'dsv' for command environment
[0.772s] DEBUG:colcon.colcon_core.event_handler.log_command:Invoking command in '/home/manasvi3/ros2_ws/build/aqua_robot_gazebo': CMAKE_PREFIX_PATH=${CMAKE_PREFIX_PATH}:/opt/ros/humble /usr/bin/cmake --build /home/manasvi3/ros2_ws/build/aqua_robot_gazebo -- -j14 -l14
[0.779s] DEBUG:colcon.colcon_core.event_handler.log_command:Invoking command in '/home/manasvi3/ros2_ws/build/asv_fleet': CMAKE_PREFIX_PATH=${CMAKE_PREFIX_PATH}:/opt/ros/humble /usr/bin/cmake --build /home/manasvi3/ros2_ws/build/asv_fleet -- -j14 -l14
[0.786s] DEBUG:colcon.colcon_core.event_handler.log_command:Invoking command in '/home/manasvi3/ros2_ws/build/my_robot_description': CMAKE_PREFIX_PATH=${CMAKE_PREFIX_PATH}:/opt/ros/humble /usr/bin/cmake --build /home/manasvi3/ros2_ws/build/my_robot_description -- -j14 -l14
[0.792s] DEBUG:colcon.colcon_core.event_handler.log_command:Invoking command in '/home/manasvi3/ros2_ws/build/ros2_fundamentals_examples': CMAKE_PREFIX_PATH=${CMAKE_PREFIX_PATH}:/opt/ros/humble /usr/bin/cmake --build /home/manasvi3/ros2_ws/build/ros2_fundamentals_examples -- -j14 -l14
[0.887s] DEBUG:colcon.colcon_core.event_handler.log_command:Invoked command in '/home/manasvi3/ros2_ws/build/asv_fleet' returned '0': CMAKE_PREFIX_PATH=${CMAKE_PREFIX_PATH}:/opt/ros/humble /usr/bin/cmake --build /home/manasvi3/ros2_ws/build/asv_fleet -- -j14 -l14
[0.897s] DEBUG:colcon.colcon_core.event_handler.log_command:Invoking command in '/home/manasvi3/ros2_ws/build/asv_fleet': CMAKE_PREFIX_PATH=${CMAKE_PREFIX_PATH}:/opt/ros/humble /usr/bin/cmake --install /home/manasvi3/ros2_ws/build/asv_fleet
[0.898s] DEBUG:colcon.colcon_core.event_handler.log_command:Invoked command in '/home/manasvi3/ros2_ws/build/ros2_fundamentals_examples' returned '0': CMAKE_PREFIX_PATH=${CMAKE_PREFIX_PATH}:/opt/ros/humble /usr/bin/cmake --build /home/manasvi3/ros2_ws/build/ros2_fundamentals_examples -- -j14 -l14
[0.900s] DEBUG:colcon.colcon_core.event_handler.log_command:Invoking command in '/home/manasvi3/ros2_ws/build/ros2_fundamentals_examples': CMAKE_PREFIX_PATH=${CMAKE_PREFIX_PATH}:/opt/ros/humble /usr/bin/cmake --install /home/manasvi3/ros2_ws/build/ros2_fundamentals_examples
[0.904s] DEBUG:colcon.colcon_core.event_handler.log_command:Invoked command in '/home/manasvi3/ros2_ws/build/my_robot_description' returned '0': CMAKE_PREFIX_PATH=${CMAKE_PREFIX_PATH}:/opt/ros/humble /usr/bin/cmake --build /home/manasvi3/ros2_ws/build/my_robot_description -- -j14 -l14
[0.907s] DEBUG:colcon.colcon_core.event_handler.log_command:Invoking command in '/home/manasvi3/ros2_ws/build/my_robot_description': CMAKE_PREFIX_PATH=${CMAKE_PREFIX_PATH}:/opt/ros/humble /usr/bin/cmake --install /home/manasvi3/ros2_ws/build/my_robot_description
[0.912s] DEBUG:colcon.colcon_core.event_handler.log_command:Invoked command in '/home/manasvi3/ros2_ws/build/aqua_robot_gazebo' returned '0': CMAKE_PREFIX_PATH=${CMAKE_PREFIX_PATH}:/opt/ros/humble /usr/bin/cmake --build /home/manasvi3/ros2_ws/build/aqua_robot_gazebo -- -j14 -l14
[0.916s] DEBUG:colcon.colcon_core.event_handler.log_command:Invoking command in '/home/manasvi3/ros2_ws/build/aqua_robot_gazebo': CMAKE_PREFIX_PATH=${CMAKE_PREFIX_PATH}:/opt/ros/humble /usr/bin/cmake --install /home/manasvi3/ros2_ws/build/aqua_robot_gazebo
[0.935s] Level 1:colcon.colcon_core.environment:create_environment_scripts_only(ros2_fundamentals_examples)
[0.937s] DEBUG:colcon.colcon_core.event_handler.log_command:Invoked command in '/home/manasvi3/ros2_ws/build/ros2_fundamentals_examples' returned '0': CMAKE_PREFIX_PATH=${CMAKE_PREFIX_PATH}:/opt/ros/humble /usr/bin/cmake --install /home/manasvi3/ros2_ws/build/ros2_fundamentals_examples
[0.946s] Level 1:colcon.colcon_core.environment:checking '/home/manasvi3/ros2_ws/install/ros2_fundamentals_examples' for CMake module files
[0.947s] Level 1:colcon.colcon_core.environment:checking '/home/manasvi3/ros2_ws/install/ros2_fundamentals_examples' for CMake config files
[0.948s] Level 1:colcon.colcon_core.shell:create_environment_hook('ros2_fundamentals_examples', 'cmake_prefix_path')
[0.948s] INFO:colcon.colcon_core.shell:Creating environment hook '/home/manasvi3/ros2_ws/install/ros2_fundamentals_examples/share/ros2_fundamentals_examples/hook/cmake_prefix_path.ps1'
[0.949s] INFO:colcon.colcon_core.shell:Creating environment descriptor '/home/manasvi3/ros2_ws/install/ros2_fundamentals_examples/share/ros2_fundamentals_examples/hook/cmake_prefix_path.dsv'
[0.949s] INFO:colcon.colcon_core.shell:Creating environment hook '/home/manasvi3/ros2_ws/install/ros2_fundamentals_examples/share/ros2_fundamentals_examples/hook/cmake_prefix_path.sh'
[0.950s] Level 1:colcon.colcon_core.environment:checking '/home/manasvi3/ros2_ws/install/ros2_fundamentals_examples/bin'
[0.951s] Level 1:colcon.colcon_core.environment:checking '/home/manasvi3/ros2_ws/install/ros2_fundamentals_examples/lib/pkgconfig/ros2_fundamentals_examples.pc'
[0.951s] Level 1:colcon.colcon_core.environment:checking '/home/manasvi3/ros2_ws/install/ros2_fundamentals_examples/lib/python3.10/site-packages'
[0.951s] Level 1:colcon.colcon_core.environment:checking '/home/manasvi3/ros2_ws/install/ros2_fundamentals_examples/bin'
[0.951s] INFO:colcon.colcon_core.shell:Creating package script '/home/manasvi3/ros2_ws/install/ros2_fundamentals_examples/share/ros2_fundamentals_examples/package.ps1'
[0.952s] INFO:colcon.colcon_core.shell:Creating package descriptor '/home/manasvi3/ros2_ws/install/ros2_fundamentals_examples/share/ros2_fundamentals_examples/package.dsv'
[0.953s] INFO:colcon.colcon_core.shell:Creating package script '/home/manasvi3/ros2_ws/install/ros2_fundamentals_examples/share/ros2_fundamentals_examples/package.sh'
[0.954s] INFO:colcon.colcon_core.shell:Creating package script '/home/manasvi3/ros2_ws/install/ros2_fundamentals_examples/share/ros2_fundamentals_examples/package.bash'
[0.955s] INFO:colcon.colcon_core.shell:Creating package script '/home/manasvi3/ros2_ws/install/ros2_fundamentals_examples/share/ros2_fundamentals_examples/package.zsh'
[0.955s] Level 1:colcon.colcon_core.environment:create_file_with_runtime_dependencies(/home/manasvi3/ros2_ws/install/ros2_fundamentals_examples/share/colcon-core/packages/ros2_fundamentals_examples)
[0.955s] Level 1:colcon.colcon_core.environment:create_environment_scripts_only(ros2_fundamentals_examples)
[0.956s] Level 1:colcon.colcon_core.environment:checking '/home/manasvi3/ros2_ws/install/ros2_fundamentals_examples' for CMake module files
[0.956s] Level 1:colcon.colcon_core.environment:checking '/home/manasvi3/ros2_ws/install/ros2_fundamentals_examples' for CMake config files
[0.956s] Level 1:colcon.colcon_core.shell:create_environment_hook('ros2_fundamentals_examples', 'cmake_prefix_path')
[0.956s] INFO:colcon.colcon_core.shell:Creating environment hook '/home/manasvi3/ros2_ws/install/ros2_fundamentals_examples/share/ros2_fundamentals_examples/hook/cmake_prefix_path.ps1'
[0.956s] INFO:colcon.colcon_core.shell:Creating environment descriptor '/home/manasvi3/ros2_ws/install/ros2_fundamentals_examples/share/ros2_fundamentals_examples/hook/cmake_prefix_path.dsv'
[0.957s] INFO:colcon.colcon_core.shell:Creating environment hook '/home/manasvi3/ros2_ws/install/ros2_fundamentals_examples/share/ros2_fundamentals_examples/hook/cmake_prefix_path.sh'
[0.957s] Level 1:colcon.colcon_core.environment:checking '/home/manasvi3/ros2_ws/install/ros2_fundamentals_examples/bin'
[0.957s] Level 1:colcon.colcon_core.environment:checking '/home/manasvi3/ros2_ws/install/ros2_fundamentals_examples/lib/pkgconfig/ros2_fundamentals_examples.pc'
[0.957s] Level 1:colcon.colcon_core.environment:checking '/home/manasvi3/ros2_ws/install/ros2_fundamentals_examples/lib/python3.10/site-packages'
[0.957s] Level 1:colcon.colcon_core.environment:checking '/home/manasvi3/ros2_ws/install/ros2_fundamentals_examples/bin'
[0.958s] INFO:colcon.colcon_core.shell:Creating package script '/home/manasvi3/ros2_ws/install/ros2_fundamentals_examples/share/ros2_fundamentals_examples/package.ps1'
[0.958s] INFO:colcon.colcon_core.shell:Creating package descriptor '/home/manasvi3/ros2_ws/install/ros2_fundamentals_examples/share/ros2_fundamentals_examples/package.dsv'
[0.958s] INFO:colcon.colcon_core.shell:Creating package script '/home/manasvi3/ros2_ws/install/ros2_fundamentals_examples/share/ros2_fundamentals_examples/package.sh'
[0.959s] INFO:colcon.colcon_core.shell:Creating package script '/home/manasvi3/ros2_ws/install/ros2_fundamentals_examples/share/ros2_fundamentals_examples/package.bash'
[0.959s] INFO:colcon.colcon_core.shell:Creating package script '/home/manasvi3/ros2_ws/install/ros2_fundamentals_examples/share/ros2_fundamentals_examples/package.zsh'
[0.959s] Level 1:colcon.colcon_core.environment:create_file_with_runtime_dependencies(/home/manasvi3/ros2_ws/install/ros2_fundamentals_examples/share/colcon-core/packages/ros2_fundamentals_examples)
[0.960s] Level 1:colcon.colcon_core.environment:create_environment_scripts_only(aqua_robot_gazebo)
[0.960s] Level 1:colcon.colcon_core.environment:checking '/home/manasvi3/ros2_ws/install/aqua_robot_gazebo' for CMake module files
[0.960s] DEBUG:colcon.colcon_core.event_handler.log_command:Invoked command in '/home/manasvi3/ros2_ws/build/aqua_robot_gazebo' returned '0': CMAKE_PREFIX_PATH=${CMAKE_PREFIX_PATH}:/opt/ros/humble /usr/bin/cmake --install /home/manasvi3/ros2_ws/build/aqua_robot_gazebo
[0.961s] Level 1:colcon.colcon_core.environment:checking '/home/manasvi3/ros2_ws/install/aqua_robot_gazebo' for CMake config files
[0.964s] Level 1:colcon.colcon_core.shell:create_environment_hook('aqua_robot_gazebo', 'cmake_prefix_path')
[0.964s] INFO:colcon.colcon_core.shell:Creating environment hook '/home/manasvi3/ros2_ws/install/aqua_robot_gazebo/share/aqua_robot_gazebo/hook/cmake_prefix_path.ps1'
[0.965s] INFO:colcon.colcon_core.shell:Creating environment descriptor '/home/manasvi3/ros2_ws/install/aqua_robot_gazebo/share/aqua_robot_gazebo/hook/cmake_prefix_path.dsv'
[0.965s] INFO:colcon.colcon_core.shell:Creating environment hook '/home/manasvi3/ros2_ws/install/aqua_robot_gazebo/share/aqua_robot_gazebo/hook/cmake_prefix_path.sh'
[0.965s] Level 1:colcon.colcon_core.environment:checking '/home/manasvi3/ros2_ws/install/aqua_robot_gazebo/bin'
[0.965s] Level 1:colcon.colcon_core.environment:checking '/home/manasvi3/ros2_ws/install/aqua_robot_gazebo/lib/pkgconfig/aqua_robot_gazebo.pc'
[0.965s] Level 1:colcon.colcon_core.environment:checking '/home/manasvi3/ros2_ws/install/aqua_robot_gazebo/lib/python3.10/site-packages'
[0.965s] Level 1:colcon.colcon_core.environment:checking '/home/manasvi3/ros2_ws/install/aqua_robot_gazebo/bin'
[0.966s] INFO:colcon.colcon_core.shell:Creating package script '/home/manasvi3/ros2_ws/install/aqua_robot_gazebo/share/aqua_robot_gazebo/package.ps1'
[0.966s] INFO:colcon.colcon_core.shell:Creating package descriptor '/home/manasvi3/ros2_ws/install/aqua_robot_gazebo/share/aqua_robot_gazebo/package.dsv'
[0.966s] INFO:colcon.colcon_core.shell:Creating package script '/home/manasvi3/ros2_ws/install/aqua_robot_gazebo/share/aqua_robot_gazebo/package.sh'
[0.966s] INFO:colcon.colcon_core.shell:Creating package script '/home/manasvi3/ros2_ws/install/aqua_robot_gazebo/share/aqua_robot_gazebo/package.bash'
[0.967s] INFO:colcon.colcon_core.shell:Creating package script '/home/manasvi3/ros2_ws/install/aqua_robot_gazebo/share/aqua_robot_gazebo/package.zsh'
[0.967s] Level 1:colcon.colcon_core.environment:create_file_with_runtime_dependencies(/home/manasvi3/ros2_ws/install/aqua_robot_gazebo/share/colcon-core/packages/aqua_robot_gazebo)
[0.967s] Level 1:colcon.colcon_core.environment:create_environment_scripts_only(aqua_robot_gazebo)
[0.967s] Level 1:colcon.colcon_core.environment:checking '/home/manasvi3/ros2_ws/install/aqua_robot_gazebo' for CMake module files
[0.967s] Level 1:colcon.colcon_core.environment:checking '/home/manasvi3/ros2_ws/install/aqua_robot_gazebo' for CMake config files
[0.968s] Level 1:colcon.colcon_core.shell:create_environment_hook('aqua_robot_gazebo', 'cmake_prefix_path')
[0.968s] INFO:colcon.colcon_core.shell:Creating environment hook '/home/manasvi3/ros2_ws/install/aqua_robot_gazebo/share/aqua_robot_gazebo/hook/cmake_prefix_path.ps1'
[0.968s] INFO:colcon.colcon_core.shell:Creating environment descriptor '/home/manasvi3/ros2_ws/install/aqua_robot_gazebo/share/aqua_robot_gazebo/hook/cmake_prefix_path.dsv'
[0.968s] INFO:colcon.colcon_core.shell:Creating environment hook '/home/manasvi3/ros2_ws/install/aqua_robot_gazebo/share/aqua_robot_gazebo/hook/cmake_prefix_path.sh'
[0.969s] Level 1:colcon.colcon_core.environment:checking '/home/manasvi3/ros2_ws/install/aqua_robot_gazebo/bin'
[0.969s] Level 1:colcon.colcon_core.environment:checking '/home/manasvi3/ros2_ws/install/aqua_robot_gazebo/lib/pkgconfig/aqua_robot_gazebo.pc'
[0.969s] Level 1:colcon.colcon_core.environment:checking '/home/manasvi3/ros2_ws/install/aqua_robot_gazebo/lib/python3.10/site-packages'
[0.970s] Level 1:colcon.colcon_core.environment:checking '/home/manasvi3/ros2_ws/install/aqua_robot_gazebo/bin'
[0.970s] INFO:colcon.colcon_core.shell:Creating package script '/home/manasvi3/ros2_ws/install/aqua_robot_gazebo/share/aqua_robot_gazebo/package.ps1'
[0.971s] INFO:colcon.colcon_core.shell:Creating package descriptor '/home/manasvi3/ros2_ws/install/aqua_robot_gazebo/share/aqua_robot_gazebo/package.dsv'
[0.971s] INFO:colcon.colcon_core.shell:Creating package script '/home/manasvi3/ros2_ws/install/aqua_robot_gazebo/share/aqua_robot_gazebo/package.sh'
[0.972s] INFO:colcon.colcon_core.shell:Creating package script '/home/manasvi3/ros2_ws/install/aqua_robot_gazebo/share/aqua_robot_gazebo/package.bash'
[0.972s] INFO:colcon.colcon_core.shell:Creating package script '/home/manasvi3/ros2_ws/install/aqua_robot_gazebo/share/aqua_robot_gazebo/package.zsh'
[0.972s] Level 1:colcon.colcon_core.environment:create_file_with_runtime_dependencies(/home/manasvi3/ros2_ws/install/aqua_robot_gazebo/share/colcon-core/packages/aqua_robot_gazebo)
[0.974s] Level 1:colcon.colcon_core.environment:create_environment_scripts_only(asv_fleet)
[0.974s] Level 1:colcon.colcon_core.environment:checking '/home/manasvi3/ros2_ws/install/asv_fleet' for CMake module files
[0.974s] DEBUG:colcon.colcon_core.event_handler.log_command:Invoked command in '/home/manasvi3/ros2_ws/build/asv_fleet' returned '0': CMAKE_PREFIX_PATH=${CMAKE_PREFIX_PATH}:/opt/ros/humble /usr/bin/cmake --install /home/manasvi3/ros2_ws/build/asv_fleet
[0.975s] Level 1:colcon.colcon_core.environment:checking '/home/manasvi3/ros2_ws/install/asv_fleet' for CMake config files
[0.980s] Level 1:colcon.colcon_core.shell:create_environment_hook('asv_fleet', 'cmake_prefix_path')
[0.981s] INFO:colcon.colcon_core.shell:Creating environment hook '/home/manasvi3/ros2_ws/install/asv_fleet/share/asv_fleet/hook/cmake_prefix_path.ps1'
[0.981s] INFO:colcon.colcon_core.shell:Creating environment descriptor '/home/manasvi3/ros2_ws/install/asv_fleet/share/asv_fleet/hook/cmake_prefix_path.dsv'
[0.981s] INFO:colcon.colcon_core.shell:Creating environment hook '/home/manasvi3/ros2_ws/install/asv_fleet/share/asv_fleet/hook/cmake_prefix_path.sh'
[0.982s] Level 1:colcon.colcon_core.environment:checking '/home/manasvi3/ros2_ws/install/asv_fleet/lib'
[0.982s] Level 1:colcon.colcon_core.environment:checking '/home/manasvi3/ros2_ws/install/asv_fleet/bin'
[0.982s] Level 1:colcon.colcon_core.environment:checking '/home/manasvi3/ros2_ws/install/asv_fleet/lib/pkgconfig/asv_fleet.pc'
[0.982s] Level 1:colcon.colcon_core.environment:checking '/home/manasvi3/ros2_ws/install/asv_fleet/lib/python3.10/site-packages'
[0.982s] Level 1:colcon.colcon_core.environment:checking '/home/manasvi3/ros2_ws/install/asv_fleet/bin'
[0.982s] INFO:colcon.colcon_core.shell:Creating package script '/home/manasvi3/ros2_ws/install/asv_fleet/share/asv_fleet/package.ps1'
[0.983s] INFO:colcon.colcon_core.shell:Creating package descriptor '/home/manasvi3/ros2_ws/install/asv_fleet/share/asv_fleet/package.dsv'
[0.983s] INFO:colcon.colcon_core.shell:Creating package script '/home/manasvi3/ros2_ws/install/asv_fleet/share/asv_fleet/package.sh'
[0.983s] INFO:colcon.colcon_core.shell:Creating package script '/home/manasvi3/ros2_ws/install/asv_fleet/share/asv_fleet/package.bash'
[0.984s] INFO:colcon.colcon_core.shell:Creating package script '/home/manasvi3/ros2_ws/install/asv_fleet/share/asv_fleet/package.zsh'
[0.984s] Level 1:colcon.colcon_core.environment:create_file_with_runtime_dependencies(/home/manasvi3/ros2_ws/install/asv_fleet/share/colcon-core/packages/asv_fleet)
[0.984s] Level 1:colcon.colcon_core.environment:create_environment_scripts_only(asv_fleet)
[0.984s] Level 1:colcon.colcon_core.environment:checking '/home/manasvi3/ros2_ws/install/asv_fleet' for CMake module files
[0.985s] Level 1:colcon.colcon_core.environment:checking '/home/manasvi3/ros2_ws/install/asv_fleet' for CMake config files
[0.985s] Level 1:colcon.colcon_core.shell:create_environment_hook('asv_fleet', 'cmake_prefix_path')
[0.985s] INFO:colcon.colcon_core.shell:Creating environment hook '/home/manasvi3/ros2_ws/install/asv_fleet/share/asv_fleet/hook/cmake_prefix_path.ps1'
[0.985s] INFO:colcon.colcon_core.shell:Creating environment descriptor '/home/manasvi3/ros2_ws/install/asv_fleet/share/asv_fleet/hook/cmake_prefix_path.dsv'
[0.986s] INFO:colcon.colcon_core.shell:Creating environment hook '/home/manasvi3/ros2_ws/install/asv_fleet/share/asv_fleet/hook/cmake_prefix_path.sh'
[0.986s] Level 1:colcon.colcon_core.environment:checking '/home/manasvi3/ros2_ws/install/asv_fleet/lib'
[0.986s] Level 1:colcon.colcon_core.environment:checking '/home/manasvi3/ros2_ws/install/asv_fleet/bin'
[0.986s] Level 1:colcon.colcon_core.environment:checking '/home/manasvi3/ros2_ws/install/asv_fleet/lib/pkgconfig/asv_fleet.pc'
[0.986s] Level 1:colcon.colcon_core.environment:checking '/home/manasvi3/ros2_ws/install/asv_fleet/lib/python3.10/site-packages'
[0.986s] Level 1:colcon.colcon_core.environment:checking '/home/manasvi3/ros2_ws/install/asv_fleet/bin'
[0.987s] INFO:colcon.colcon_core.shell:Creating package script '/home/manasvi3/ros2_ws/install/asv_fleet/share/asv_fleet/package.ps1'
[0.987s] INFO:colcon.colcon_core.shell:Creating package descriptor '/home/manasvi3/ros2_ws/install/asv_fleet/share/asv_fleet/package.dsv'
[0.987s] INFO:colcon.colcon_core.shell:Creating package script '/home/manasvi3/ros2_ws/install/asv_fleet/share/asv_fleet/package.sh'
[0.987s] INFO:colcon.colcon_core.shell:Creating package script '/home/manasvi3/ros2_ws/install/asv_fleet/share/asv_fleet/package.bash'
[0.987s] INFO:colcon.colcon_core.shell:Creating package script '/home/manasvi3/ros2_ws/install/asv_fleet/share/asv_fleet/package.zsh'
[0.988s] Level 1:colcon.colcon_core.environment:create_file_with_runtime_dependencies(/home/manasvi3/ros2_ws/install/asv_fleet/share/colcon-core/packages/asv_fleet)
[0.988s] Level 1:colcon.colcon_core.environment:create_environment_scripts_only(my_robot_description)
[0.988s] Level 1:colcon.colcon_core.environment:checking '/home/manasvi3/ros2_ws/install/my_robot_description' for CMake module files
[0.989s] DEBUG:colcon.colcon_core.event_handler.log_command:Invoked command in '/home/manasvi3/ros2_ws/build/my_robot_description' returned '0': CMAKE_PREFIX_PATH=${CMAKE_PREFIX_PATH}:/opt/ros/humble /usr/bin/cmake --install /home/manasvi3/ros2_ws/build/my_robot_description
[0.989s] Level 1:colcon.colcon_core.environment:checking '/home/manasvi3/ros2_ws/install/my_robot_description' for CMake config files
[0.992s] Level 1:colcon.colcon_core.shell:create_environment_hook('my_robot_description', 'cmake_prefix_path')
[0.992s] INFO:colcon.colcon_core.shell:Creating environment hook '/home/manasvi3/ros2_ws/install/my_robot_description/share/my_robot_description/hook/cmake_prefix_path.ps1'
[0.993s] INFO:colcon.colcon_core.shell:Creating environment descriptor '/home/manasvi3/ros2_ws/install/my_robot_description/share/my_robot_description/hook/cmake_prefix_path.dsv'
[0.993s] INFO:colcon.colcon_core.shell:Creating environment hook '/home/manasvi3/ros2_ws/install/my_robot_description/share/my_robot_description/hook/cmake_prefix_path.sh'
[0.994s] Level 1:colcon.colcon_core.environment:checking '/home/manasvi3/ros2_ws/install/my_robot_description/bin'
[0.994s] Level 1:colcon.colcon_core.environment:checking '/home/manasvi3/ros2_ws/install/my_robot_description/lib/pkgconfig/my_robot_description.pc'
[0.994s] Level 1:colcon.colcon_core.environment:checking '/home/manasvi3/ros2_ws/install/my_robot_description/lib/python3.10/site-packages'
[0.994s] Level 1:colcon.colcon_core.environment:checking '/home/manasvi3/ros2_ws/install/my_robot_description/bin'
[0.994s] INFO:colcon.colcon_core.shell:Creating package script '/home/manasvi3/ros2_ws/install/my_robot_description/share/my_robot_description/package.ps1'
[0.995s] INFO:colcon.colcon_core.shell:Creating package descriptor '/home/manasvi3/ros2_ws/install/my_robot_description/share/my_robot_description/package.dsv'
[0.995s] INFO:colcon.colcon_core.shell:Creating package script '/home/manasvi3/ros2_ws/install/my_robot_description/share/my_robot_description/package.sh'
[0.995s] INFO:colcon.colcon_core.shell:Creating package script '/home/manasvi3/ros2_ws/install/my_robot_description/share/my_robot_description/package.bash'
[0.995s] INFO:colcon.colcon_core.shell:Creating package script '/home/manasvi3/ros2_ws/install/my_robot_description/share/my_robot_description/package.zsh'
[0.996s] Level 1:colcon.colcon_core.environment:create_file_with_runtime_dependencies(/home/manasvi3/ros2_ws/install/my_robot_description/share/colcon-core/packages/my_robot_description)
[0.996s] Level 1:colcon.colcon_core.environment:create_environment_scripts_only(my_robot_description)
[0.996s] Level 1:colcon.colcon_core.environment:checking '/home/manasvi3/ros2_ws/install/my_robot_description' for CMake module files
[0.996s] Level 1:colcon.colcon_core.environment:checking '/home/manasvi3/ros2_ws/install/my_robot_description' for CMake config files
[0.997s] Level 1:colcon.colcon_core.shell:create_environment_hook('my_robot_description', 'cmake_prefix_path')
[0.997s] INFO:colcon.colcon_core.shell:Creating environment hook '/home/manasvi3/ros2_ws/install/my_robot_description/share/my_robot_description/hook/cmake_prefix_path.ps1'
[0.997s] INFO:colcon.colcon_core.shell:Creating environment descriptor '/home/manasvi3/ros2_ws/install/my_robot_description/share/my_robot_description/hook/cmake_prefix_path.dsv'
[0.997s] INFO:colcon.colcon_core.shell:Creating environment hook '/home/manasvi3/ros2_ws/install/my_robot_description/share/my_robot_description/hook/cmake_prefix_path.sh'
[0.998s] Level 1:colcon.colcon_core.environment:checking '/home/manasvi3/ros2_ws/install/my_robot_description/bin'
[0.998s] Level 1:colcon.colcon_core.environment:checking '/home/manasvi3/ros2_ws/install/my_robot_description/lib/pkgconfig/my_robot_description.pc'
[0.998s] Level 1:colcon.colcon_core.environment:checking '/home/manasvi3/ros2_ws/install/my_robot_description/lib/python3.10/site-packages'
[0.998s] Level 1:colcon.colcon_core.environment:checking '/home/manasvi3/ros2_ws/install/my_robot_description/bin'
[0.999s] INFO:colcon.colcon_core.shell:Creating package script '/home/manasvi3/ros2_ws/install/my_robot_description/share/my_robot_description/package.ps1'
[0.999s] INFO:colcon.colcon_core.shell:Creating package descriptor '/home/manasvi3/ros2_ws/install/my_robot_description/share/my_robot_description/package.dsv'
[0.999s] INFO:colcon.colcon_core.shell:Creating package script '/home/manasvi3/ros2_ws/install/my_robot_description/share/my_robot_description/package.sh'
[0.999s] INFO:colcon.colcon_core.shell:Creating package script '/home/manasvi3/ros2_ws/install/my_robot_description/share/my_robot_description/package.bash'
[1.000s] INFO:colcon.colcon_core.shell:Creating package script '/home/manasvi3/ros2_ws/install/my_robot_description/share/my_robot_description/package.zsh'
[1.000s] Level 1:colcon.colcon_core.environment:create_file_with_runtime_dependencies(/home/manasvi3/ros2_ws/install/my_robot_description/share/colcon-core/packages/my_robot_description)
[1.000s] DEBUG:colcon.colcon_parallel_executor.executor.parallel:closing loop
[1.000s] DEBUG:colcon.colcon_parallel_executor.executor.parallel:loop closed
[1.000s] DEBUG:colcon.colcon_parallel_executor.executor.parallel:run_until_complete finished with '0'
[1.001s] DEBUG:colcon.colcon_core.event_reactor:joining thread
[1.062s] INFO:colcon.colcon_core.plugin_system:Skipping extension 'colcon_notification.desktop_notification.notify_send': Could not find 'notify-send'
[1.062s] INFO:colcon.colcon_core.plugin_system:Skipping extension 'colcon_notification.desktop_notification.terminal_notifier': Not used on non-Darwin systems
[1.062s] INFO:colcon.colcon_core.plugin_system:Skipping extension 'colcon_notification.desktop_notification.win32': Not used on non-Windows systems
[1.062s] INFO:colcon.colcon_notification.desktop_notification:Sending desktop notification using 'notify2'
[1.062s] DEBUG:colcon.colcon_notification.desktop_notification.notify2:Failed to initialize notify2: org.freedesktop.DBus.Error.FileNotFound: Failed to connect to socket /run/user/1000/bus: No such file or directory
[1.063s] DEBUG:colcon.colcon_core.event_reactor:joined thread
[1.063s] INFO:colcon.colcon_core.shell:Creating prefix script '/home/manasvi3/ros2_ws/install/local_setup.ps1'
[1.065s] INFO:colcon.colcon_core.shell:Creating prefix util module '/home/manasvi3/ros2_ws/install/_local_setup_util_ps1.py'
[1.067s] INFO:colcon.colcon_core.shell:Creating prefix chain script '/home/manasvi3/ros2_ws/install/setup.ps1'
[1.069s] INFO:colcon.colcon_core.shell:Creating prefix script '/home/manasvi3/ros2_ws/install/local_setup.sh'
[1.069s] INFO:colcon.colcon_core.shell:Creating prefix util module '/home/manasvi3/ros2_ws/install/_local_setup_util_sh.py'
[1.070s] INFO:colcon.colcon_core.shell:Creating prefix chain script '/home/manasvi3/ros2_ws/install/setup.sh'
[1.071s] INFO:colcon.colcon_core.shell:Creating prefix script '/home/manasvi3/ros2_ws/install/local_setup.bash'
[1.072s] INFO:colcon.colcon_core.shell:Creating prefix chain script '/home/manasvi3/ros2_ws/install/setup.bash'
[1.074s] INFO:colcon.colcon_core.shell:Creating prefix script '/home/manasvi3/ros2_ws/install/local_setup.zsh'
[1.075s] INFO:colcon.colcon_core.shell:Creating prefix chain script '/home/manasvi3/ros2_ws/install/setup.zsh'
