[0.044s] Invoking command in '/home/manasvi3/ros2_ws/build/asv_fleet': CMAKE_PREFIX_PATH=${CMAKE_PREFIX_PATH}:/opt/ros/humble /usr/bin/cmake --build /home/manasvi3/ros2_ws/build/asv_fleet -- -j14 -l14
[0.178s] Invoked command in '/home/manasvi3/ros2_ws/build/asv_fleet' returned '0': CMAKE_PREFIX_PATH=${CMAKE_PREFIX_PATH}:/opt/ros/humble /usr/bin/cmake --build /home/manasvi3/ros2_ws/build/asv_fleet -- -j14 -l14
[0.197s] Invoking command in '/home/manasvi3/ros2_ws/build/asv_fleet': CMAKE_PREFIX_PATH=${CMAKE_PREFIX_PATH}:/opt/ros/humble /usr/bin/cmake --install /home/manasvi3/ros2_ws/build/asv_fleet
[0.210s] -- Install configuration: ""
[0.212s] -- Execute custom install script
[0.215s] -- Up-to-date symlink: /home/manasvi3/ros2_ws/install/asv_fleet/share/asv_fleet/launch/apriltag_detection.launch.py
[0.216s] -- Up-to-date symlink: /home/manasvi3/ros2_ws/install/asv_fleet/share/asv_fleet/launch/fleet_autonomy.launch.py
[0.216s] -- Up-to-date symlink: /home/manasvi3/ros2_ws/install/asv_fleet/share/asv_fleet/launch/spawn_fleet.launch.py
[0.217s] -- Up-to-date symlink: /home/manasvi3/ros2_ws/install/asv_fleet/share/asv_fleet/launch/spawn_single_asv.launch.py
[0.218s] -- Up-to-date symlink: /home/manasvi3/ros2_ws/install/asv_fleet/share/asv_fleet/urdf/asv_macro.xacro
[0.218s] -- Up-to-date symlink: /home/manasvi3/ros2_ws/install/asv_fleet/share/asv_fleet/urdf/asv_robot.xacro
[0.220s] -- Up-to-date symlink: /home/manasvi3/ros2_ws/install/asv_fleet/share/asv_fleet/worlds/lake_world.world
[0.226s] -- Up-to-date symlink: /home/manasvi3/ros2_ws/install/asv_fleet/share/asv_fleet/models/apriltag_0/materials/scripts/apriltag_0.material
[0.227s] -- Up-to-date symlink: /home/manasvi3/ros2_ws/install/asv_fleet/share/asv_fleet/models/apriltag_0/materials/textures/apriltag_0.png
[0.227s] -- Up-to-date symlink: /home/manasvi3/ros2_ws/install/asv_fleet/share/asv_fleet/models/apriltag_0/model.config
[0.228s] -- Up-to-date symlink: /home/manasvi3/ros2_ws/install/asv_fleet/share/asv_fleet/models/apriltag_0/model.sdf
[0.229s] -- Up-to-date symlink: /home/manasvi3/ros2_ws/install/asv_fleet/share/asv_fleet/models/apriltag_1/materials/scripts/apriltag_1.material
[0.229s] -- Up-to-date symlink: /home/manasvi3/ros2_ws/install/asv_fleet/share/asv_fleet/models/apriltag_1/materials/textures/apriltag_1.png
[0.230s] -- Up-to-date symlink: /home/manasvi3/ros2_ws/install/asv_fleet/share/asv_fleet/models/apriltag_1/model.config
[0.231s] -- Up-to-date symlink: /home/manasvi3/ros2_ws/install/asv_fleet/share/asv_fleet/models/apriltag_1/model.sdf
[0.231s] -- Up-to-date symlink: /home/manasvi3/ros2_ws/install/asv_fleet/share/asv_fleet/models/apriltag_2/materials/scripts/apriltag_2.material
[0.232s] -- Up-to-date symlink: /home/manasvi3/ros2_ws/install/asv_fleet/share/asv_fleet/models/apriltag_2/materials/textures/apriltag_2.png
[0.233s] -- Up-to-date symlink: /home/manasvi3/ros2_ws/install/asv_fleet/share/asv_fleet/models/apriltag_2/model.config
[0.233s] -- Up-to-date symlink: /home/manasvi3/ros2_ws/install/asv_fleet/share/asv_fleet/models/apriltag_2/model.sdf
[0.234s] -- Up-to-date symlink: /home/manasvi3/ros2_ws/install/asv_fleet/share/asv_fleet/config/tags.yaml
[0.235s] -- Up-to-date symlink: /home/manasvi3/ros2_ws/install/asv_fleet/lib/asv_fleet/waste_seek_node.py
[0.235s] -- Up-to-date symlink: /home/manasvi3/ros2_ws/install/asv_fleet/share/ament_index/resource_index/package_run_dependencies/asv_fleet
[0.236s] -- Up-to-date symlink: /home/manasvi3/ros2_ws/install/asv_fleet/share/ament_index/resource_index/parent_prefix_path/asv_fleet
[0.236s] -- Up-to-date symlink: /home/manasvi3/ros2_ws/install/asv_fleet/share/asv_fleet/environment/ament_prefix_path.sh
[0.237s] -- Up-to-date symlink: /home/manasvi3/ros2_ws/install/asv_fleet/share/asv_fleet/environment/ament_prefix_path.dsv
[0.238s] -- Up-to-date symlink: /home/manasvi3/ros2_ws/install/asv_fleet/share/asv_fleet/environment/path.sh
[0.238s] -- Up-to-date symlink: /home/manasvi3/ros2_ws/install/asv_fleet/share/asv_fleet/environment/path.dsv
[0.239s] -- Up-to-date symlink: /home/manasvi3/ros2_ws/install/asv_fleet/share/asv_fleet/local_setup.bash
[0.240s] -- Up-to-date symlink: /home/manasvi3/ros2_ws/install/asv_fleet/share/asv_fleet/local_setup.sh
[0.241s] -- Up-to-date symlink: /home/manasvi3/ros2_ws/install/asv_fleet/share/asv_fleet/local_setup.zsh
[0.242s] -- Up-to-date symlink: /home/manasvi3/ros2_ws/install/asv_fleet/share/asv_fleet/local_setup.dsv
[0.242s] -- Symlinking: /home/manasvi3/ros2_ws/install/asv_fleet/share/asv_fleet/package.dsv
[0.259s] -- Up-to-date symlink: /home/manasvi3/ros2_ws/install/asv_fleet/share/ament_index/resource_index/packages/asv_fleet
[0.261s] -- Up-to-date symlink: /home/manasvi3/ros2_ws/install/asv_fleet/share/asv_fleet/cmake/asv_fleetConfig.cmake
[0.261s] -- Up-to-date symlink: /home/manasvi3/ros2_ws/install/asv_fleet/share/asv_fleet/cmake/asv_fleetConfig-version.cmake
[0.262s] -- Up-to-date symlink: /home/manasvi3/ros2_ws/install/asv_fleet/share/asv_fleet/package.xml
[0.266s] Invoked command in '/home/manasvi3/ros2_ws/build/asv_fleet' returned '0': CMAKE_PREFIX_PATH=${CMAKE_PREFIX_PATH}:/opt/ros/humble /usr/bin/cmake --install /home/manasvi3/ros2_ws/build/asv_fleet
