[0.027s] Invoking command in '/home/manasvi3/ros2_ws/build/aqua_robot_gazebo': CMAKE_PREFIX_PATH=${CMAKE_PREFIX_PATH}:/opt/ros/humble /usr/bin/cmake --build /home/manasvi3/ros2_ws/build/aqua_robot_gazebo -- -j14 -l14
[0.097s] Invoked command in '/home/manasvi3/ros2_ws/build/aqua_robot_gazebo' returned '0': CMAKE_PREFIX_PATH=${CMAKE_PREFIX_PATH}:/opt/ros/humble /usr/bin/cmake --build /home/manasvi3/ros2_ws/build/aqua_robot_gazebo -- -j14 -l14
[0.117s] Invoking command in '/home/manasvi3/ros2_ws/build/aqua_robot_gazebo': CMAKE_PREFIX_PATH=${CMAKE_PREFIX_PATH}:/opt/ros/humble /usr/bin/cmake --install /home/manasvi3/ros2_ws/build/aqua_robot_gazebo
[0.128s] -- Install configuration: ""
[0.137s] -- Up-to-date: /home/manasvi3/ros2_ws/install/aqua_robot_gazebo/share/aqua_robot_gazebo/worlds
[0.140s] -- Up-to-date: /home/manasvi3/ros2_ws/install/aqua_robot_gazebo/share/aqua_robot_gazebo/worlds/lake_waste.world.save
[0.140s] -- Up-to-date: /home/manasvi3/ros2_ws/install/aqua_robot_gazebo/share/aqua_robot_gazebo/worlds/lake_waste.world
[0.140s] -- Up-to-date: /home/manasvi3/ros2_ws/install/aqua_robot_gazebo/share/aqua_robot_gazebo/worlds/lake_waste.world.backup
[0.141s] -- Up-to-date: /home/manasvi3/ros2_ws/install/aqua_robot_gazebo/share/aqua_robot_gazebo/urdf
[0.141s] -- Up-to-date: /home/manasvi3/ros2_ws/install/aqua_robot_gazebo/share/aqua_robot_gazebo/urdf/aqua_robot_backup.urdf
[0.141s] -- Up-to-date: /home/manasvi3/ros2_ws/install/aqua_robot_gazebo/share/aqua_robot_gazebo/urdf/aqua_robot.urdf
[0.141s] -- Up-to-date: /home/manasvi3/ros2_ws/install/aqua_robot_gazebo/share/aqua_robot_gazebo/urdf/aqua_robot_multi.urdf.xacro
[0.141s] -- Up-to-date: /home/manasvi3/ros2_ws/install/aqua_robot_gazebo/share/aqua_robot_gazebo/launch
[0.141s] -- Up-to-date: /home/manasvi3/ros2_ws/install/aqua_robot_gazebo/share/aqua_robot_gazebo/launch/lake_simulation.launch.py
[0.141s] -- Up-to-date: /home/manasvi3/ros2_ws/install/aqua_robot_gazebo/share/aqua_robot_gazebo/launch/lake_simulation_asv.launch.py
[0.142s] -- Up-to-date: /home/manasvi3/ros2_ws/install/aqua_robot_gazebo/share/aqua_robot_gazebo/launch/spawn_robot.launch.py
[0.142s] -- Up-to-date: /home/manasvi3/ros2_ws/install/aqua_robot_gazebo/share/aqua_robot_gazebo/launch/__pycache__
[0.142s] -- Up-to-date: /home/manasvi3/ros2_ws/install/aqua_robot_gazebo/share/aqua_robot_gazebo/launch/__pycache__/spawn_robot.launch.cpython-310.pyc
[0.142s] -- Up-to-date: /home/manasvi3/ros2_ws/install/aqua_robot_gazebo/share/aqua_robot_gazebo/launch/single_robot.launch.py
[0.142s] -- Up-to-date: /home/manasvi3/ros2_ws/install/aqua_robot_gazebo/share/aqua_robot_gazebo/launch/multi_robot_safe.launch.py
[0.143s] -- Up-to-date: /home/manasvi3/ros2_ws/install/aqua_robot_gazebo/share/aqua_robot_gazebo/launch/lake_simulation.launch.py.save
[0.143s] -- Up-to-date: /home/manasvi3/ros2_ws/install/aqua_robot_gazebo/share/aqua_robot_gazebo/config
[0.143s] -- Up-to-date: /home/manasvi3/ros2_ws/install/aqua_robot_gazebo/share/aqua_robot_gazebo/config/aqua_robot.rviz
[0.143s] -- Up-to-date: /home/manasvi3/ros2_ws/install/aqua_robot_gazebo/share/aqua_robot_gazebo/launch/lake_simulation.launch.py
[0.144s] [31mCMake Error at cmake_install.cmake:56 (file):
[0.144s]   file INSTALL cannot find
[0.144s]   "/home/manasvi3/ros2_ws/src/aqua_robot_gazebo/launch/multi_robot.launch.py":
[0.145s]   No such file or directory.
[0.145s] 
[0.145s] [0m
[0.147s] Invoked command in '/home/manasvi3/ros2_ws/build/aqua_robot_gazebo' returned '1': CMAKE_PREFIX_PATH=${CMAKE_PREFIX_PATH}:/opt/ros/humble /usr/bin/cmake --install /home/manasvi3/ros2_ws/build/aqua_robot_gazebo
