[0.347s] DEBUG:colcon:Command line arguments: ['/usr/bin/colcon', 'build']
[0.347s] DEBUG:colcon:Parsed command line arguments: Namespace(log_base=None, log_level=None, verb_name='build', build_base='build', install_base='install', merge_install=False, symlink_install=False, test_result_base=None, continue_on_error=False, executor='parallel', parallel_workers=14, event_handlers=None, ignore_user_meta=False, metas=['./colcon.meta'], base_paths=['.'], packages_ignore=None, packages_ignore_regex=None, paths=None, packages_up_to=None, packages_up_to_regex=None, packages_above=None, packages_above_and_dependencies=None, packages_above_depth=None, packages_select_by_dep=None, packages_skip_by_dep=None, packages_skip_up_to=None, packages_select_build_failed=False, packages_skip_build_finished=False, packages_select_test_failures=False, packages_skip_test_passed=False, packages_select=None, packages_skip=None, packages_select_regex=None, packages_skip_regex=None, packages_start=None, packages_end=None, allow_overriding=[], cmake_args=None, cmake_target=None, cmake_target_skip_unavailable=False, cmake_clean_cache=False, cmake_clean_first=False, cmake_force_configure=False, ament_cmake_args=None, catkin_cmake_args=None, catkin_skip_building_tests=False, verb_parser=<colcon_defaults.argument_parser.defaults.DefaultArgumentsDecorator object at 0x71dae981eda0>, verb_extension=<colcon_core.verb.build.BuildVerb object at 0x71dae995c2b0>, main=<bound method BuildVerb.main of <colcon_core.verb.build.BuildVerb object at 0x71dae995c2b0>>)
[0.632s] Level 1:colcon.colcon_core.package_discovery:discover_packages(colcon_meta) check parameters
[0.633s] Level 1:colcon.colcon_core.package_discovery:discover_packages(recursive) check parameters
[0.633s] Level 1:colcon.colcon_core.package_discovery:discover_packages(ignore) check parameters
[0.633s] Level 1:colcon.colcon_core.package_discovery:discover_packages(path) check parameters
[0.633s] Level 1:colcon.colcon_core.package_discovery:discover_packages(colcon_meta) discover
[0.633s] Level 1:colcon.colcon_core.package_discovery:discover_packages(recursive) discover
[0.633s] INFO:colcon.colcon_core.package_discovery:Crawling recursively for packages in '/home/manasvi3/ros2_ws/src'
[0.634s] Level 1:colcon.colcon_core.package_identification:_identify(.) by extensions ['ignore', 'ignore_ament_install']
[0.634s] Level 1:colcon.colcon_core.package_identification:_identify(.) by extension 'ignore'
[0.634s] Level 1:colcon.colcon_core.package_identification:_identify(.) by extension 'ignore_ament_install'
[0.636s] Level 1:colcon.colcon_core.package_identification:_identify(.) by extensions ['colcon_pkg']
[0.636s] Level 1:colcon.colcon_core.package_identification:_identify(.) by extension 'colcon_pkg'
[0.636s] Level 1:colcon.colcon_core.package_identification:_identify(.) by extensions ['colcon_meta']
[0.636s] Level 1:colcon.colcon_core.package_identification:_identify(.) by extension 'colcon_meta'
[0.637s] Level 1:colcon.colcon_core.package_identification:_identify(.) by extensions ['ros']
[0.637s] Level 1:colcon.colcon_core.package_identification:_identify(.) by extension 'ros'
[0.660s] Level 1:colcon.colcon_core.package_identification:_identify(.) by extensions ['cmake', 'python']
[0.660s] Level 1:colcon.colcon_core.package_identification:_identify(.) by extension 'cmake'
[0.660s] Level 1:colcon.colcon_core.package_identification:_identify(.) by extension 'python'
[0.660s] Level 1:colcon.colcon_core.package_identification:_identify(.) by extensions ['python_setup_py']
[0.660s] Level 1:colcon.colcon_core.package_identification:_identify(.) by extension 'python_setup_py'
[0.660s] Level 1:colcon.colcon_core.package_identification:_identify(build) by extensions ['ignore', 'ignore_ament_install']
[0.661s] Level 1:colcon.colcon_core.package_identification:_identify(build) by extension 'ignore'
[0.661s] Level 1:colcon.colcon_core.package_identification:_identify(build) ignored
[0.661s] Level 1:colcon.colcon_core.package_identification:_identify(install) by extensions ['ignore', 'ignore_ament_install']
[0.661s] Level 1:colcon.colcon_core.package_identification:_identify(install) by extension 'ignore'
[0.661s] Level 1:colcon.colcon_core.package_identification:_identify(install) ignored
[0.661s] Level 1:colcon.colcon_core.package_identification:_identify(log) by extensions ['ignore', 'ignore_ament_install']
[0.661s] Level 1:colcon.colcon_core.package_identification:_identify(log) by extension 'ignore'
[0.661s] Level 1:colcon.colcon_core.package_identification:_identify(log) ignored
[0.662s] Level 1:colcon.colcon_core.package_identification:_identify(ros2_fundamentals_examples) by extensions ['ignore', 'ignore_ament_install']
[0.662s] Level 1:colcon.colcon_core.package_identification:_identify(ros2_fundamentals_examples) by extension 'ignore'
[0.662s] Level 1:colcon.colcon_core.package_identification:_identify(ros2_fundamentals_examples) by extension 'ignore_ament_install'
[0.662s] Level 1:colcon.colcon_core.package_identification:_identify(ros2_fundamentals_examples) by extensions ['colcon_pkg']
[0.662s] Level 1:colcon.colcon_core.package_identification:_identify(ros2_fundamentals_examples) by extension 'colcon_pkg'
[0.662s] Level 1:colcon.colcon_core.package_identification:_identify(ros2_fundamentals_examples) by extensions ['colcon_meta']
[0.662s] Level 1:colcon.colcon_core.package_identification:_identify(ros2_fundamentals_examples) by extension 'colcon_meta'
[0.662s] Level 1:colcon.colcon_core.package_identification:_identify(ros2_fundamentals_examples) by extensions ['ros']
[0.662s] Level 1:colcon.colcon_core.package_identification:_identify(ros2_fundamentals_examples) by extension 'ros'
[0.676s] DEBUG:colcon.colcon_core.package_identification:Package 'ros2_fundamentals_examples' with type 'ros.ament_cmake' and name 'ros2_fundamentals_examples'
[0.676s] Level 1:colcon.colcon_core.package_discovery:discover_packages(recursive) using defaults
[0.676s] Level 1:colcon.colcon_core.package_discovery:discover_packages(ignore) discover
[0.676s] Level 1:colcon.colcon_core.package_discovery:discover_packages(ignore) using defaults
[0.676s] Level 1:colcon.colcon_core.package_discovery:discover_packages(path) discover
[0.676s] Level 1:colcon.colcon_core.package_discovery:discover_packages(path) using defaults
[0.709s] Level 1:colcon.colcon_core.package_discovery:discover_packages(prefix_path) check parameters
[0.709s] Level 1:colcon.colcon_core.package_discovery:discover_packages(prefix_path) discover
[0.713s] DEBUG:colcon.colcon_installed_package_information.package_discovery:Found 0 installed packages in /home/manasvi3/ros2_ws/install
[0.715s] DEBUG:colcon.colcon_installed_package_information.package_discovery:Found 273 installed packages in /opt/ros/humble
[0.718s] Level 1:colcon.colcon_core.package_discovery:discover_packages(prefix_path) using defaults
[0.790s] Level 5:colcon.colcon_core.verb:set package 'ros2_fundamentals_examples' build argument 'cmake_args' from command line to 'None'
[0.790s] Level 5:colcon.colcon_core.verb:set package 'ros2_fundamentals_examples' build argument 'cmake_target' from command line to 'None'
[0.790s] Level 5:colcon.colcon_core.verb:set package 'ros2_fundamentals_examples' build argument 'cmake_target_skip_unavailable' from command line to 'False'
[0.790s] Level 5:colcon.colcon_core.verb:set package 'ros2_fundamentals_examples' build argument 'cmake_clean_cache' from command line to 'False'
[0.790s] Level 5:colcon.colcon_core.verb:set package 'ros2_fundamentals_examples' build argument 'cmake_clean_first' from command line to 'False'
[0.790s] Level 5:colcon.colcon_core.verb:set package 'ros2_fundamentals_examples' build argument 'cmake_force_configure' from command line to 'False'
[0.790s] Level 5:colcon.colcon_core.verb:set package 'ros2_fundamentals_examples' build argument 'ament_cmake_args' from command line to 'None'
[0.790s] Level 5:colcon.colcon_core.verb:set package 'ros2_fundamentals_examples' build argument 'catkin_cmake_args' from command line to 'None'
[0.790s] Level 5:colcon.colcon_core.verb:set package 'ros2_fundamentals_examples' build argument 'catkin_skip_building_tests' from command line to 'False'
[0.791s] DEBUG:colcon.colcon_core.verb:Building package 'ros2_fundamentals_examples' with the following arguments: {'ament_cmake_args': None, 'build_base': '/home/manasvi3/ros2_ws/src/build/ros2_fundamentals_examples', 'catkin_cmake_args': None, 'catkin_skip_building_tests': False, 'cmake_args': None, 'cmake_clean_cache': False, 'cmake_clean_first': False, 'cmake_force_configure': False, 'cmake_target': None, 'cmake_target_skip_unavailable': False, 'install_base': '/home/manasvi3/ros2_ws/src/install/ros2_fundamentals_examples', 'merge_install': False, 'path': '/home/manasvi3/ros2_ws/src/ros2_fundamentals_examples', 'symlink_install': False, 'test_result_base': None}
[0.791s] INFO:colcon.colcon_core.executor:Executing jobs using 'parallel' executor
[0.794s] DEBUG:colcon.colcon_parallel_executor.executor.parallel:run_until_complete
[0.795s] INFO:colcon.colcon_ros.task.ament_cmake.build:Building ROS package in '/home/manasvi3/ros2_ws/src/ros2_fundamentals_examples' with build type 'ament_cmake'
[0.795s] INFO:colcon.colcon_cmake.task.cmake.build:Building CMake package in '/home/manasvi3/ros2_ws/src/ros2_fundamentals_examples'
[0.799s] INFO:colcon.colcon_core.plugin_system:Skipping extension 'colcon_core.shell.bat': Not used on non-Windows systems
[0.800s] INFO:colcon.colcon_core.shell:Skip shell extension 'powershell' for command environment: Not usable outside of PowerShell
[0.800s] DEBUG:colcon.colcon_core.shell:Skip shell extension 'dsv' for command environment
[0.826s] DEBUG:colcon.colcon_core.event_handler.log_command:Invoking command in '/home/manasvi3/ros2_ws/src/build/ros2_fundamentals_examples': CMAKE_PREFIX_PATH=/opt/ros/humble /usr/bin/cmake /home/manasvi3/ros2_ws/src/ros2_fundamentals_examples -DCMAKE_INSTALL_PREFIX=/home/manasvi3/ros2_ws/src/install/ros2_fundamentals_examples
[4.678s] DEBUG:colcon.colcon_core.event_handler.log_command:Invoked command in '/home/manasvi3/ros2_ws/src/build/ros2_fundamentals_examples' returned '0': CMAKE_PREFIX_PATH=/opt/ros/humble /usr/bin/cmake /home/manasvi3/ros2_ws/src/ros2_fundamentals_examples -DCMAKE_INSTALL_PREFIX=/home/manasvi3/ros2_ws/src/install/ros2_fundamentals_examples
[4.684s] DEBUG:colcon.colcon_core.event_handler.log_command:Invoking command in '/home/manasvi3/ros2_ws/src/build/ros2_fundamentals_examples': CMAKE_PREFIX_PATH=/opt/ros/humble /usr/bin/cmake --build /home/manasvi3/ros2_ws/src/build/ros2_fundamentals_examples -- -j14 -l14
[4.744s] DEBUG:colcon.colcon_core.event_handler.log_command:Invoked command in '/home/manasvi3/ros2_ws/src/build/ros2_fundamentals_examples' returned '0': CMAKE_PREFIX_PATH=/opt/ros/humble /usr/bin/cmake --build /home/manasvi3/ros2_ws/src/build/ros2_fundamentals_examples -- -j14 -l14
[4.763s] DEBUG:colcon.colcon_core.event_handler.log_command:Invoking command in '/home/manasvi3/ros2_ws/src/build/ros2_fundamentals_examples': CMAKE_PREFIX_PATH=/opt/ros/humble /usr/bin/cmake --install /home/manasvi3/ros2_ws/src/build/ros2_fundamentals_examples
[4.785s] Level 1:colcon.colcon_core.environment:create_environment_scripts_only(ros2_fundamentals_examples)
[4.786s] DEBUG:colcon.colcon_core.event_handler.log_command:Invoked command in '/home/manasvi3/ros2_ws/src/build/ros2_fundamentals_examples' returned '0': CMAKE_PREFIX_PATH=/opt/ros/humble /usr/bin/cmake --install /home/manasvi3/ros2_ws/src/build/ros2_fundamentals_examples
[4.804s] Level 1:colcon.colcon_core.environment:checking '/home/manasvi3/ros2_ws/src/install/ros2_fundamentals_examples' for CMake module files
[4.805s] Level 1:colcon.colcon_core.environment:checking '/home/manasvi3/ros2_ws/src/install/ros2_fundamentals_examples' for CMake config files
[4.805s] Level 1:colcon.colcon_core.shell:create_environment_hook('ros2_fundamentals_examples', 'cmake_prefix_path')
[4.806s] INFO:colcon.colcon_core.shell:Creating environment hook '/home/manasvi3/ros2_ws/src/install/ros2_fundamentals_examples/share/ros2_fundamentals_examples/hook/cmake_prefix_path.ps1'
[4.808s] INFO:colcon.colcon_core.shell:Creating environment descriptor '/home/manasvi3/ros2_ws/src/install/ros2_fundamentals_examples/share/ros2_fundamentals_examples/hook/cmake_prefix_path.dsv'
[4.809s] INFO:colcon.colcon_core.shell:Creating environment hook '/home/manasvi3/ros2_ws/src/install/ros2_fundamentals_examples/share/ros2_fundamentals_examples/hook/cmake_prefix_path.sh'
[4.811s] Level 1:colcon.colcon_core.environment:checking '/home/manasvi3/ros2_ws/src/install/ros2_fundamentals_examples/bin'
[4.811s] Level 1:colcon.colcon_core.environment:checking '/home/manasvi3/ros2_ws/src/install/ros2_fundamentals_examples/lib/pkgconfig/ros2_fundamentals_examples.pc'
[4.811s] Level 1:colcon.colcon_core.environment:checking '/home/manasvi3/ros2_ws/src/install/ros2_fundamentals_examples/lib/python3.10/site-packages'
[4.812s] Level 1:colcon.colcon_core.environment:checking '/home/manasvi3/ros2_ws/src/install/ros2_fundamentals_examples/bin'
[4.812s] INFO:colcon.colcon_core.shell:Creating package script '/home/manasvi3/ros2_ws/src/install/ros2_fundamentals_examples/share/ros2_fundamentals_examples/package.ps1'
[4.815s] INFO:colcon.colcon_core.shell:Creating package descriptor '/home/manasvi3/ros2_ws/src/install/ros2_fundamentals_examples/share/ros2_fundamentals_examples/package.dsv'
[4.817s] INFO:colcon.colcon_core.shell:Creating package script '/home/manasvi3/ros2_ws/src/install/ros2_fundamentals_examples/share/ros2_fundamentals_examples/package.sh'
[4.819s] INFO:colcon.colcon_core.shell:Creating package script '/home/manasvi3/ros2_ws/src/install/ros2_fundamentals_examples/share/ros2_fundamentals_examples/package.bash'
[4.821s] INFO:colcon.colcon_core.shell:Creating package script '/home/manasvi3/ros2_ws/src/install/ros2_fundamentals_examples/share/ros2_fundamentals_examples/package.zsh'
[4.823s] Level 1:colcon.colcon_core.environment:create_file_with_runtime_dependencies(/home/manasvi3/ros2_ws/src/install/ros2_fundamentals_examples/share/colcon-core/packages/ros2_fundamentals_examples)
[4.825s] Level 1:colcon.colcon_core.environment:create_environment_scripts_only(ros2_fundamentals_examples)
[4.825s] Level 1:colcon.colcon_core.environment:checking '/home/manasvi3/ros2_ws/src/install/ros2_fundamentals_examples' for CMake module files
[4.826s] Level 1:colcon.colcon_core.environment:checking '/home/manasvi3/ros2_ws/src/install/ros2_fundamentals_examples' for CMake config files
[4.826s] Level 1:colcon.colcon_core.shell:create_environment_hook('ros2_fundamentals_examples', 'cmake_prefix_path')
[4.826s] INFO:colcon.colcon_core.shell:Creating environment hook '/home/manasvi3/ros2_ws/src/install/ros2_fundamentals_examples/share/ros2_fundamentals_examples/hook/cmake_prefix_path.ps1'
[4.827s] INFO:colcon.colcon_core.shell:Creating environment descriptor '/home/manasvi3/ros2_ws/src/install/ros2_fundamentals_examples/share/ros2_fundamentals_examples/hook/cmake_prefix_path.dsv'
[4.828s] INFO:colcon.colcon_core.shell:Creating environment hook '/home/manasvi3/ros2_ws/src/install/ros2_fundamentals_examples/share/ros2_fundamentals_examples/hook/cmake_prefix_path.sh'
[4.829s] Level 1:colcon.colcon_core.environment:checking '/home/manasvi3/ros2_ws/src/install/ros2_fundamentals_examples/bin'
[4.829s] Level 1:colcon.colcon_core.environment:checking '/home/manasvi3/ros2_ws/src/install/ros2_fundamentals_examples/lib/pkgconfig/ros2_fundamentals_examples.pc'
[4.830s] Level 1:colcon.colcon_core.environment:checking '/home/manasvi3/ros2_ws/src/install/ros2_fundamentals_examples/lib/python3.10/site-packages'
[4.830s] Level 1:colcon.colcon_core.environment:checking '/home/manasvi3/ros2_ws/src/install/ros2_fundamentals_examples/bin'
[4.831s] INFO:colcon.colcon_core.shell:Creating package script '/home/manasvi3/ros2_ws/src/install/ros2_fundamentals_examples/share/ros2_fundamentals_examples/package.ps1'
[4.832s] INFO:colcon.colcon_core.shell:Creating package descriptor '/home/manasvi3/ros2_ws/src/install/ros2_fundamentals_examples/share/ros2_fundamentals_examples/package.dsv'
[4.834s] INFO:colcon.colcon_core.shell:Creating package script '/home/manasvi3/ros2_ws/src/install/ros2_fundamentals_examples/share/ros2_fundamentals_examples/package.sh'
[4.835s] INFO:colcon.colcon_core.shell:Creating package script '/home/manasvi3/ros2_ws/src/install/ros2_fundamentals_examples/share/ros2_fundamentals_examples/package.bash'
[4.836s] INFO:colcon.colcon_core.shell:Creating package script '/home/manasvi3/ros2_ws/src/install/ros2_fundamentals_examples/share/ros2_fundamentals_examples/package.zsh'
[4.836s] Level 1:colcon.colcon_core.environment:create_file_with_runtime_dependencies(/home/manasvi3/ros2_ws/src/install/ros2_fundamentals_examples/share/colcon-core/packages/ros2_fundamentals_examples)
[4.837s] DEBUG:colcon.colcon_parallel_executor.executor.parallel:closing loop
[4.838s] DEBUG:colcon.colcon_parallel_executor.executor.parallel:loop closed
[4.838s] DEBUG:colcon.colcon_parallel_executor.executor.parallel:run_until_complete finished with '0'
[4.838s] DEBUG:colcon.colcon_core.event_reactor:joining thread
[4.979s] INFO:colcon.colcon_core.plugin_system:Skipping extension 'colcon_notification.desktop_notification.notify_send': Could not find 'notify-send'
[4.979s] INFO:colcon.colcon_core.plugin_system:Skipping extension 'colcon_notification.desktop_notification.terminal_notifier': Not used on non-Darwin systems
[4.979s] INFO:colcon.colcon_core.plugin_system:Skipping extension 'colcon_notification.desktop_notification.win32': Not used on non-Windows systems
[4.979s] INFO:colcon.colcon_notification.desktop_notification:Sending desktop notification using 'notify2'
[4.980s] DEBUG:colcon.colcon_notification.desktop_notification.notify2:Failed to initialize notify2: org.freedesktop.DBus.Error.FileNotFound: Failed to connect to socket /run/user/1000/bus: No such file or directory
[4.980s] DEBUG:colcon.colcon_core.event_reactor:joined thread
[4.981s] INFO:colcon.colcon_core.shell:Creating prefix script '/home/manasvi3/ros2_ws/src/install/local_setup.ps1'
[4.983s] INFO:colcon.colcon_core.shell:Creating prefix util module '/home/manasvi3/ros2_ws/src/install/_local_setup_util_ps1.py'
[4.985s] INFO:colcon.colcon_core.shell:Creating prefix chain script '/home/manasvi3/ros2_ws/src/install/setup.ps1'
[4.987s] INFO:colcon.colcon_core.shell:Creating prefix script '/home/manasvi3/ros2_ws/src/install/local_setup.sh'
[4.988s] INFO:colcon.colcon_core.shell:Creating prefix util module '/home/manasvi3/ros2_ws/src/install/_local_setup_util_sh.py'
[4.989s] INFO:colcon.colcon_core.shell:Creating prefix chain script '/home/manasvi3/ros2_ws/src/install/setup.sh'
[4.992s] INFO:colcon.colcon_core.shell:Creating prefix script '/home/manasvi3/ros2_ws/src/install/local_setup.bash'
[4.993s] INFO:colcon.colcon_core.shell:Creating prefix chain script '/home/manasvi3/ros2_ws/src/install/setup.bash'
[4.995s] INFO:colcon.colcon_core.shell:Creating prefix script '/home/manasvi3/ros2_ws/src/install/local_setup.zsh'
[4.995s] INFO:colcon.colcon_core.shell:Creating prefix chain script '/home/manasvi3/ros2_ws/src/install/setup.zsh'
