[0.024s] Invoking command in '/home/manasvi3/ros2_ws/build/asv_fleet': CMAKE_PREFIX_PATH=/opt/ros/humble /usr/bin/cmake /home/manasvi3/ros2_ws/src/asv_fleet -DAMENT_CMAKE_SYMLINK_INSTALL=1 -DCMAKE_INSTALL_PREFIX=/home/manasvi3/ros2_ws/install/asv_fleet
[0.122s] -- Found ament_cmake: 1.3.14 (/opt/ros/humble/share/ament_cmake/cmake)
[0.399s] -- Override CMake install command with custom implementation using symlinks instead of copying resources
[0.569s] -- Configuring done
[0.578s] -- Generating done
[0.580s] -- Build files have been written to: /home/manasvi3/ros2_ws/build/asv_fleet
[0.591s] Invoked command in '/home/manasvi3/ros2_ws/build/asv_fleet' returned '0': CMAKE_PREFIX_PATH=/opt/ros/humble /usr/bin/cmake /home/manasvi3/ros2_ws/src/asv_fleet -DAMENT_CMAKE_SYMLINK_INSTALL=1 -DCMAKE_INSTALL_PREFIX=/home/manasvi3/ros2_ws/install/asv_fleet
[0.594s] Invoking command in '/home/manasvi3/ros2_ws/build/asv_fleet': CMAKE_PREFIX_PATH=/opt/ros/humble /usr/bin/cmake --build /home/manasvi3/ros2_ws/build/asv_fleet -- -j14 -l14
[0.652s] Invoked command in '/home/manasvi3/ros2_ws/build/asv_fleet' returned '0': CMAKE_PREFIX_PATH=/opt/ros/humble /usr/bin/cmake --build /home/manasvi3/ros2_ws/build/asv_fleet -- -j14 -l14
[0.666s] Invoking command in '/home/manasvi3/ros2_ws/build/asv_fleet': CMAKE_PREFIX_PATH=/opt/ros/humble /usr/bin/cmake --install /home/manasvi3/ros2_ws/build/asv_fleet
[0.678s] -- Install configuration: ""
[0.679s] -- Execute custom install script
[0.680s] -- Symlinking: /home/manasvi3/ros2_ws/install/asv_fleet/share/asv_fleet/launch/apriltag_detection.launch.py
[0.693s] -- Symlinking: /home/manasvi3/ros2_ws/install/asv_fleet/share/asv_fleet/launch/fleet_autonomy.launch.py
[0.706s] -- Symlinking: /home/manasvi3/ros2_ws/install/asv_fleet/share/asv_fleet/launch/spawn_fleet.launch.py
[0.719s] -- Symlinking: /home/manasvi3/ros2_ws/install/asv_fleet/share/asv_fleet/launch/spawn_single_asv.launch.py
[0.733s] -- Symlinking: /home/manasvi3/ros2_ws/install/asv_fleet/share/asv_fleet/urdf/asv_macro.xacro
[0.746s] -- Symlinking: /home/manasvi3/ros2_ws/install/asv_fleet/share/asv_fleet/urdf/asv_robot.xacro
[0.761s] -- Symlinking: /home/manasvi3/ros2_ws/install/asv_fleet/share/asv_fleet/worlds/lake_world.world
[0.776s] -- Symlinking: /home/manasvi3/ros2_ws/install/asv_fleet/share/asv_fleet/models/apriltag_0/materials/scripts/apriltag_0.material
[0.789s] -- Symlinking: /home/manasvi3/ros2_ws/install/asv_fleet/share/asv_fleet/models/apriltag_0/materials/textures/apriltag_0.png
[0.802s] -- Symlinking: /home/manasvi3/ros2_ws/install/asv_fleet/share/asv_fleet/models/apriltag_0/model.config
[0.819s] -- Symlinking: /home/manasvi3/ros2_ws/install/asv_fleet/share/asv_fleet/models/apriltag_0/model.sdf
[0.832s] -- Symlinking: /home/manasvi3/ros2_ws/install/asv_fleet/share/asv_fleet/models/apriltag_1/materials/scripts/apriltag_1.material
[0.846s] -- Symlinking: /home/manasvi3/ros2_ws/install/asv_fleet/share/asv_fleet/models/apriltag_1/materials/textures/apriltag_1.png
[0.859s] -- Symlinking: /home/manasvi3/ros2_ws/install/asv_fleet/share/asv_fleet/models/apriltag_1/model.config
[0.873s] -- Symlinking: /home/manasvi3/ros2_ws/install/asv_fleet/share/asv_fleet/models/apriltag_1/model.sdf
[0.887s] -- Symlinking: /home/manasvi3/ros2_ws/install/asv_fleet/share/asv_fleet/models/apriltag_2/materials/scripts/apriltag_2.material
[0.900s] -- Symlinking: /home/manasvi3/ros2_ws/install/asv_fleet/share/asv_fleet/models/apriltag_2/materials/textures/apriltag_2.png
[0.914s] -- Symlinking: /home/manasvi3/ros2_ws/install/asv_fleet/share/asv_fleet/models/apriltag_2/model.config
[0.927s] -- Symlinking: /home/manasvi3/ros2_ws/install/asv_fleet/share/asv_fleet/models/apriltag_2/model.sdf
[0.941s] -- Symlinking: /home/manasvi3/ros2_ws/install/asv_fleet/share/asv_fleet/config/tags.yaml
[0.954s] -- Symlinking: /home/manasvi3/ros2_ws/install/asv_fleet/lib/asv_fleet/waste_seek_node.py
[0.969s] -- Symlinking: /home/manasvi3/ros2_ws/install/asv_fleet/share/ament_index/resource_index/package_run_dependencies/asv_fleet
[0.983s] -- Symlinking: /home/manasvi3/ros2_ws/install/asv_fleet/share/ament_index/resource_index/parent_prefix_path/asv_fleet
[0.996s] -- Symlinking: /home/manasvi3/ros2_ws/install/asv_fleet/share/asv_fleet/environment/ament_prefix_path.sh
[1.010s] -- Symlinking: /home/manasvi3/ros2_ws/install/asv_fleet/share/asv_fleet/environment/ament_prefix_path.dsv
[1.023s] -- Symlinking: /home/manasvi3/ros2_ws/install/asv_fleet/share/asv_fleet/environment/path.sh
[1.036s] -- Symlinking: /home/manasvi3/ros2_ws/install/asv_fleet/share/asv_fleet/environment/path.dsv
[1.049s] -- Symlinking: /home/manasvi3/ros2_ws/install/asv_fleet/share/asv_fleet/local_setup.bash
[1.063s] -- Symlinking: /home/manasvi3/ros2_ws/install/asv_fleet/share/asv_fleet/local_setup.sh
[1.078s] -- Symlinking: /home/manasvi3/ros2_ws/install/asv_fleet/share/asv_fleet/local_setup.zsh
[1.091s] -- Symlinking: /home/manasvi3/ros2_ws/install/asv_fleet/share/asv_fleet/local_setup.dsv
[1.105s] -- Symlinking: /home/manasvi3/ros2_ws/install/asv_fleet/share/asv_fleet/package.dsv
[1.118s] -- Symlinking: /home/manasvi3/ros2_ws/install/asv_fleet/share/ament_index/resource_index/packages/asv_fleet
[1.130s] -- Symlinking: /home/manasvi3/ros2_ws/install/asv_fleet/share/asv_fleet/cmake/asv_fleetConfig.cmake
[1.143s] -- Symlinking: /home/manasvi3/ros2_ws/install/asv_fleet/share/asv_fleet/cmake/asv_fleetConfig-version.cmake
[1.156s] -- Symlinking: /home/manasvi3/ros2_ws/install/asv_fleet/share/asv_fleet/package.xml
[1.174s] Invoked command in '/home/manasvi3/ros2_ws/build/asv_fleet' returned '0': CMAKE_PREFIX_PATH=/opt/ros/humble /usr/bin/cmake --install /home/manasvi3/ros2_ws/build/asv_fleet
