[0.039s] Invoking command in '/home/manasvi3/ros2_ws/build/my_robot_description': CMAKE_PREFIX_PATH=${CMAKE_PREFIX_PATH}:/opt/ros/humble /usr/bin/cmake --build /home/manasvi3/ros2_ws/build/my_robot_description -- -j14 -l14
[0.139s] Invoked command in '/home/manasvi3/ros2_ws/build/my_robot_description' returned '0': CMAKE_PREFIX_PATH=${CMAKE_PREFIX_PATH}:/opt/ros/humble /usr/bin/cmake --build /home/manasvi3/ros2_ws/build/my_robot_description -- -j14 -l14
[0.149s] Invoking command in '/home/manasvi3/ros2_ws/build/my_robot_description': CMAKE_PREFIX_PATH=${CMAKE_PREFIX_PATH}:/opt/ros/humble /usr/bin/cmake --install /home/manasvi3/ros2_ws/build/my_robot_description
[0.178s] -- Install configuration: ""
[0.179s] -- Execute custom install script
[0.179s] -- Up-to-date symlink: /home/manasvi3/ros2_ws/install/my_robot_description/share/ament_index/resource_index/package_run_dependencies/my_robot_description
[0.182s] -- Up-to-date symlink: /home/manasvi3/ros2_ws/install/my_robot_description/share/ament_index/resource_index/parent_prefix_path/my_robot_description
[0.182s] -- Up-to-date symlink: /home/manasvi3/ros2_ws/install/my_robot_description/share/my_robot_description/environment/ament_prefix_path.sh
[0.185s] -- Up-to-date symlink: /home/manasvi3/ros2_ws/install/my_robot_description/share/my_robot_description/environment/ament_prefix_path.dsv
[0.185s] -- Up-to-date symlink: /home/manasvi3/ros2_ws/install/my_robot_description/share/my_robot_description/environment/path.sh
[0.185s] -- Up-to-date symlink: /home/manasvi3/ros2_ws/install/my_robot_description/share/my_robot_description/environment/path.dsv
[0.186s] -- Up-to-date symlink: /home/manasvi3/ros2_ws/install/my_robot_description/share/my_robot_description/local_setup.bash
[0.186s] -- Up-to-date symlink: /home/manasvi3/ros2_ws/install/my_robot_description/share/my_robot_description/local_setup.sh
[0.187s] -- Up-to-date symlink: /home/manasvi3/ros2_ws/install/my_robot_description/share/my_robot_description/local_setup.zsh
[0.187s] -- Up-to-date symlink: /home/manasvi3/ros2_ws/install/my_robot_description/share/my_robot_description/local_setup.dsv
[0.187s] -- Symlinking: /home/manasvi3/ros2_ws/install/my_robot_description/share/my_robot_description/package.dsv
[0.218s] -- Up-to-date symlink: /home/manasvi3/ros2_ws/install/my_robot_description/share/ament_index/resource_index/packages/my_robot_description
[0.218s] -- Up-to-date symlink: /home/manasvi3/ros2_ws/install/my_robot_description/share/my_robot_description/cmake/my_robot_descriptionConfig.cmake
[0.219s] -- Up-to-date symlink: /home/manasvi3/ros2_ws/install/my_robot_description/share/my_robot_description/cmake/my_robot_descriptionConfig-version.cmake
[0.219s] -- Up-to-date symlink: /home/manasvi3/ros2_ws/install/my_robot_description/share/my_robot_description/package.xml
[0.221s] -- Up-to-date symlink: /home/manasvi3/ros2_ws/install/my_robot_description/share/my_robot_description/urdf/my_robot.urdf.xacro
[0.221s] -- Up-to-date symlink: /home/manasvi3/ros2_ws/install/my_robot_description/share/my_robot_description/launch/display.launch.py
[0.221s] -- Up-to-date symlink: /home/manasvi3/ros2_ws/install/my_robot_description/share/my_robot_description/launch/gazebo.launch.py
[0.302s] Invoked command in '/home/manasvi3/ros2_ws/build/my_robot_description' returned '0': CMAKE_PREFIX_PATH=${CMAKE_PREFIX_PATH}:/opt/ros/humble /usr/bin/cmake --install /home/manasvi3/ros2_ws/build/my_robot_description
