[0.014s] Invoking command in '/home/manasvi3/ros2_ws/build/asv_fleet': CMAKE_PREFIX_PATH=/opt/ros/humble /usr/bin/cmake /home/manasvi3/ros2_ws/src/asv_fleet -DCMAKE_INSTALL_PREFIX=/home/manasvi3/ros2_ws/install/asv_fleet
[0.316s] -- The C compiler identification is GNU 11.4.0
[1.044s] -- The CXX compiler identification is GNU 11.4.0
[1.520s] -- Detecting C compiler ABI info
[1.691s] -- Detecting C compiler ABI info - done
[1.697s] -- Check for working C compiler: /usr/bin/cc - skipped
[1.697s] -- Detecting C compile features
[1.698s] -- Detecting C compile features - done
[1.702s] -- Detecting CXX compiler ABI info
[1.880s] -- Detecting CXX compiler ABI info - done
[1.885s] -- Check for working CXX compiler: /usr/bin/c++ - skipped
[1.886s] -- Detecting CXX compile features
[1.886s] -- Detecting CXX compile features - done
[1.895s] -- Found ament_cmake: 1.3.14 (/opt/ros/humble/share/ament_cmake/cmake)
[2.056s] -- Found Python3: /usr/bin/python3 (found version "3.10.12") found components: Interpreter 
[2.259s] -- Configuring done
[2.262s] -- Generating done
[2.268s] -- Build files have been written to: /home/manasvi3/ros2_ws/build/asv_fleet
[2.269s] Invoked command in '/home/manasvi3/ros2_ws/build/asv_fleet' returned '0': CMAKE_PREFIX_PATH=/opt/ros/humble /usr/bin/cmake /home/manasvi3/ros2_ws/src/asv_fleet -DCMAKE_INSTALL_PREFIX=/home/manasvi3/ros2_ws/install/asv_fleet
[2.271s] Invoking command in '/home/manasvi3/ros2_ws/build/asv_fleet': CMAKE_PREFIX_PATH=/opt/ros/humble /usr/bin/cmake --build /home/manasvi3/ros2_ws/build/asv_fleet -- -j14 -l14
[2.303s] Invoked command in '/home/manasvi3/ros2_ws/build/asv_fleet' returned '0': CMAKE_PREFIX_PATH=/opt/ros/humble /usr/bin/cmake --build /home/manasvi3/ros2_ws/build/asv_fleet -- -j14 -l14
[2.310s] Invoking command in '/home/manasvi3/ros2_ws/build/asv_fleet': CMAKE_PREFIX_PATH=/opt/ros/humble /usr/bin/cmake --install /home/manasvi3/ros2_ws/build/asv_fleet
[2.317s] -- Install configuration: ""
[2.317s] -- Installing: /home/manasvi3/ros2_ws/install/asv_fleet/share/asv_fleet/launch
[2.318s] -- Installing: /home/manasvi3/ros2_ws/install/asv_fleet/share/asv_fleet/launch/spawn_single_asv.launch.py
[2.318s] -- Installing: /home/manasvi3/ros2_ws/install/asv_fleet/share/asv_fleet/launch/apriltag_detection.launch.py
[2.319s] -- Installing: /home/manasvi3/ros2_ws/install/asv_fleet/share/asv_fleet/launch/spawn_fleet.launch.py
[2.319s] -- Installing: /home/manasvi3/ros2_ws/install/asv_fleet/share/asv_fleet/launch/fleet_autonomy.launch.py
[2.319s] -- Installing: /home/manasvi3/ros2_ws/install/asv_fleet/share/asv_fleet/urdf
[2.319s] -- Installing: /home/manasvi3/ros2_ws/install/asv_fleet/share/asv_fleet/urdf/asv_macro.xacro
[2.319s] -- Installing: /home/manasvi3/ros2_ws/install/asv_fleet/share/asv_fleet/urdf/asv_robot.xacro
[2.319s] -- Installing: /home/manasvi3/ros2_ws/install/asv_fleet/share/asv_fleet/worlds
[2.319s] -- Installing: /home/manasvi3/ros2_ws/install/asv_fleet/share/asv_fleet/worlds/lake_world.world
[2.320s] -- Installing: /home/manasvi3/ros2_ws/install/asv_fleet/share/asv_fleet/models
[2.320s] -- Installing: /home/manasvi3/ros2_ws/install/asv_fleet/share/asv_fleet/models/apriltag_2
[2.320s] -- Installing: /home/manasvi3/ros2_ws/install/asv_fleet/share/asv_fleet/models/apriltag_2/model.config
[2.321s] -- Installing: /home/manasvi3/ros2_ws/install/asv_fleet/share/asv_fleet/models/apriltag_2/materials
[2.321s] -- Installing: /home/manasvi3/ros2_ws/install/asv_fleet/share/asv_fleet/models/apriltag_2/materials/textures
[2.321s] -- Installing: /home/manasvi3/ros2_ws/install/asv_fleet/share/asv_fleet/models/apriltag_2/materials/textures/apriltag_2.png
[2.321s] -- Installing: /home/manasvi3/ros2_ws/install/asv_fleet/share/asv_fleet/models/apriltag_2/materials/scripts
[2.321s] -- Installing: /home/manasvi3/ros2_ws/install/asv_fleet/share/asv_fleet/models/apriltag_2/materials/scripts/apriltag_2.material
[2.321s] -- Installing: /home/manasvi3/ros2_ws/install/asv_fleet/share/asv_fleet/models/apriltag_2/model.sdf
[2.321s] -- Installing: /home/manasvi3/ros2_ws/install/asv_fleet/share/asv_fleet/models/apriltag_1
[2.321s] -- Installing: /home/manasvi3/ros2_ws/install/asv_fleet/share/asv_fleet/models/apriltag_1/model.config
[2.321s] -- Installing: /home/manasvi3/ros2_ws/install/asv_fleet/share/asv_fleet/models/apriltag_1/materials
[2.322s] -- Installing: /home/manasvi3/ros2_ws/install/asv_fleet/share/asv_fleet/models/apriltag_1/materials/textures
[2.322s] -- Installing: /home/manasvi3/ros2_ws/install/asv_fleet/share/asv_fleet/models/apriltag_1/materials/textures/apriltag_1.png
[2.322s] -- Installing: /home/manasvi3/ros2_ws/install/asv_fleet/share/asv_fleet/models/apriltag_1/materials/scripts
[2.322s] -- Installing: /home/manasvi3/ros2_ws/install/asv_fleet/share/asv_fleet/models/apriltag_1/materials/scripts/apriltag_1.material
[2.322s] -- Installing: /home/manasvi3/ros2_ws/install/asv_fleet/share/asv_fleet/models/apriltag_1/model.sdf
[2.322s] -- Installing: /home/manasvi3/ros2_ws/install/asv_fleet/share/asv_fleet/models/apriltag_0
[2.323s] -- Installing: /home/manasvi3/ros2_ws/install/asv_fleet/share/asv_fleet/models/apriltag_0/model.config
[2.323s] -- Installing: /home/manasvi3/ros2_ws/install/asv_fleet/share/asv_fleet/models/apriltag_0/materials
[2.323s] -- Installing: /home/manasvi3/ros2_ws/install/asv_fleet/share/asv_fleet/models/apriltag_0/materials/textures
[2.323s] -- Installing: /home/manasvi3/ros2_ws/install/asv_fleet/share/asv_fleet/models/apriltag_0/materials/textures/apriltag_0.png
[2.323s] -- Installing: /home/manasvi3/ros2_ws/install/asv_fleet/share/asv_fleet/models/apriltag_0/materials/scripts
[2.323s] -- Installing: /home/manasvi3/ros2_ws/install/asv_fleet/share/asv_fleet/models/apriltag_0/materials/scripts/apriltag_0.material
[2.323s] -- Installing: /home/manasvi3/ros2_ws/install/asv_fleet/share/asv_fleet/models/apriltag_0/model.sdf
[2.324s] -- Installing: /home/manasvi3/ros2_ws/install/asv_fleet/share/asv_fleet/config
[2.324s] -- Installing: /home/manasvi3/ros2_ws/install/asv_fleet/share/asv_fleet/config/tags.yaml
[2.324s] -- Installing: /home/manasvi3/ros2_ws/install/asv_fleet/lib/asv_fleet/waste_seek_node.py
[2.325s] -- Installing: /home/manasvi3/ros2_ws/install/asv_fleet/share/ament_index/resource_index/package_run_dependencies/asv_fleet
[2.325s] -- Installing: /home/manasvi3/ros2_ws/install/asv_fleet/share/ament_index/resource_index/parent_prefix_path/asv_fleet
[2.325s] -- Installing: /home/manasvi3/ros2_ws/install/asv_fleet/share/asv_fleet/environment/ament_prefix_path.sh
[2.325s] -- Installing: /home/manasvi3/ros2_ws/install/asv_fleet/share/asv_fleet/environment/ament_prefix_path.dsv
[2.325s] -- Installing: /home/manasvi3/ros2_ws/install/asv_fleet/share/asv_fleet/environment/path.sh
[2.326s] -- Installing: /home/manasvi3/ros2_ws/install/asv_fleet/share/asv_fleet/environment/path.dsv
[2.326s] -- Installing: /home/manasvi3/ros2_ws/install/asv_fleet/share/asv_fleet/local_setup.bash
[2.326s] -- Installing: /home/manasvi3/ros2_ws/install/asv_fleet/share/asv_fleet/local_setup.sh
[2.326s] -- Installing: /home/manasvi3/ros2_ws/install/asv_fleet/share/asv_fleet/local_setup.zsh
[2.326s] -- Installing: /home/manasvi3/ros2_ws/install/asv_fleet/share/asv_fleet/local_setup.dsv
[2.326s] -- Installing: /home/manasvi3/ros2_ws/install/asv_fleet/share/asv_fleet/package.dsv
[2.327s] -- Installing: /home/manasvi3/ros2_ws/install/asv_fleet/share/ament_index/resource_index/packages/asv_fleet
[2.327s] -- Installing: /home/manasvi3/ros2_ws/install/asv_fleet/share/asv_fleet/cmake/asv_fleetConfig.cmake
[2.327s] -- Installing: /home/manasvi3/ros2_ws/install/asv_fleet/share/asv_fleet/cmake/asv_fleetConfig-version.cmake
[2.327s] -- Installing: /home/manasvi3/ros2_ws/install/asv_fleet/share/asv_fleet/package.xml
[2.329s] Invoked command in '/home/manasvi3/ros2_ws/build/asv_fleet' returned '0': CMAKE_PREFIX_PATH=/opt/ros/humble /usr/bin/cmake --install /home/manasvi3/ros2_ws/build/asv_fleet
