[0.014s] Invoking command in '/home/manasvi3/ros2_ws/build/aqua_robot_gazebo': CMAKE_PREFIX_PATH=/opt/ros/humble /usr/bin/cmake --build /home/manasvi3/ros2_ws/build/aqua_robot_gazebo -- -j14 -l14
[0.140s] -- Found ament_cmake: 1.3.14 (/opt/ros/humble/share/ament_cmake/cmake)
[0.258s] -- Found rclcpp: 16.0.19 (/opt/ros/humble/share/rclcpp/cmake)
[0.725s] -- Found rosidl_generator_c: 3.1.8 (/opt/ros/humble/share/rosidl_generator_c/cmake)
[0.730s] -- Found rosidl_adapter: 3.1.8 (/opt/ros/humble/share/rosidl_adapter/cmake)
[0.738s] -- Found rosidl_generator_cpp: 3.1.8 (/opt/ros/humble/share/rosidl_generator_cpp/cmake)
[0.750s] -- Using all available rosidl_typesupport_c: rosidl_typesupport_fastrtps_c;rosidl_typesupport_introspection_c
[0.763s] -- Using all available rosidl_typesupport_cpp: rosidl_typesupport_fastrtps_cpp;rosidl_typesupport_introspection_cpp
[0.798s] -- Found rmw_implementation_cmake: 6.1.2 (/opt/ros/humble/share/rmw_implementation_cmake/cmake)
[0.800s] -- Found rmw_fastrtps_cpp: 6.2.10 (/opt/ros/humble/share/rmw_fastrtps_cpp/cmake)
[6.036s] -- Using RMW implementation 'rmw_fastrtps_cpp' as default
[6.089s] -- Found gazebo_ros: 3.9.0 (/opt/ros/humble/share/gazebo_ros/cmake)
[6.135s] -- Found DART: /usr/include (Required is at least version "6.6") found components: dart 
[6.173s] -- Found Protobuf: /usr/lib/x86_64-linux-gnu/libprotobuf.so (found version "3.12.4") 
[6.176s] -- Looking for ignition-math6 -- found version 6.15.1
[6.184s] -- Searching for dependencies of ignition-math6
[6.187s] -- Looking for OGRE...
[6.192s] -- Found Ogre Ghadamon (1.9.0)
[6.193s] -- Found OGRE: optimized;/usr/lib/x86_64-linux-gnu/libOgreMain.so;debug;/usr/lib/x86_64-linux-gnu/libOgreMain.so
[6.199s] -- Looking for OGRE_Paging...
[6.199s] -- Found OGRE_Paging: optimized;/usr/lib/x86_64-linux-gnu/libOgrePaging.so;debug;/usr/lib/x86_64-linux-gnu/libOgrePaging.so
[6.200s] -- Looking for OGRE_Terrain...
[6.200s] -- Found OGRE_Terrain: optimized;/usr/lib/x86_64-linux-gnu/libOgreTerrain.so;debug;/usr/lib/x86_64-linux-gnu/libOgreTerrain.so
[6.200s] -- Looking for OGRE_Property...
[6.200s] -- Found OGRE_Property: optimized;/usr/lib/x86_64-linux-gnu/libOgreProperty.so;debug;/usr/lib/x86_64-linux-gnu/libOgreProperty.so
[6.200s] -- Looking for OGRE_RTShaderSystem...
[6.200s] -- Found OGRE_RTShaderSystem: optimized;/usr/lib/x86_64-linux-gnu/libOgreRTShaderSystem.so;debug;/usr/lib/x86_64-linux-gnu/libOgreRTShaderSystem.so
[6.200s] -- Looking for OGRE_Volume...
[6.201s] -- Found OGRE_Volume: optimized;/usr/lib/x86_64-linux-gnu/libOgreVolume.so;debug;/usr/lib/x86_64-linux-gnu/libOgreVolume.so
[6.201s] -- Looking for OGRE_Overlay...
[6.201s] -- Found OGRE_Overlay: optimized;/usr/lib/x86_64-linux-gnu/libOgreOverlay.so;debug;/usr/lib/x86_64-linux-gnu/libOgreOverlay.so
[21.188s] -- Looking for ignition-math6 -- found version 6.15.1
[21.190s] -- Looking for ignition-transport8 -- found version 8.2.1
[21.190s] -- Searching for dependencies of ignition-transport8
[22.328s] -- Found Protobuf: /usr/lib/x86_64-linux-gnu/libprotobuf.so (found suitable version "3.12.4", minimum required is "3") 
[23.463s] -- Config-file not installed for ZeroMQ -- checking for pkg-config
[23.466s] -- Checking for module 'libzmq >= 4'
[23.481s] --   Found libzmq , version 4.3.4
[23.508s] -- Checking for module 'uuid'
[23.518s] --   Found uuid, version 2.37.2
[23.539s] -- Looking for ignition-msgs5 -- found version 5.8.1
[23.539s] -- Searching for dependencies of ignition-msgs5
[24.774s] -- Looking for ignition-math6 -- found version 6.15.1
[24.780s] -- Checking for module 'tinyxml2'
[24.788s] --   Found tinyxml2, version 9.0.0
[24.810s] -- Looking for ignition-msgs5 -- found version 5.8.1
[24.811s] -- Looking for ignition-common3 -- found version 3.14.0
[24.811s] -- Searching for dependencies of ignition-common3
[24.811s] -- Looking for dlfcn.h - found
[24.811s] -- Looking for libdl - found
[24.882s] -- Searching for <ignition-common3> component [graphics]
[24.882s] -- Looking for ignition-common3-graphics -- found version 3.14.0
[24.883s] -- Searching for dependencies of ignition-common3-graphics
[24.883s] -- Looking for ignition-math6 -- found version 6.15.1
[24.885s] -- Looking for ignition-fuel_tools4 -- found version 4.4.0
[24.887s] -- Searching for dependencies of ignition-fuel_tools4
[27.135s] -- Checking for module 'jsoncpp'
[27.149s] --   Found jsoncpp, version 1.9.5
[27.178s] -- Checking for module 'libzip'
[27.189s] --   Found libzip, version 1.7.3
[27.207s] -- Looking for ignition-common3 -- found version 3.14.0
[27.207s] -- Looking for ignition-math6 -- found version 6.15.1
[27.207s] -- Looking for ignition-msgs5 -- found version 5.8.1
[27.210s] -- Gazebo version: 11.10
[27.212s] -- Found ament_lint_auto: 0.12.15 (/opt/ros/humble/share/ament_lint_auto/cmake)
[27.272s] -- Added test 'copyright' to check source files copyright and LICENSE
[27.276s] -- Added test 'flake8' to check Python code syntax and style conventions
[27.276s] -- Added test 'lint_cmake' to check CMake code style
[27.277s] -- Added test 'pep257' to check Python code against some of the docstring style conventions in PEP 257
[27.278s] -- Added test 'xmllint' to check XML markup files
[27.282s] -- Configuring done
[27.292s] -- Generating done
[27.294s] -- Build files have been written to: /home/manasvi3/ros2_ws/build/aqua_robot_gazebo
[27.323s] Invoked command in '/home/manasvi3/ros2_ws/build/aqua_robot_gazebo' returned '0': CMAKE_PREFIX_PATH=/opt/ros/humble /usr/bin/cmake --build /home/manasvi3/ros2_ws/build/aqua_robot_gazebo -- -j14 -l14
[27.330s] Invoking command in '/home/manasvi3/ros2_ws/build/aqua_robot_gazebo': CMAKE_PREFIX_PATH=/opt/ros/humble /usr/bin/cmake --install /home/manasvi3/ros2_ws/build/aqua_robot_gazebo
[27.334s] -- Install configuration: ""
[27.335s] -- Up-to-date: /home/manasvi3/ros2_ws/install/aqua_robot_gazebo/share/aqua_robot_gazebo/worlds
[27.335s] -- Up-to-date: /home/manasvi3/ros2_ws/install/aqua_robot_gazebo/share/aqua_robot_gazebo/worlds/lake_waste.world.save
[27.335s] -- Up-to-date: /home/manasvi3/ros2_ws/install/aqua_robot_gazebo/share/aqua_robot_gazebo/worlds/lake_waste.world
[27.336s] -- Up-to-date: /home/manasvi3/ros2_ws/install/aqua_robot_gazebo/share/aqua_robot_gazebo/worlds/lake_waste.world.backup
[27.336s] -- Up-to-date: /home/manasvi3/ros2_ws/install/aqua_robot_gazebo/share/aqua_robot_gazebo/urdf
[27.336s] -- Installing: /home/manasvi3/ros2_ws/install/aqua_robot_gazebo/share/aqua_robot_gazebo/urdf/aqua_robot.urdf
[27.337s] -- Up-to-date: /home/manasvi3/ros2_ws/install/aqua_robot_gazebo/share/aqua_robot_gazebo/launch
[27.337s] -- Up-to-date: /home/manasvi3/ros2_ws/install/aqua_robot_gazebo/share/aqua_robot_gazebo/launch/lake_simulation.launch.py
[27.337s] -- Up-to-date: /home/manasvi3/ros2_ws/install/aqua_robot_gazebo/share/aqua_robot_gazebo/launch/lake_simulation.launch.py.save
[27.337s] -- Up-to-date: /home/manasvi3/ros2_ws/install/aqua_robot_gazebo/share/aqua_robot_gazebo/config
[27.337s] -- Up-to-date: /home/manasvi3/ros2_ws/install/aqua_robot_gazebo/share/aqua_robot_gazebo/config/aqua_robot.rviz
[27.338s] -- Up-to-date: /home/manasvi3/ros2_ws/install/aqua_robot_gazebo/share/aqua_robot_gazebo/launch/lake_simulation.launch.py
[27.338s] -- Up-to-date: /home/manasvi3/ros2_ws/install/aqua_robot_gazebo/share/ament_index/resource_index/package_run_dependencies/aqua_robot_gazebo
[27.339s] -- Installing: /home/manasvi3/ros2_ws/install/aqua_robot_gazebo/share/ament_index/resource_index/parent_prefix_path/aqua_robot_gazebo
[27.339s] -- Up-to-date: /home/manasvi3/ros2_ws/install/aqua_robot_gazebo/share/aqua_robot_gazebo/environment/ament_prefix_path.sh
[27.339s] -- Installing: /home/manasvi3/ros2_ws/install/aqua_robot_gazebo/share/aqua_robot_gazebo/environment/ament_prefix_path.dsv
[27.340s] -- Up-to-date: /home/manasvi3/ros2_ws/install/aqua_robot_gazebo/share/aqua_robot_gazebo/environment/path.sh
[27.340s] -- Installing: /home/manasvi3/ros2_ws/install/aqua_robot_gazebo/share/aqua_robot_gazebo/environment/path.dsv
[27.340s] -- Up-to-date: /home/manasvi3/ros2_ws/install/aqua_robot_gazebo/share/aqua_robot_gazebo/local_setup.bash
[27.340s] -- Up-to-date: /home/manasvi3/ros2_ws/install/aqua_robot_gazebo/share/aqua_robot_gazebo/local_setup.sh
[27.340s] -- Up-to-date: /home/manasvi3/ros2_ws/install/aqua_robot_gazebo/share/aqua_robot_gazebo/local_setup.zsh
[27.340s] -- Installing: /home/manasvi3/ros2_ws/install/aqua_robot_gazebo/share/aqua_robot_gazebo/local_setup.dsv
[27.340s] -- Installing: /home/manasvi3/ros2_ws/install/aqua_robot_gazebo/share/aqua_robot_gazebo/package.dsv
[27.340s] -- Up-to-date: /home/manasvi3/ros2_ws/install/aqua_robot_gazebo/share/ament_index/resource_index/packages/aqua_robot_gazebo
[27.341s] -- Up-to-date: /home/manasvi3/ros2_ws/install/aqua_robot_gazebo/share/aqua_robot_gazebo/cmake/aqua_robot_gazeboConfig.cmake
[27.341s] -- Up-to-date: /home/manasvi3/ros2_ws/install/aqua_robot_gazebo/share/aqua_robot_gazebo/cmake/aqua_robot_gazeboConfig-version.cmake
[27.341s] -- Up-to-date: /home/manasvi3/ros2_ws/install/aqua_robot_gazebo/share/aqua_robot_gazebo/package.xml
[27.344s] Invoked command in '/home/manasvi3/ros2_ws/build/aqua_robot_gazebo' returned '0': CMAKE_PREFIX_PATH=/opt/ros/humble /usr/bin/cmake --install /home/manasvi3/ros2_ws/build/aqua_robot_gazebo
